[0.213s] DEBUG:colcon:Command line arguments: ['/usr/bin/colcon', 'build']
[0.213s] DEBUG:colcon:Parsed command line arguments: Namespace(log_base=None, log_level=None, verb_name='build', build_base='build', install_base='install', merge_install=False, symlink_install=False, test_result_base=None, continue_on_error=False, executor='parallel', parallel_workers=4, event_handlers=None, ignore_user_meta=False, metas=['./colcon.meta'], base_paths=['.'], packages_ignore=None, packages_ignore_regex=None, paths=None, packages_up_to=None, packages_up_to_regex=None, packages_above=None, packages_above_and_dependencies=None, packages_above_depth=None, packages_select_by_dep=None, packages_skip_by_dep=None, packages_skip_up_to=None, packages_select_build_failed=False, packages_skip_build_finished=False, packages_select_test_failures=False, packages_skip_test_passed=False, packages_select=None, packages_skip=None, packages_select_regex=None, packages_skip_regex=None, packages_start=None, packages_end=None, allow_overriding=[], cmake_args=None, cmake_target=None, cmake_target_skip_unavailable=False, cmake_clean_cache=False, cmake_clean_first=False, cmake_force_configure=False, ament_cmake_args=None, catkin_cmake_args=None, catkin_skip_building_tests=False, verb_parser=<colcon_defaults.argument_parser.defaults.DefaultArgumentsDecorator object at 0x7f0b92b24e90>, verb_extension=<colcon_core.verb.build.BuildVerb object at 0x7f0b92b24ce0>, main=<bound method BuildVerb.main of <colcon_core.verb.build.BuildVerb object at 0x7f0b92b24ce0>>)
[0.302s] Level 1:colcon.colcon_core.package_discovery:discover_packages(colcon_meta) check parameters
[0.302s] Level 1:colcon.colcon_core.package_discovery:discover_packages(recursive) check parameters
[0.307s] Level 1:colcon.colcon_core.package_discovery:discover_packages(ignore) check parameters
[0.312s] Level 1:colcon.colcon_core.package_discovery:discover_packages(path) check parameters
[0.319s] Level 1:colcon.colcon_core.package_discovery:discover_packages(colcon_meta) discover
[0.319s] Level 1:colcon.colcon_core.package_discovery:discover_packages(recursive) discover
[0.319s] INFO:colcon.colcon_core.package_discovery:Crawling recursively for packages in '/root/workspaces/ros2_ws'
[0.320s] Level 1:colcon.colcon_core.package_identification:_identify(.) by extensions ['ignore', 'ignore_ament_install']
[0.325s] Level 1:colcon.colcon_core.package_identification:_identify(.) by extension 'ignore'
[0.326s] Level 1:colcon.colcon_core.package_identification:_identify(.) by extension 'ignore_ament_install'
[0.326s] Level 1:colcon.colcon_core.package_identification:_identify(.) by extensions ['colcon_pkg']
[0.326s] Level 1:colcon.colcon_core.package_identification:_identify(.) by extension 'colcon_pkg'
[0.326s] Level 1:colcon.colcon_core.package_identification:_identify(.) by extensions ['colcon_meta']
[0.326s] Level 1:colcon.colcon_core.package_identification:_identify(.) by extension 'colcon_meta'
[0.326s] Level 1:colcon.colcon_core.package_identification:_identify(.) by extensions ['ros']
[0.326s] Level 1:colcon.colcon_core.package_identification:_identify(.) by extension 'ros'
[0.375s] Level 1:colcon.colcon_core.package_identification:_identify(.) by extensions ['cmake', 'python']
[0.375s] Level 1:colcon.colcon_core.package_identification:_identify(.) by extension 'cmake'
[0.375s] Level 1:colcon.colcon_core.package_identification:_identify(.) by extension 'python'
[0.375s] Level 1:colcon.colcon_core.package_identification:_identify(.) by extensions ['python_setup_py']
[0.375s] Level 1:colcon.colcon_core.package_identification:_identify(.) by extension 'python_setup_py'
[0.377s] Level 1:colcon.colcon_core.package_identification:_identify(build) by extensions ['ignore', 'ignore_ament_install']
[0.381s] Level 1:colcon.colcon_core.package_identification:_identify(build) by extension 'ignore'
[0.386s] Level 1:colcon.colcon_core.package_identification:_identify(build) ignored
[0.387s] Level 1:colcon.colcon_core.package_identification:_identify(install) by extensions ['ignore', 'ignore_ament_install']
[0.392s] Level 1:colcon.colcon_core.package_identification:_identify(install) by extension 'ignore'
[0.392s] Level 1:colcon.colcon_core.package_identification:_identify(install) ignored
[0.397s] Level 1:colcon.colcon_core.package_identification:_identify(log) by extensions ['ignore', 'ignore_ament_install']
[0.400s] Level 1:colcon.colcon_core.package_identification:_identify(log) by extension 'ignore'
[0.400s] Level 1:colcon.colcon_core.package_identification:_identify(log) ignored
[0.401s] Level 1:colcon.colcon_core.package_identification:_identify(src) by extensions ['ignore', 'ignore_ament_install']
[0.406s] Level 1:colcon.colcon_core.package_identification:_identify(src) by extension 'ignore'
[0.406s] Level 1:colcon.colcon_core.package_identification:_identify(src) by extension 'ignore_ament_install'
[0.406s] Level 1:colcon.colcon_core.package_identification:_identify(src) by extensions ['colcon_pkg']
[0.406s] Level 1:colcon.colcon_core.package_identification:_identify(src) by extension 'colcon_pkg'
[0.406s] Level 1:colcon.colcon_core.package_identification:_identify(src) by extensions ['colcon_meta']
[0.406s] Level 1:colcon.colcon_core.package_identification:_identify(src) by extension 'colcon_meta'
[0.406s] Level 1:colcon.colcon_core.package_identification:_identify(src) by extensions ['ros']
[0.406s] Level 1:colcon.colcon_core.package_identification:_identify(src) by extension 'ros'
[0.406s] Level 1:colcon.colcon_core.package_identification:_identify(src) by extensions ['cmake', 'python']
[0.406s] Level 1:colcon.colcon_core.package_identification:_identify(src) by extension 'cmake'
[0.406s] Level 1:colcon.colcon_core.package_identification:_identify(src) by extension 'python'
[0.406s] Level 1:colcon.colcon_core.package_identification:_identify(src) by extensions ['python_setup_py']
[0.406s] Level 1:colcon.colcon_core.package_identification:_identify(src) by extension 'python_setup_py'
[0.407s] Level 1:colcon.colcon_core.package_identification:_identify(src/task6-amcl-final) by extensions ['ignore', 'ignore_ament_install']
[0.411s] Level 1:colcon.colcon_core.package_identification:_identify(src/task6-amcl-final) by extension 'ignore'
[0.412s] Level 1:colcon.colcon_core.package_identification:_identify(src/task6-amcl-final) by extension 'ignore_ament_install'
[0.412s] Level 1:colcon.colcon_core.package_identification:_identify(src/task6-amcl-final) by extensions ['colcon_pkg']
[0.412s] Level 1:colcon.colcon_core.package_identification:_identify(src/task6-amcl-final) by extension 'colcon_pkg'
[0.412s] Level 1:colcon.colcon_core.package_identification:_identify(src/task6-amcl-final) by extensions ['colcon_meta']
[0.412s] Level 1:colcon.colcon_core.package_identification:_identify(src/task6-amcl-final) by extension 'colcon_meta'
[0.412s] Level 1:colcon.colcon_core.package_identification:_identify(src/task6-amcl-final) by extensions ['ros']
[0.412s] Level 1:colcon.colcon_core.package_identification:_identify(src/task6-amcl-final) by extension 'ros'
[0.412s] Level 1:colcon.colcon_core.package_identification:_identify(src/task6-amcl-final) by extensions ['cmake', 'python']
[0.412s] Level 1:colcon.colcon_core.package_identification:_identify(src/task6-amcl-final) by extension 'cmake'
[0.412s] Level 1:colcon.colcon_core.package_identification:_identify(src/task6-amcl-final) by extension 'python'
[0.412s] Level 1:colcon.colcon_core.package_identification:_identify(src/task6-amcl-final) by extensions ['python_setup_py']
[0.412s] Level 1:colcon.colcon_core.package_identification:_identify(src/task6-amcl-final) by extension 'python_setup_py'
[0.413s] Level 1:colcon.colcon_core.package_identification:_identify(src/task6-amcl-final/my_robot_description) by extensions ['ignore', 'ignore_ament_install']
[0.418s] Level 1:colcon.colcon_core.package_identification:_identify(src/task6-amcl-final/my_robot_description) by extension 'ignore'
[0.418s] Level 1:colcon.colcon_core.package_identification:_identify(src/task6-amcl-final/my_robot_description) by extension 'ignore_ament_install'
[0.418s] Level 1:colcon.colcon_core.package_identification:_identify(src/task6-amcl-final/my_robot_description) by extensions ['colcon_pkg']
[0.418s] Level 1:colcon.colcon_core.package_identification:_identify(src/task6-amcl-final/my_robot_description) by extension 'colcon_pkg'
[0.418s] Level 1:colcon.colcon_core.package_identification:_identify(src/task6-amcl-final/my_robot_description) by extensions ['colcon_meta']
[0.418s] Level 1:colcon.colcon_core.package_identification:_identify(src/task6-amcl-final/my_robot_description) by extension 'colcon_meta'
[0.418s] Level 1:colcon.colcon_core.package_identification:_identify(src/task6-amcl-final/my_robot_description) by extensions ['ros']
[0.418s] Level 1:colcon.colcon_core.package_identification:_identify(src/task6-amcl-final/my_robot_description) by extension 'ros'
[0.425s] DEBUG:colcon.colcon_core.package_identification:Package 'src/task6-amcl-final/my_robot_description' with type 'ros.ament_cmake' and name 'my_robot_description'
[0.428s] Level 1:colcon.colcon_core.package_identification:_identify(src/task6-amcl-final/robot_nav) by extensions ['ignore', 'ignore_ament_install']
[0.432s] Level 1:colcon.colcon_core.package_identification:_identify(src/task6-amcl-final/robot_nav) by extension 'ignore'
[0.432s] Level 1:colcon.colcon_core.package_identification:_identify(src/task6-amcl-final/robot_nav) by extension 'ignore_ament_install'
[0.432s] Level 1:colcon.colcon_core.package_identification:_identify(src/task6-amcl-final/robot_nav) by extensions ['colcon_pkg']
[0.432s] Level 1:colcon.colcon_core.package_identification:_identify(src/task6-amcl-final/robot_nav) by extension 'colcon_pkg'
[0.432s] Level 1:colcon.colcon_core.package_identification:_identify(src/task6-amcl-final/robot_nav) by extensions ['colcon_meta']
[0.432s] Level 1:colcon.colcon_core.package_identification:_identify(src/task6-amcl-final/robot_nav) by extension 'colcon_meta'
[0.433s] Level 1:colcon.colcon_core.package_identification:_identify(src/task6-amcl-final/robot_nav) by extensions ['ros']
[0.433s] Level 1:colcon.colcon_core.package_identification:_identify(src/task6-amcl-final/robot_nav) by extension 'ros'
[0.435s] DEBUG:colcon.colcon_core.package_identification:Package 'src/task6-amcl-final/robot_nav' with type 'ros.ament_cmake' and name 'robot_nav'
[0.439s] Level 1:colcon.colcon_core.package_identification:_identify(src/task6-amcl-final/slam_toolbox_demo) by extensions ['ignore', 'ignore_ament_install']
[0.444s] Level 1:colcon.colcon_core.package_identification:_identify(src/task6-amcl-final/slam_toolbox_demo) by extension 'ignore'
[0.444s] Level 1:colcon.colcon_core.package_identification:_identify(src/task6-amcl-final/slam_toolbox_demo) by extension 'ignore_ament_install'
[0.444s] Level 1:colcon.colcon_core.package_identification:_identify(src/task6-amcl-final/slam_toolbox_demo) by extensions ['colcon_pkg']
[0.444s] Level 1:colcon.colcon_core.package_identification:_identify(src/task6-amcl-final/slam_toolbox_demo) by extension 'colcon_pkg'
[0.444s] Level 1:colcon.colcon_core.package_identification:_identify(src/task6-amcl-final/slam_toolbox_demo) by extensions ['colcon_meta']
[0.444s] Level 1:colcon.colcon_core.package_identification:_identify(src/task6-amcl-final/slam_toolbox_demo) by extension 'colcon_meta'
[0.444s] Level 1:colcon.colcon_core.package_identification:_identify(src/task6-amcl-final/slam_toolbox_demo) by extensions ['ros']
[0.444s] Level 1:colcon.colcon_core.package_identification:_identify(src/task6-amcl-final/slam_toolbox_demo) by extension 'ros'
[0.447s] DEBUG:colcon.colcon_core.package_identification:Package 'src/task6-amcl-final/slam_toolbox_demo' with type 'ros.ament_cmake' and name 'slam_toolbox_demo'
[0.450s] Level 1:colcon.colcon_core.package_discovery:discover_packages(recursive) using defaults
[0.450s] Level 1:colcon.colcon_core.package_discovery:discover_packages(ignore) discover
[0.450s] Level 1:colcon.colcon_core.package_discovery:discover_packages(ignore) using defaults
[0.450s] Level 1:colcon.colcon_core.package_discovery:discover_packages(path) discover
[0.450s] Level 1:colcon.colcon_core.package_discovery:discover_packages(path) using defaults
[0.476s] Level 1:colcon.colcon_core.package_discovery:discover_packages(prefix_path) check parameters
[0.476s] Level 1:colcon.colcon_core.package_discovery:discover_packages(prefix_path) discover
[0.507s] DEBUG:colcon.colcon_installed_package_information.package_discovery:Found 3 installed packages in /root/workspaces/ros2_ws/install
[0.524s] DEBUG:colcon.colcon_installed_package_information.package_discovery:Found 3 installed packages in /root/workspaces/turtlebot_ws/install
[0.528s] DEBUG:colcon.colcon_installed_package_information.package_discovery:Found 453 installed packages in /opt/ros/jazzy
[0.537s] Level 1:colcon.colcon_core.package_discovery:discover_packages(prefix_path) using defaults
[0.662s] Level 5:colcon.colcon_core.verb:set package 'my_robot_description' build argument 'cmake_args' from command line to 'None'
[0.662s] Level 5:colcon.colcon_core.verb:set package 'my_robot_description' build argument 'cmake_target' from command line to 'None'
[0.668s] Level 5:colcon.colcon_core.verb:set package 'my_robot_description' build argument 'cmake_target_skip_unavailable' from command line to 'False'
[0.674s] Level 5:colcon.colcon_core.verb:set package 'my_robot_description' build argument 'cmake_clean_cache' from command line to 'False'
[0.679s] Level 5:colcon.colcon_core.verb:set package 'my_robot_description' build argument 'cmake_clean_first' from command line to 'False'
[0.683s] Level 5:colcon.colcon_core.verb:set package 'my_robot_description' build argument 'cmake_force_configure' from command line to 'False'
[0.689s] Level 5:colcon.colcon_core.verb:set package 'my_robot_description' build argument 'ament_cmake_args' from command line to 'None'
[0.694s] Level 5:colcon.colcon_core.verb:set package 'my_robot_description' build argument 'catkin_cmake_args' from command line to 'None'
[0.698s] Level 5:colcon.colcon_core.verb:set package 'my_robot_description' build argument 'catkin_skip_building_tests' from command line to 'False'
[0.704s] DEBUG:colcon.colcon_core.verb:Building package 'my_robot_description' with the following arguments: {'ament_cmake_args': None, 'build_base': '/root/workspaces/ros2_ws/build/my_robot_description', 'catkin_cmake_args': None, 'catkin_skip_building_tests': False, 'cmake_args': None, 'cmake_clean_cache': False, 'cmake_clean_first': False, 'cmake_force_configure': False, 'cmake_target': None, 'cmake_target_skip_unavailable': False, 'install_base': '/root/workspaces/ros2_ws/install/my_robot_description', 'merge_install': False, 'path': '/root/workspaces/ros2_ws/src/task6-amcl-final/my_robot_description', 'symlink_install': False, 'test_result_base': None}
[0.709s] Level 5:colcon.colcon_core.verb:set package 'robot_nav' build argument 'cmake_args' from command line to 'None'
[0.715s] Level 5:colcon.colcon_core.verb:set package 'robot_nav' build argument 'cmake_target' from command line to 'None'
[0.715s] Level 5:colcon.colcon_core.verb:set package 'robot_nav' build argument 'cmake_target_skip_unavailable' from command line to 'False'
[0.715s] Level 5:colcon.colcon_core.verb:set package 'robot_nav' build argument 'cmake_clean_cache' from command line to 'False'
[0.715s] Level 5:colcon.colcon_core.verb:set package 'robot_nav' build argument 'cmake_clean_first' from command line to 'False'
[0.715s] Level 5:colcon.colcon_core.verb:set package 'robot_nav' build argument 'cmake_force_configure' from command line to 'False'
[0.715s] Level 5:colcon.colcon_core.verb:set package 'robot_nav' build argument 'ament_cmake_args' from command line to 'None'
[0.715s] Level 5:colcon.colcon_core.verb:set package 'robot_nav' build argument 'catkin_cmake_args' from command line to 'None'
[0.715s] Level 5:colcon.colcon_core.verb:set package 'robot_nav' build argument 'catkin_skip_building_tests' from command line to 'False'
[0.715s] DEBUG:colcon.colcon_core.verb:Building package 'robot_nav' with the following arguments: {'ament_cmake_args': None, 'build_base': '/root/workspaces/ros2_ws/build/robot_nav', 'catkin_cmake_args': None, 'catkin_skip_building_tests': False, 'cmake_args': None, 'cmake_clean_cache': False, 'cmake_clean_first': False, 'cmake_force_configure': False, 'cmake_target': None, 'cmake_target_skip_unavailable': False, 'install_base': '/root/workspaces/ros2_ws/install/robot_nav', 'merge_install': False, 'path': '/root/workspaces/ros2_ws/src/task6-amcl-final/robot_nav', 'symlink_install': False, 'test_result_base': None}
[0.716s] Level 5:colcon.colcon_core.verb:set package 'slam_toolbox_demo' build argument 'cmake_args' from command line to 'None'
[0.722s] Level 5:colcon.colcon_core.verb:set package 'slam_toolbox_demo' build argument 'cmake_target' from command line to 'None'
[0.728s] Level 5:colcon.colcon_core.verb:set package 'slam_toolbox_demo' build argument 'cmake_target_skip_unavailable' from command line to 'False'
[0.733s] Level 5:colcon.colcon_core.verb:set package 'slam_toolbox_demo' build argument 'cmake_clean_cache' from command line to 'False'
[0.738s] Level 5:colcon.colcon_core.verb:set package 'slam_toolbox_demo' build argument 'cmake_clean_first' from command line to 'False'
[0.744s] Level 5:colcon.colcon_core.verb:set package 'slam_toolbox_demo' build argument 'cmake_force_configure' from command line to 'False'
[0.744s] Level 5:colcon.colcon_core.verb:set package 'slam_toolbox_demo' build argument 'ament_cmake_args' from command line to 'None'
[0.744s] Level 5:colcon.colcon_core.verb:set package 'slam_toolbox_demo' build argument 'catkin_cmake_args' from command line to 'None'
[0.744s] Level 5:colcon.colcon_core.verb:set package 'slam_toolbox_demo' build argument 'catkin_skip_building_tests' from command line to 'False'
[0.744s] DEBUG:colcon.colcon_core.verb:Building package 'slam_toolbox_demo' with the following arguments: {'ament_cmake_args': None, 'build_base': '/root/workspaces/ros2_ws/build/slam_toolbox_demo', 'catkin_cmake_args': None, 'catkin_skip_building_tests': False, 'cmake_args': None, 'cmake_clean_cache': False, 'cmake_clean_first': False, 'cmake_force_configure': False, 'cmake_target': None, 'cmake_target_skip_unavailable': False, 'install_base': '/root/workspaces/ros2_ws/install/slam_toolbox_demo', 'merge_install': False, 'path': '/root/workspaces/ros2_ws/src/task6-amcl-final/slam_toolbox_demo', 'symlink_install': False, 'test_result_base': None}
[0.744s] INFO:colcon.colcon_core.executor:Executing jobs using 'parallel' executor
[0.747s] DEBUG:colcon.colcon_parallel_executor.executor.parallel:run_until_complete
[0.751s] INFO:colcon.colcon_ros.task.ament_cmake.build:Building ROS package in '/root/workspaces/ros2_ws/src/task6-amcl-final/my_robot_description' with build type 'ament_cmake'
[0.751s] INFO:colcon.colcon_cmake.task.cmake.build:Building CMake package in '/root/workspaces/ros2_ws/src/task6-amcl-final/my_robot_description'
[0.754s] INFO:colcon.colcon_core.plugin_system:Skipping extension 'colcon_core.shell.bat': Not used on non-Windows systems
[0.759s] INFO:colcon.colcon_core.shell:Skip shell extension 'powershell' for command environment: Not usable outside of PowerShell
[0.759s] DEBUG:colcon.colcon_core.shell:Skip shell extension 'dsv' for command environment
[0.808s] INFO:colcon.colcon_ros.task.ament_cmake.build:Building ROS package in '/root/workspaces/ros2_ws/src/task6-amcl-final/robot_nav' with build type 'ament_cmake'
[0.809s] INFO:colcon.colcon_cmake.task.cmake.build:Building CMake package in '/root/workspaces/ros2_ws/src/task6-amcl-final/robot_nav'
[0.814s] INFO:colcon.colcon_core.shell:Skip shell extension 'powershell' for command environment: Not usable outside of PowerShell
[0.814s] DEBUG:colcon.colcon_core.shell:Skip shell extension 'dsv' for command environment
[0.864s] INFO:colcon.colcon_ros.task.ament_cmake.build:Building ROS package in '/root/workspaces/ros2_ws/src/task6-amcl-final/slam_toolbox_demo' with build type 'ament_cmake'
[0.864s] INFO:colcon.colcon_cmake.task.cmake.build:Building CMake package in '/root/workspaces/ros2_ws/src/task6-amcl-final/slam_toolbox_demo'
[0.864s] INFO:colcon.colcon_core.shell:Skip shell extension 'powershell' for command environment: Not usable outside of PowerShell
[0.864s] DEBUG:colcon.colcon_core.shell:Skip shell extension 'dsv' for command environment
[1.029s] DEBUG:colcon.colcon_core.event_handler.log_command:Invoking command in '/root/workspaces/ros2_ws/build/my_robot_description': CMAKE_PREFIX_PATH=${CMAKE_PREFIX_PATH}:/opt/ros/jazzy /usr/bin/cmake --build /root/workspaces/ros2_ws/build/my_robot_description -- -j4 -l4
[1.085s] DEBUG:colcon.colcon_core.event_handler.log_command:Invoking command in '/root/workspaces/ros2_ws/build/robot_nav': CMAKE_PREFIX_PATH=${CMAKE_PREFIX_PATH}:/opt/ros/jazzy /usr/bin/cmake --build /root/workspaces/ros2_ws/build/robot_nav -- -j4 -l4
[1.140s] DEBUG:colcon.colcon_core.event_handler.log_command:Invoking command in '/root/workspaces/ros2_ws/build/slam_toolbox_demo': CMAKE_PREFIX_PATH=${CMAKE_PREFIX_PATH}:/opt/ros/jazzy /usr/bin/cmake --build /root/workspaces/ros2_ws/build/slam_toolbox_demo -- -j4 -l4
[1.141s] DEBUG:colcon.colcon_core.event_handler.log_command:Invoked command in '/root/workspaces/ros2_ws/build/my_robot_description' returned '0': CMAKE_PREFIX_PATH=${CMAKE_PREFIX_PATH}:/opt/ros/jazzy /usr/bin/cmake --build /root/workspaces/ros2_ws/build/my_robot_description -- -j4 -l4
[1.141s] DEBUG:colcon.colcon_core.event_handler.log_command:Invoking command in '/root/workspaces/ros2_ws/build/my_robot_description': CMAKE_PREFIX_PATH=${CMAKE_PREFIX_PATH}:/opt/ros/jazzy /usr/bin/cmake --install /root/workspaces/ros2_ws/build/my_robot_description
[1.305s] DEBUG:colcon.colcon_core.event_handler.log_command:Invoked command in '/root/workspaces/ros2_ws/build/slam_toolbox_demo' returned '0': CMAKE_PREFIX_PATH=${CMAKE_PREFIX_PATH}:/opt/ros/jazzy /usr/bin/cmake --build /root/workspaces/ros2_ws/build/slam_toolbox_demo -- -j4 -l4
[1.306s] DEBUG:colcon.colcon_core.event_handler.log_command:Invoking command in '/root/workspaces/ros2_ws/build/slam_toolbox_demo': CMAKE_PREFIX_PATH=${CMAKE_PREFIX_PATH}:/opt/ros/jazzy /usr/bin/cmake --install /root/workspaces/ros2_ws/build/slam_toolbox_demo
[1.503s] Level 1:colcon.colcon_core.environment:create_environment_scripts_only(my_robot_description)
[1.508s] Level 1:colcon.colcon_core.environment:checking '/root/workspaces/ros2_ws/install/my_robot_description' for CMake module files
[1.512s] DEBUG:colcon.colcon_core.event_handler.log_command:Invoked command in '/root/workspaces/ros2_ws/build/my_robot_description' returned '0': CMAKE_PREFIX_PATH=${CMAKE_PREFIX_PATH}:/opt/ros/jazzy /usr/bin/cmake --install /root/workspaces/ros2_ws/build/my_robot_description
[1.514s] Level 1:colcon.colcon_core.environment:checking '/root/workspaces/ros2_ws/install/my_robot_description' for CMake config files
[1.532s] Level 1:colcon.colcon_core.shell:create_environment_hook('my_robot_description', 'cmake_prefix_path')
[1.533s] INFO:colcon.colcon_core.shell:Creating environment hook '/root/workspaces/ros2_ws/install/my_robot_description/share/my_robot_description/hook/cmake_prefix_path.ps1'
[1.553s] INFO:colcon.colcon_core.shell:Creating environment descriptor '/root/workspaces/ros2_ws/install/my_robot_description/share/my_robot_description/hook/cmake_prefix_path.dsv'
[1.570s] INFO:colcon.colcon_core.shell:Creating environment hook '/root/workspaces/ros2_ws/install/my_robot_description/share/my_robot_description/hook/cmake_prefix_path.sh'
[1.589s] Level 1:colcon.colcon_core.environment:checking '/root/workspaces/ros2_ws/install/my_robot_description/bin'
[1.591s] Level 1:colcon.colcon_core.environment:checking '/root/workspaces/ros2_ws/install/my_robot_description/lib/pkgconfig/my_robot_description.pc'
[1.596s] Level 1:colcon.colcon_core.environment:checking '/root/workspaces/ros2_ws/install/my_robot_description/lib/python3.12/site-packages'
[1.597s] Level 1:colcon.colcon_core.environment:checking '/root/workspaces/ros2_ws/install/my_robot_description/bin'
[1.597s] INFO:colcon.colcon_core.shell:Creating package script '/root/workspaces/ros2_ws/install/my_robot_description/share/my_robot_description/package.ps1'
[1.615s] INFO:colcon.colcon_core.shell:Creating package descriptor '/root/workspaces/ros2_ws/install/my_robot_description/share/my_robot_description/package.dsv'
[1.637s] INFO:colcon.colcon_core.shell:Creating package script '/root/workspaces/ros2_ws/install/my_robot_description/share/my_robot_description/package.sh'
[1.657s] INFO:colcon.colcon_core.shell:Creating package script '/root/workspaces/ros2_ws/install/my_robot_description/share/my_robot_description/package.bash'
[1.675s] INFO:colcon.colcon_core.shell:Creating package script '/root/workspaces/ros2_ws/install/my_robot_description/share/my_robot_description/package.zsh'
[1.691s] Level 1:colcon.colcon_core.environment:create_file_with_runtime_dependencies(/root/workspaces/ros2_ws/install/my_robot_description/share/colcon-core/packages/my_robot_description)
[1.711s] Level 1:colcon.colcon_core.environment:create_environment_scripts_only(my_robot_description)
[1.712s] Level 1:colcon.colcon_core.environment:checking '/root/workspaces/ros2_ws/install/my_robot_description' for CMake module files
[1.720s] Level 1:colcon.colcon_core.environment:checking '/root/workspaces/ros2_ws/install/my_robot_description' for CMake config files
[1.733s] Level 1:colcon.colcon_core.shell:create_environment_hook('my_robot_description', 'cmake_prefix_path')
[1.733s] INFO:colcon.colcon_core.shell:Creating environment hook '/root/workspaces/ros2_ws/install/my_robot_description/share/my_robot_description/hook/cmake_prefix_path.ps1'
[1.757s] INFO:colcon.colcon_core.shell:Creating environment descriptor '/root/workspaces/ros2_ws/install/my_robot_description/share/my_robot_description/hook/cmake_prefix_path.dsv'
[1.773s] INFO:colcon.colcon_core.shell:Creating environment hook '/root/workspaces/ros2_ws/install/my_robot_description/share/my_robot_description/hook/cmake_prefix_path.sh'
[1.791s] Level 1:colcon.colcon_core.environment:checking '/root/workspaces/ros2_ws/install/my_robot_description/bin'
[1.791s] Level 1:colcon.colcon_core.environment:checking '/root/workspaces/ros2_ws/install/my_robot_description/lib/pkgconfig/my_robot_description.pc'
[1.791s] Level 1:colcon.colcon_core.environment:checking '/root/workspaces/ros2_ws/install/my_robot_description/lib/python3.12/site-packages'
[1.792s] Level 1:colcon.colcon_core.environment:checking '/root/workspaces/ros2_ws/install/my_robot_description/bin'
[1.792s] INFO:colcon.colcon_core.shell:Creating package script '/root/workspaces/ros2_ws/install/my_robot_description/share/my_robot_description/package.ps1'
[1.809s] INFO:colcon.colcon_core.shell:Creating package descriptor '/root/workspaces/ros2_ws/install/my_robot_description/share/my_robot_description/package.dsv'
[1.831s] INFO:colcon.colcon_core.shell:Creating package script '/root/workspaces/ros2_ws/install/my_robot_description/share/my_robot_description/package.sh'
[1.850s] INFO:colcon.colcon_core.shell:Creating package script '/root/workspaces/ros2_ws/install/my_robot_description/share/my_robot_description/package.bash'
[1.868s] INFO:colcon.colcon_core.shell:Creating package script '/root/workspaces/ros2_ws/install/my_robot_description/share/my_robot_description/package.zsh'
[1.886s] Level 1:colcon.colcon_core.environment:create_file_with_runtime_dependencies(/root/workspaces/ros2_ws/install/my_robot_description/share/colcon-core/packages/my_robot_description)
[1.904s] Level 1:colcon.colcon_core.environment:create_environment_scripts_only(slam_toolbox_demo)
[1.904s] Level 1:colcon.colcon_core.environment:checking '/root/workspaces/ros2_ws/install/slam_toolbox_demo' for CMake module files
[1.910s] Level 1:colcon.colcon_core.environment:checking '/root/workspaces/ros2_ws/install/slam_toolbox_demo' for CMake config files
[1.932s] Level 1:colcon.colcon_core.shell:create_environment_hook('slam_toolbox_demo', 'cmake_prefix_path')
[1.932s] INFO:colcon.colcon_core.shell:Creating environment hook '/root/workspaces/ros2_ws/install/slam_toolbox_demo/share/slam_toolbox_demo/hook/cmake_prefix_path.ps1'
[1.933s] DEBUG:colcon.colcon_core.event_handler.log_command:Invoked command in '/root/workspaces/ros2_ws/build/slam_toolbox_demo' returned '0': CMAKE_PREFIX_PATH=${CMAKE_PREFIX_PATH}:/opt/ros/jazzy /usr/bin/cmake --install /root/workspaces/ros2_ws/build/slam_toolbox_demo
[1.950s] INFO:colcon.colcon_core.shell:Creating environment descriptor '/root/workspaces/ros2_ws/install/slam_toolbox_demo/share/slam_toolbox_demo/hook/cmake_prefix_path.dsv'
[1.965s] INFO:colcon.colcon_core.shell:Creating environment hook '/root/workspaces/ros2_ws/install/slam_toolbox_demo/share/slam_toolbox_demo/hook/cmake_prefix_path.sh'
[1.983s] Level 1:colcon.colcon_core.environment:checking '/root/workspaces/ros2_ws/install/slam_toolbox_demo/bin'
[1.983s] Level 1:colcon.colcon_core.environment:checking '/root/workspaces/ros2_ws/install/slam_toolbox_demo/lib/pkgconfig/slam_toolbox_demo.pc'
[1.983s] Level 1:colcon.colcon_core.environment:checking '/root/workspaces/ros2_ws/install/slam_toolbox_demo/lib/python3.12/site-packages'
[1.989s] Level 1:colcon.colcon_core.environment:checking '/root/workspaces/ros2_ws/install/slam_toolbox_demo/bin'
[1.989s] INFO:colcon.colcon_core.shell:Creating package script '/root/workspaces/ros2_ws/install/slam_toolbox_demo/share/slam_toolbox_demo/package.ps1'
[2.008s] INFO:colcon.colcon_core.shell:Creating package descriptor '/root/workspaces/ros2_ws/install/slam_toolbox_demo/share/slam_toolbox_demo/package.dsv'
[2.028s] INFO:colcon.colcon_core.shell:Creating package script '/root/workspaces/ros2_ws/install/slam_toolbox_demo/share/slam_toolbox_demo/package.sh'
[2.045s] INFO:colcon.colcon_core.shell:Creating package script '/root/workspaces/ros2_ws/install/slam_toolbox_demo/share/slam_toolbox_demo/package.bash'
[2.063s] INFO:colcon.colcon_core.shell:Creating package script '/root/workspaces/ros2_ws/install/slam_toolbox_demo/share/slam_toolbox_demo/package.zsh'
[2.079s] Level 1:colcon.colcon_core.environment:create_file_with_runtime_dependencies(/root/workspaces/ros2_ws/install/slam_toolbox_demo/share/colcon-core/packages/slam_toolbox_demo)
[2.087s] Level 1:colcon.colcon_core.environment:create_environment_scripts_only(slam_toolbox_demo)
[2.088s] Level 1:colcon.colcon_core.environment:checking '/root/workspaces/ros2_ws/install/slam_toolbox_demo' for CMake module files
[2.099s] Level 1:colcon.colcon_core.environment:checking '/root/workspaces/ros2_ws/install/slam_toolbox_demo' for CMake config files
[2.110s] Level 1:colcon.colcon_core.shell:create_environment_hook('slam_toolbox_demo', 'cmake_prefix_path')
[2.110s] INFO:colcon.colcon_core.shell:Creating environment hook '/root/workspaces/ros2_ws/install/slam_toolbox_demo/share/slam_toolbox_demo/hook/cmake_prefix_path.ps1'
[2.127s] INFO:colcon.colcon_core.shell:Creating environment descriptor '/root/workspaces/ros2_ws/install/slam_toolbox_demo/share/slam_toolbox_demo/hook/cmake_prefix_path.dsv'
[2.144s] INFO:colcon.colcon_core.shell:Creating environment hook '/root/workspaces/ros2_ws/install/slam_toolbox_demo/share/slam_toolbox_demo/hook/cmake_prefix_path.sh'
[2.162s] Level 1:colcon.colcon_core.environment:checking '/root/workspaces/ros2_ws/install/slam_toolbox_demo/bin'
[2.162s] Level 1:colcon.colcon_core.environment:checking '/root/workspaces/ros2_ws/install/slam_toolbox_demo/lib/pkgconfig/slam_toolbox_demo.pc'
[2.162s] Level 1:colcon.colcon_core.environment:checking '/root/workspaces/ros2_ws/install/slam_toolbox_demo/lib/python3.12/site-packages'
[2.163s] Level 1:colcon.colcon_core.environment:checking '/root/workspaces/ros2_ws/install/slam_toolbox_demo/bin'
[2.168s] INFO:colcon.colcon_core.shell:Creating package script '/root/workspaces/ros2_ws/install/slam_toolbox_demo/share/slam_toolbox_demo/package.ps1'
[2.186s] INFO:colcon.colcon_core.shell:Creating package descriptor '/root/workspaces/ros2_ws/install/slam_toolbox_demo/share/slam_toolbox_demo/package.dsv'
[2.202s] INFO:colcon.colcon_core.shell:Creating package script '/root/workspaces/ros2_ws/install/slam_toolbox_demo/share/slam_toolbox_demo/package.sh'
[2.219s] INFO:colcon.colcon_core.shell:Creating package script '/root/workspaces/ros2_ws/install/slam_toolbox_demo/share/slam_toolbox_demo/package.bash'
[2.236s] INFO:colcon.colcon_core.shell:Creating package script '/root/workspaces/ros2_ws/install/slam_toolbox_demo/share/slam_toolbox_demo/package.zsh'
[2.254s] Level 1:colcon.colcon_core.environment:create_file_with_runtime_dependencies(/root/workspaces/ros2_ws/install/slam_toolbox_demo/share/colcon-core/packages/slam_toolbox_demo)
[3.214s] DEBUG:colcon.colcon_core.event_handler.log_command:Invoked command in '/root/workspaces/ros2_ws/build/robot_nav' returned '0': CMAKE_PREFIX_PATH=${CMAKE_PREFIX_PATH}:/opt/ros/jazzy /usr/bin/cmake --build /root/workspaces/ros2_ws/build/robot_nav -- -j4 -l4
[3.229s] DEBUG:colcon.colcon_core.event_handler.log_command:Invoking command in '/root/workspaces/ros2_ws/build/robot_nav': CMAKE_PREFIX_PATH=${CMAKE_PREFIX_PATH}:/opt/ros/jazzy /usr/bin/cmake --install /root/workspaces/ros2_ws/build/robot_nav
[3.643s] Level 1:colcon.colcon_core.environment:create_environment_scripts_only(robot_nav)
[3.643s] Level 1:colcon.colcon_core.environment:checking '/root/workspaces/ros2_ws/install/robot_nav' for CMake module files
[3.648s] Level 1:colcon.colcon_core.environment:checking '/root/workspaces/ros2_ws/install/robot_nav' for CMake config files
[3.659s] DEBUG:colcon.colcon_core.event_handler.log_command:Invoked command in '/root/workspaces/ros2_ws/build/robot_nav' returned '0': CMAKE_PREFIX_PATH=${CMAKE_PREFIX_PATH}:/opt/ros/jazzy /usr/bin/cmake --install /root/workspaces/ros2_ws/build/robot_nav
[3.661s] Level 1:colcon.colcon_core.shell:create_environment_hook('robot_nav', 'cmake_prefix_path')
[3.662s] INFO:colcon.colcon_core.shell:Creating environment hook '/root/workspaces/ros2_ws/install/robot_nav/share/robot_nav/hook/cmake_prefix_path.ps1'
[3.681s] INFO:colcon.colcon_core.shell:Creating environment descriptor '/root/workspaces/ros2_ws/install/robot_nav/share/robot_nav/hook/cmake_prefix_path.dsv'
[3.702s] INFO:colcon.colcon_core.shell:Creating environment hook '/root/workspaces/ros2_ws/install/robot_nav/share/robot_nav/hook/cmake_prefix_path.sh'
[3.722s] Level 1:colcon.colcon_core.environment:checking '/root/workspaces/ros2_ws/install/robot_nav/bin'
[3.722s] Level 1:colcon.colcon_core.environment:checking '/root/workspaces/ros2_ws/install/robot_nav/lib/pkgconfig/robot_nav.pc'
[3.723s] Level 1:colcon.colcon_core.environment:checking '/root/workspaces/ros2_ws/install/robot_nav/lib/python3.12/site-packages'
[3.728s] Level 1:colcon.colcon_core.environment:checking '/root/workspaces/ros2_ws/install/robot_nav/bin'
[3.728s] INFO:colcon.colcon_core.shell:Creating package script '/root/workspaces/ros2_ws/install/robot_nav/share/robot_nav/package.ps1'
[3.747s] INFO:colcon.colcon_core.shell:Creating package descriptor '/root/workspaces/ros2_ws/install/robot_nav/share/robot_nav/package.dsv'
[3.764s] INFO:colcon.colcon_core.shell:Creating package script '/root/workspaces/ros2_ws/install/robot_nav/share/robot_nav/package.sh'
[3.782s] INFO:colcon.colcon_core.shell:Creating package script '/root/workspaces/ros2_ws/install/robot_nav/share/robot_nav/package.bash'
[3.798s] INFO:colcon.colcon_core.shell:Creating package script '/root/workspaces/ros2_ws/install/robot_nav/share/robot_nav/package.zsh'
[3.814s] Level 1:colcon.colcon_core.environment:create_file_with_runtime_dependencies(/root/workspaces/ros2_ws/install/robot_nav/share/colcon-core/packages/robot_nav)
[3.823s] Level 1:colcon.colcon_core.environment:create_environment_scripts_only(robot_nav)
[3.823s] Level 1:colcon.colcon_core.environment:checking '/root/workspaces/ros2_ws/install/robot_nav' for CMake module files
[3.831s] Level 1:colcon.colcon_core.environment:checking '/root/workspaces/ros2_ws/install/robot_nav' for CMake config files
[3.846s] Level 1:colcon.colcon_core.shell:create_environment_hook('robot_nav', 'cmake_prefix_path')
[3.846s] INFO:colcon.colcon_core.shell:Creating environment hook '/root/workspaces/ros2_ws/install/robot_nav/share/robot_nav/hook/cmake_prefix_path.ps1'
[3.863s] INFO:colcon.colcon_core.shell:Creating environment descriptor '/root/workspaces/ros2_ws/install/robot_nav/share/robot_nav/hook/cmake_prefix_path.dsv'
[3.881s] INFO:colcon.colcon_core.shell:Creating environment hook '/root/workspaces/ros2_ws/install/robot_nav/share/robot_nav/hook/cmake_prefix_path.sh'
[3.900s] Level 1:colcon.colcon_core.environment:checking '/root/workspaces/ros2_ws/install/robot_nav/bin'
[3.900s] Level 1:colcon.colcon_core.environment:checking '/root/workspaces/ros2_ws/install/robot_nav/lib/pkgconfig/robot_nav.pc'
[3.900s] Level 1:colcon.colcon_core.environment:checking '/root/workspaces/ros2_ws/install/robot_nav/lib/python3.12/site-packages'
[3.901s] Level 1:colcon.colcon_core.environment:checking '/root/workspaces/ros2_ws/install/robot_nav/bin'
[3.901s] INFO:colcon.colcon_core.shell:Creating package script '/root/workspaces/ros2_ws/install/robot_nav/share/robot_nav/package.ps1'
[3.919s] INFO:colcon.colcon_core.shell:Creating package descriptor '/root/workspaces/ros2_ws/install/robot_nav/share/robot_nav/package.dsv'
[3.937s] INFO:colcon.colcon_core.shell:Creating package script '/root/workspaces/ros2_ws/install/robot_nav/share/robot_nav/package.sh'
[3.955s] INFO:colcon.colcon_core.shell:Creating package script '/root/workspaces/ros2_ws/install/robot_nav/share/robot_nav/package.bash'
[3.971s] INFO:colcon.colcon_core.shell:Creating package script '/root/workspaces/ros2_ws/install/robot_nav/share/robot_nav/package.zsh'
[3.987s] Level 1:colcon.colcon_core.environment:create_file_with_runtime_dependencies(/root/workspaces/ros2_ws/install/robot_nav/share/colcon-core/packages/robot_nav)
[3.991s] DEBUG:colcon.colcon_parallel_executor.executor.parallel:closing loop
[3.992s] DEBUG:colcon.colcon_parallel_executor.executor.parallel:loop closed
[3.992s] DEBUG:colcon.colcon_parallel_executor.executor.parallel:run_until_complete finished with '0'
[3.992s] DEBUG:colcon.colcon_core.event_reactor:joining thread
[4.027s] INFO:colcon.colcon_core.plugin_system:Skipping extension 'colcon_notification.desktop_notification.notify_send': Could not find 'notify-send'
[4.027s] INFO:colcon.colcon_core.plugin_system:Skipping extension 'colcon_notification.desktop_notification.terminal_notifier': Not used on non-Darwin systems
[4.032s] INFO:colcon.colcon_core.plugin_system:Skipping extension 'colcon_notification.desktop_notification.win32': Not used on non-Windows systems
[4.032s] INFO:colcon.colcon_notification.desktop_notification:Sending desktop notification using 'notify2'
[4.041s] DEBUG:colcon.colcon_notification.desktop_notification.notify2:Failed to initialize notify2: org.freedesktop.DBus.Error.Spawn.ExecFailed: /usr/bin/dbus-launch terminated abnormally without any error message
[4.042s] DEBUG:colcon.colcon_core.event_reactor:joined thread
[4.047s] INFO:colcon.colcon_core.shell:Creating prefix script '/root/workspaces/ros2_ws/install/local_setup.ps1'
[4.067s] INFO:colcon.colcon_core.shell:Creating prefix util module '/root/workspaces/ros2_ws/install/_local_setup_util_ps1.py'
[4.087s] INFO:colcon.colcon_core.shell:Creating prefix chain script '/root/workspaces/ros2_ws/install/setup.ps1'
[4.121s] INFO:colcon.colcon_core.shell:Creating prefix script '/root/workspaces/ros2_ws/install/local_setup.sh'
[4.140s] INFO:colcon.colcon_core.shell:Creating prefix util module '/root/workspaces/ros2_ws/install/_local_setup_util_sh.py'
[4.160s] INFO:colcon.colcon_core.shell:Creating prefix chain script '/root/workspaces/ros2_ws/install/setup.sh'
[4.195s] INFO:colcon.colcon_core.shell:Creating prefix script '/root/workspaces/ros2_ws/install/local_setup.bash'
[4.212s] INFO:colcon.colcon_core.shell:Creating prefix chain script '/root/workspaces/ros2_ws/install/setup.bash'
[4.259s] INFO:colcon.colcon_core.shell:Creating prefix script '/root/workspaces/ros2_ws/install/local_setup.zsh'
[4.279s] INFO:colcon.colcon_core.shell:Creating prefix chain script '/root/workspaces/ros2_ws/install/setup.zsh'
