[0.278s] Invoking command in '/root/workspaces/ros2_ws/build/robot_nav': CMAKE_PREFIX_PATH=${CMAKE_PREFIX_PATH}:/opt/ros/jazzy /usr/bin/cmake --build /root/workspaces/ros2_ws/build/robot_nav -- -j4 -l4
[0.413s] Invoked command in '/root/workspaces/ros2_ws/build/robot_nav' returned '0': CMAKE_PREFIX_PATH=${CMAKE_PREFIX_PATH}:/opt/ros/jazzy /usr/bin/cmake --build /root/workspaces/ros2_ws/build/robot_nav -- -j4 -l4
[0.424s] Invoking command in '/root/workspaces/ros2_ws/build/robot_nav': CMAKE_PREFIX_PATH=${CMAKE_PREFIX_PATH}:/opt/ros/jazzy /usr/bin/cmake --install /root/workspaces/ros2_ws/build/robot_nav
[0.502s] -- Install configuration: ""
[0.503s] -- Up-to-date: /root/workspaces/ros2_ws/install/robot_nav/share/robot_nav/launch
[0.513s] -- Up-to-date: /root/workspaces/ros2_ws/install/robot_nav/share/robot_nav/launch/amcl.launch.py
[0.524s] -- Installing: /root/workspaces/ros2_ws/install/robot_nav/share/robot_nav/launch/nav2_bringup.launch.py
[0.564s] -- Up-to-date: /root/workspaces/ros2_ws/install/robot_nav/share/robot_nav/config
[0.565s] -- Up-to-date: /root/workspaces/ros2_ws/install/robot_nav/share/robot_nav/config/global_costmap.yaml
[0.594s] -- Up-to-date: /root/workspaces/ros2_ws/install/robot_nav/share/robot_nav/config/local_costmap.yaml
[0.594s] -- Up-to-date: /root/workspaces/ros2_ws/install/robot_nav/share/robot_nav/config/amcl.yaml
[0.609s] -- Up-to-date: /root/workspaces/ros2_ws/install/robot_nav/share/robot_nav/config/bt_navigator.yaml
[0.610s] -- Up-to-date: /root/workspaces/ros2_ws/install/robot_nav/share/robot_nav/config/controller_server.yaml
[0.615s] -- Up-to-date: /root/workspaces/ros2_ws/install/robot_nav/share/robot_nav/config/behavior_server.yaml
[0.615s] -- Up-to-date: /root/workspaces/ros2_ws/install/robot_nav/share/robot_nav/config/planner_server.yaml
[0.646s] -- Up-to-date: /root/workspaces/ros2_ws/install/robot_nav/share/robot_nav/map
[0.647s] -- Up-to-date: /root/workspaces/ros2_ws/install/robot_nav/share/robot_nav/map/turtlebot3_world_map.pgm
[0.647s] -- Up-to-date: /root/workspaces/ros2_ws/install/robot_nav/share/robot_nav/map/turtlebot3_world_map.yaml
[0.647s] -- Up-to-date: /root/workspaces/ros2_ws/install/robot_nav/share/ament_index/resource_index/package_run_dependencies/robot_nav
[0.652s] -- Up-to-date: /root/workspaces/ros2_ws/install/robot_nav/share/ament_index/resource_index/parent_prefix_path/robot_nav
[0.658s] -- Up-to-date: /root/workspaces/ros2_ws/install/robot_nav/share/robot_nav/environment/ament_prefix_path.sh
[0.663s] -- Up-to-date: /root/workspaces/ros2_ws/install/robot_nav/share/robot_nav/environment/ament_prefix_path.dsv
[0.679s] -- Up-to-date: /root/workspaces/ros2_ws/install/robot_nav/share/robot_nav/environment/path.sh
[0.689s] -- Up-to-date: /root/workspaces/ros2_ws/install/robot_nav/share/robot_nav/environment/path.dsv
[0.689s] -- Up-to-date: /root/workspaces/ros2_ws/install/robot_nav/share/robot_nav/local_setup.bash
[0.689s] -- Up-to-date: /root/workspaces/ros2_ws/install/robot_nav/share/robot_nav/local_setup.sh
[0.690s] -- Up-to-date: /root/workspaces/ros2_ws/install/robot_nav/share/robot_nav/local_setup.zsh
[0.694s] -- Up-to-date: /root/workspaces/ros2_ws/install/robot_nav/share/robot_nav/local_setup.dsv
[0.699s] -- Installing: /root/workspaces/ros2_ws/install/robot_nav/share/robot_nav/package.dsv
[0.753s] -- Up-to-date: /root/workspaces/ros2_ws/install/robot_nav/share/ament_index/resource_index/packages/robot_nav
[0.761s] -- Up-to-date: /root/workspaces/ros2_ws/install/robot_nav/share/robot_nav/cmake/robot_navConfig.cmake
[0.764s] -- Up-to-date: /root/workspaces/ros2_ws/install/robot_nav/share/robot_nav/cmake/robot_navConfig-version.cmake
[0.782s] -- Up-to-date: /root/workspaces/ros2_ws/install/robot_nav/share/robot_nav/package.xml
[1.550s] Invoked command in '/root/workspaces/ros2_ws/build/robot_nav' returned '0': CMAKE_PREFIX_PATH=${CMAKE_PREFIX_PATH}:/opt/ros/jazzy /usr/bin/cmake --install /root/workspaces/ros2_ws/build/robot_nav
