[0.275s] Invoking command in '/root/workspaces/ros2_ws/build/slam_toolbox_demo': CMAKE_PREFIX_PATH=${CMAKE_PREFIX_PATH}:/opt/ros/jazzy /usr/bin/cmake --build /root/workspaces/ros2_ws/build/slam_toolbox_demo -- -j4 -l4
[0.441s] Invoked command in '/root/workspaces/ros2_ws/build/slam_toolbox_demo' returned '0': CMAKE_PREFIX_PATH=${CMAKE_PREFIX_PATH}:/opt/ros/jazzy /usr/bin/cmake --build /root/workspaces/ros2_ws/build/slam_toolbox_demo -- -j4 -l4
[0.441s] Invoking command in '/root/workspaces/ros2_ws/build/slam_toolbox_demo': CMAKE_PREFIX_PATH=${CMAKE_PREFIX_PATH}:/opt/ros/jazzy /usr/bin/cmake --install /root/workspaces/ros2_ws/build/slam_toolbox_demo
[0.530s] -- Install configuration: ""
[0.530s] -- Up-to-date: /root/workspaces/ros2_ws/install/slam_toolbox_demo/share/slam_toolbox_demo/launch
[0.588s] -- Up-to-date: /root/workspaces/ros2_ws/install/slam_toolbox_demo/share/slam_toolbox_demo/launch/slam_toolbox_online_async.launch.py
[0.588s] -- Up-to-date: /root/workspaces/ros2_ws/install/slam_toolbox_demo/share/slam_toolbox_demo/launch/localization.launch.py
[0.588s] -- Up-to-date: /root/workspaces/ros2_ws/install/slam_toolbox_demo/share/slam_toolbox_demo/config
[0.588s] -- Up-to-date: /root/workspaces/ros2_ws/install/slam_toolbox_demo/share/slam_toolbox_demo/config/slam_toolbox_localization.yaml
[0.589s] -- Up-to-date: /root/workspaces/ros2_ws/install/slam_toolbox_demo/share/slam_toolbox_demo/config/slam_toolbox_online_async.yaml
[0.589s] -- Up-to-date: /root/workspaces/ros2_ws/install/slam_toolbox_demo/share/slam_toolbox_demo/map
[0.589s] -- Up-to-date: /root/workspaces/ros2_ws/install/slam_toolbox_demo/share/slam_toolbox_demo/map/turtlebot3_world_map.pgm
[0.589s] -- Up-to-date: /root/workspaces/ros2_ws/install/slam_toolbox_demo/share/slam_toolbox_demo/map/turtlebot3_world_map.yaml
[0.589s] -- Up-to-date: /root/workspaces/ros2_ws/install/slam_toolbox_demo/share/slam_toolbox_demo/posegraph
[0.589s] -- Up-to-date: /root/workspaces/ros2_ws/install/slam_toolbox_demo/share/slam_toolbox_demo/posegraph/turtlebot3_world.posegraph
[0.589s] -- Up-to-date: /root/workspaces/ros2_ws/install/slam_toolbox_demo/share/slam_toolbox_demo/posegraph/turtlebot3_world.data
[0.589s] -- Up-to-date: /root/workspaces/ros2_ws/install/slam_toolbox_demo/share/ament_index/resource_index/package_run_dependencies/slam_toolbox_demo
[0.589s] -- Up-to-date: /root/workspaces/ros2_ws/install/slam_toolbox_demo/share/ament_index/resource_index/parent_prefix_path/slam_toolbox_demo
[0.589s] -- Up-to-date: /root/workspaces/ros2_ws/install/slam_toolbox_demo/share/slam_toolbox_demo/environment/ament_prefix_path.sh
[0.589s] -- Up-to-date: /root/workspaces/ros2_ws/install/slam_toolbox_demo/share/slam_toolbox_demo/environment/ament_prefix_path.dsv
[0.591s] -- Up-to-date: /root/workspaces/ros2_ws/install/slam_toolbox_demo/share/slam_toolbox_demo/environment/path.sh
[0.596s] -- Up-to-date: /root/workspaces/ros2_ws/install/slam_toolbox_demo/share/slam_toolbox_demo/environment/path.dsv
[0.600s] -- Up-to-date: /root/workspaces/ros2_ws/install/slam_toolbox_demo/share/slam_toolbox_demo/local_setup.bash
[0.605s] -- Up-to-date: /root/workspaces/ros2_ws/install/slam_toolbox_demo/share/slam_toolbox_demo/local_setup.sh
[0.644s] -- Up-to-date: /root/workspaces/ros2_ws/install/slam_toolbox_demo/share/slam_toolbox_demo/local_setup.zsh
[0.647s] -- Up-to-date: /root/workspaces/ros2_ws/install/slam_toolbox_demo/share/slam_toolbox_demo/local_setup.dsv
[0.647s] -- Installing: /root/workspaces/ros2_ws/install/slam_toolbox_demo/share/slam_toolbox_demo/package.dsv
[0.685s] -- Up-to-date: /root/workspaces/ros2_ws/install/slam_toolbox_demo/share/ament_index/resource_index/packages/slam_toolbox_demo
[0.699s] -- Up-to-date: /root/workspaces/ros2_ws/install/slam_toolbox_demo/share/slam_toolbox_demo/cmake/slam_toolbox_demoConfig.cmake
[0.699s] -- Up-to-date: /root/workspaces/ros2_ws/install/slam_toolbox_demo/share/slam_toolbox_demo/cmake/slam_toolbox_demoConfig-version.cmake
[0.699s] -- Up-to-date: /root/workspaces/ros2_ws/install/slam_toolbox_demo/share/slam_toolbox_demo/package.xml
[1.068s] Invoked command in '/root/workspaces/ros2_ws/build/slam_toolbox_demo' returned '0': CMAKE_PREFIX_PATH=${CMAKE_PREFIX_PATH}:/opt/ros/jazzy /usr/bin/cmake --install /root/workspaces/ros2_ws/build/slam_toolbox_demo
