[0.288s] Invoking command in '/root/workspaces/ros2_ws/build/slam_toolbox_demo': CMAKE_PREFIX_PATH=${CMAKE_PREFIX_PATH}:/opt/ros/jazzy /usr/bin/cmake --build /root/workspaces/ros2_ws/build/slam_toolbox_demo -- -j4 -l4
[0.456s] Invoked command in '/root/workspaces/ros2_ws/build/slam_toolbox_demo' returned '0': CMAKE_PREFIX_PATH=${CMAKE_PREFIX_PATH}:/opt/ros/jazzy /usr/bin/cmake --build /root/workspaces/ros2_ws/build/slam_toolbox_demo -- -j4 -l4
[0.470s] Invoking command in '/root/workspaces/ros2_ws/build/slam_toolbox_demo': CMAKE_PREFIX_PATH=${CMAKE_PREFIX_PATH}:/opt/ros/jazzy /usr/bin/cmake --install /root/workspaces/ros2_ws/build/slam_toolbox_demo
[0.507s] -- Install configuration: ""
[0.507s] -- Up-to-date: /root/workspaces/ros2_ws/install/slam_toolbox_demo/share/slam_toolbox_demo/launch
[0.522s] -- Up-to-date: /root/workspaces/ros2_ws/install/slam_toolbox_demo/share/slam_toolbox_demo/launch/slam_toolbox_online_async.launch.py
[0.536s] -- Up-to-date: /root/workspaces/ros2_ws/install/slam_toolbox_demo/share/slam_toolbox_demo/launch/localization.launch.py
[0.547s] -- Up-to-date: /root/workspaces/ros2_ws/install/slam_toolbox_demo/share/slam_toolbox_demo/config
[0.552s] -- Up-to-date: /root/workspaces/ros2_ws/install/slam_toolbox_demo/share/slam_toolbox_demo/config/slam_toolbox_localization.yaml
[0.552s] -- Up-to-date: /root/workspaces/ros2_ws/install/slam_toolbox_demo/share/slam_toolbox_demo/config/slam_toolbox_online_async.yaml
[0.552s] -- Up-to-date: /root/workspaces/ros2_ws/install/slam_toolbox_demo/share/slam_toolbox_demo/map
[0.557s] -- Up-to-date: /root/workspaces/ros2_ws/install/slam_toolbox_demo/share/slam_toolbox_demo/map/turtlebot3_world_map.pgm
[0.569s] -- Up-to-date: /root/workspaces/ros2_ws/install/slam_toolbox_demo/share/slam_toolbox_demo/map/turtlebot3_world_map.yaml
[0.589s] -- Up-to-date: /root/workspaces/ros2_ws/install/slam_toolbox_demo/share/slam_toolbox_demo/posegraph
[0.589s] -- Up-to-date: /root/workspaces/ros2_ws/install/slam_toolbox_demo/share/slam_toolbox_demo/posegraph/turtlebot3_world.posegraph
[0.589s] -- Up-to-date: /root/workspaces/ros2_ws/install/slam_toolbox_demo/share/slam_toolbox_demo/posegraph/turtlebot3_world.data
[0.589s] -- Up-to-date: /root/workspaces/ros2_ws/install/slam_toolbox_demo/share/ament_index/resource_index/package_run_dependencies/slam_toolbox_demo
[0.592s] -- Up-to-date: /root/workspaces/ros2_ws/install/slam_toolbox_demo/share/ament_index/resource_index/parent_prefix_path/slam_toolbox_demo
[0.597s] -- Up-to-date: /root/workspaces/ros2_ws/install/slam_toolbox_demo/share/slam_toolbox_demo/environment/ament_prefix_path.sh
[0.603s] -- Up-to-date: /root/workspaces/ros2_ws/install/slam_toolbox_demo/share/slam_toolbox_demo/environment/ament_prefix_path.dsv
[0.611s] -- Up-to-date: /root/workspaces/ros2_ws/install/slam_toolbox_demo/share/slam_toolbox_demo/environment/path.sh
[0.631s] -- Up-to-date: /root/workspaces/ros2_ws/install/slam_toolbox_demo/share/slam_toolbox_demo/environment/path.dsv
[0.631s] -- Up-to-date: /root/workspaces/ros2_ws/install/slam_toolbox_demo/share/slam_toolbox_demo/local_setup.bash
[0.632s] -- Up-to-date: /root/workspaces/ros2_ws/install/slam_toolbox_demo/share/slam_toolbox_demo/local_setup.sh
[0.632s] -- Up-to-date: /root/workspaces/ros2_ws/install/slam_toolbox_demo/share/slam_toolbox_demo/local_setup.zsh
[0.634s] -- Up-to-date: /root/workspaces/ros2_ws/install/slam_toolbox_demo/share/slam_toolbox_demo/local_setup.dsv
[0.639s] -- Installing: /root/workspaces/ros2_ws/install/slam_toolbox_demo/share/slam_toolbox_demo/package.dsv
[0.690s] -- Up-to-date: /root/workspaces/ros2_ws/install/slam_toolbox_demo/share/ament_index/resource_index/packages/slam_toolbox_demo
[0.695s] -- Up-to-date: /root/workspaces/ros2_ws/install/slam_toolbox_demo/share/slam_toolbox_demo/cmake/slam_toolbox_demoConfig.cmake
[0.704s] -- Up-to-date: /root/workspaces/ros2_ws/install/slam_toolbox_demo/share/slam_toolbox_demo/cmake/slam_toolbox_demoConfig-version.cmake
[0.714s] -- Up-to-date: /root/workspaces/ros2_ws/install/slam_toolbox_demo/share/slam_toolbox_demo/package.xml
[1.091s] Invoked command in '/root/workspaces/ros2_ws/build/slam_toolbox_demo' returned '0': CMAKE_PREFIX_PATH=${CMAKE_PREFIX_PATH}:/opt/ros/jazzy /usr/bin/cmake --install /root/workspaces/ros2_ws/build/slam_toolbox_demo
