-- Install configuration: ""
-- Up-to-date: /root/workspaces/ros2_ws/install/my_robot_description/share/my_robot_description/urdf
-- Up-to-date: /root/workspaces/ros2_ws/install/my_robot_description/share/my_robot_description/urdf/robot.urdf.xacro
-- Up-to-date: /root/workspaces/ros2_ws/install/my_robot_description/share/my_robot_description/urdf/robot.gazebo.xacro
-- Up-to-date: /root/workspaces/ros2_ws/install/my_robot_description/share/my_robot_description/launch
-- Up-to-date: /root/workspaces/ros2_ws/install/my_robot_description/share/my_robot_description/launch/gazebo.launch.py
-- Up-to-date: /root/workspaces/ros2_ws/install/my_robot_description/share/my_robot_description/launch/display.launch.py
-- Up-to-date: /root/workspaces/ros2_ws/install/my_robot_description/share/my_robot_description/meshes
-- Up-to-date: /root/workspaces/ros2_ws/install/my_robot_description/share/my_robot_description/meshes/zed.stl
-- Up-to-date: /root/workspaces/ros2_ws/install/my_robot_description/share/my_robot_description/meshes/lidar.STL
-- Up-to-date: /root/workspaces/ros2_ws/install/my_robot_description/share/my_robot_description/meshes/.gitkeep
-- Up-to-date: /root/workspaces/ros2_ws/install/my_robot_description/share/my_robot_description/rviz
-- Up-to-date: /root/workspaces/ros2_ws/install/my_robot_description/share/my_robot_description/rviz/nav2.rviz
-- Up-to-date: /root/workspaces/ros2_ws/install/my_robot_description/share/my_robot_description/rviz/rviz.rviz
-- Up-to-date: /root/workspaces/ros2_ws/install/my_robot_description/share/my_robot_description/rviz/amcl.rviz
-- Up-to-date: /root/workspaces/ros2_ws/install/my_robot_description/share/my_robot_description/rviz/.gitkeep
-- Up-to-date: /root/workspaces/ros2_ws/install/my_robot_description/share/my_robot_description/config
-- Up-to-date: /root/workspaces/ros2_ws/install/my_robot_description/share/my_robot_description/config/gz_bridge.yaml
-- Up-to-date: /root/workspaces/ros2_ws/install/my_robot_description/share/ament_index/resource_index/package_run_dependencies/my_robot_description
-- Up-to-date: /root/workspaces/ros2_ws/install/my_robot_description/share/ament_index/resource_index/parent_prefix_path/my_robot_description
-- Up-to-date: /root/workspaces/ros2_ws/install/my_robot_description/share/my_robot_description/environment/ament_prefix_path.sh
-- Up-to-date: /root/workspaces/ros2_ws/install/my_robot_description/share/my_robot_description/environment/ament_prefix_path.dsv
-- Up-to-date: /root/workspaces/ros2_ws/install/my_robot_description/share/my_robot_description/environment/path.sh
-- Up-to-date: /root/workspaces/ros2_ws/install/my_robot_description/share/my_robot_description/environment/path.dsv
-- Up-to-date: /root/workspaces/ros2_ws/install/my_robot_description/share/my_robot_description/local_setup.bash
-- Up-to-date: /root/workspaces/ros2_ws/install/my_robot_description/share/my_robot_description/local_setup.sh
-- Up-to-date: /root/workspaces/ros2_ws/install/my_robot_description/share/my_robot_description/local_setup.zsh
-- Up-to-date: /root/workspaces/ros2_ws/install/my_robot_description/share/my_robot_description/local_setup.dsv
-- Installing: /root/workspaces/ros2_ws/install/my_robot_description/share/my_robot_description/package.dsv
-- Up-to-date: /root/workspaces/ros2_ws/install/my_robot_description/share/ament_index/resource_index/packages/my_robot_description
-- Up-to-date: /root/workspaces/ros2_ws/install/my_robot_description/share/my_robot_description/cmake/my_robot_descriptionConfig.cmake
-- Up-to-date: /root/workspaces/ros2_ws/install/my_robot_description/share/my_robot_description/cmake/my_robot_descriptionConfig-version.cmake
-- Up-to-date: /root/workspaces/ros2_ws/install/my_robot_description/share/my_robot_description/package.xml
