-- Install configuration: ""
-- Up-to-date: /root/workspaces/ros2_ws/install/robot_nav/share/robot_nav/launch
-- Up-to-date: /root/workspaces/ros2_ws/install/robot_nav/share/robot_nav/launch/amcl.launch.py
-- Up-to-date: /root/workspaces/ros2_ws/install/robot_nav/share/robot_nav/launch/nav2_bringup.launch.py
-- Up-to-date: /root/workspaces/ros2_ws/install/robot_nav/share/robot_nav/config
-- Up-to-date: /root/workspaces/ros2_ws/install/robot_nav/share/robot_nav/config/global_costmap.yaml
-- Up-to-date: /root/workspaces/ros2_ws/install/robot_nav/share/robot_nav/config/local_costmap.yaml
-- Up-to-date: /root/workspaces/ros2_ws/install/robot_nav/share/robot_nav/config/amcl.yaml
-- Up-to-date: /root/workspaces/ros2_ws/install/robot_nav/share/robot_nav/config/bt_navigator.yaml
-- Installing: /root/workspaces/ros2_ws/install/robot_nav/share/robot_nav/config/controller_server.yaml
-- Installing: /root/workspaces/ros2_ws/install/robot_nav/share/robot_nav/config/behavior_server.yaml
-- Up-to-date: /root/workspaces/ros2_ws/install/robot_nav/share/robot_nav/config/planner_server.yaml
-- Up-to-date: /root/workspaces/ros2_ws/install/robot_nav/share/robot_nav/map
-- Up-to-date: /root/workspaces/ros2_ws/install/robot_nav/share/robot_nav/map/turtlebot3_world_map.pgm
-- Up-to-date: /root/workspaces/ros2_ws/install/robot_nav/share/robot_nav/map/turtlebot3_world_map.yaml
-- Up-to-date: /root/workspaces/ros2_ws/install/robot_nav/share/ament_index/resource_index/package_run_dependencies/robot_nav
-- Up-to-date: /root/workspaces/ros2_ws/install/robot_nav/share/ament_index/resource_index/parent_prefix_path/robot_nav
-- Up-to-date: /root/workspaces/ros2_ws/install/robot_nav/share/robot_nav/environment/ament_prefix_path.sh
-- Up-to-date: /root/workspaces/ros2_ws/install/robot_nav/share/robot_nav/environment/ament_prefix_path.dsv
-- Up-to-date: /root/workspaces/ros2_ws/install/robot_nav/share/robot_nav/environment/path.sh
-- Up-to-date: /root/workspaces/ros2_ws/install/robot_nav/share/robot_nav/environment/path.dsv
-- Up-to-date: /root/workspaces/ros2_ws/install/robot_nav/share/robot_nav/local_setup.bash
-- Up-to-date: /root/workspaces/ros2_ws/install/robot_nav/share/robot_nav/local_setup.sh
-- Up-to-date: /root/workspaces/ros2_ws/install/robot_nav/share/robot_nav/local_setup.zsh
-- Up-to-date: /root/workspaces/ros2_ws/install/robot_nav/share/robot_nav/local_setup.dsv
-- Installing: /root/workspaces/ros2_ws/install/robot_nav/share/robot_nav/package.dsv
-- Up-to-date: /root/workspaces/ros2_ws/install/robot_nav/share/ament_index/resource_index/packages/robot_nav
-- Up-to-date: /root/workspaces/ros2_ws/install/robot_nav/share/robot_nav/cmake/robot_navConfig.cmake
-- Up-to-date: /root/workspaces/ros2_ws/install/robot_nav/share/robot_nav/cmake/robot_navConfig-version.cmake
-- Up-to-date: /root/workspaces/ros2_ws/install/robot_nav/share/robot_nav/package.xml
