[0.297s] Invoking command in '/root/workspaces/ros2_ws/build/robot_nav': CMAKE_PREFIX_PATH=${CMAKE_PREFIX_PATH}:/opt/ros/jazzy /usr/bin/cmake --build /root/workspaces/ros2_ws/build/robot_nav -- -j4 -l4
[0.516s] Invoked command in '/root/workspaces/ros2_ws/build/robot_nav' returned '0': CMAKE_PREFIX_PATH=${CMAKE_PREFIX_PATH}:/opt/ros/jazzy /usr/bin/cmake --build /root/workspaces/ros2_ws/build/robot_nav -- -j4 -l4
[0.528s] Invoking command in '/root/workspaces/ros2_ws/build/robot_nav': CMAKE_PREFIX_PATH=${CMAKE_PREFIX_PATH}:/opt/ros/jazzy /usr/bin/cmake --install /root/workspaces/ros2_ws/build/robot_nav
[0.589s] -- Install configuration: ""
[0.589s] -- Up-to-date: /root/workspaces/ros2_ws/install/robot_nav/share/robot_nav/launch
[0.606s] -- Up-to-date: /root/workspaces/ros2_ws/install/robot_nav/share/robot_nav/launch/amcl.launch.py
[0.606s] -- Up-to-date: /root/workspaces/ros2_ws/install/robot_nav/share/robot_nav/launch/nav2_bringup.launch.py
[0.606s] -- Up-to-date: /root/workspaces/ros2_ws/install/robot_nav/share/robot_nav/config
[0.612s] -- Up-to-date: /root/workspaces/ros2_ws/install/robot_nav/share/robot_nav/config/global_costmap.yaml
[0.618s] -- Up-to-date: /root/workspaces/ros2_ws/install/robot_nav/share/robot_nav/config/local_costmap.yaml
[0.627s] -- Up-to-date: /root/workspaces/ros2_ws/install/robot_nav/share/robot_nav/config/amcl.yaml
[0.636s] -- Up-to-date: /root/workspaces/ros2_ws/install/robot_nav/share/robot_nav/config/bt_navigator.yaml
[0.645s] -- Installing: /root/workspaces/ros2_ws/install/robot_nav/share/robot_nav/config/controller_server.yaml
[0.698s] -- Installing: /root/workspaces/ros2_ws/install/robot_nav/share/robot_nav/config/behavior_server.yaml
[0.752s] -- Up-to-date: /root/workspaces/ros2_ws/install/robot_nav/share/robot_nav/config/planner_server.yaml
[0.756s] -- Up-to-date: /root/workspaces/ros2_ws/install/robot_nav/share/robot_nav/map
[0.771s] -- Up-to-date: /root/workspaces/ros2_ws/install/robot_nav/share/robot_nav/map/turtlebot3_world_map.pgm
[0.796s] -- Up-to-date: /root/workspaces/ros2_ws/install/robot_nav/share/robot_nav/map/turtlebot3_world_map.yaml
[0.816s] -- Up-to-date: /root/workspaces/ros2_ws/install/robot_nav/share/ament_index/resource_index/package_run_dependencies/robot_nav
[0.825s] -- Up-to-date: /root/workspaces/ros2_ws/install/robot_nav/share/ament_index/resource_index/parent_prefix_path/robot_nav
[0.846s] -- Up-to-date: /root/workspaces/ros2_ws/install/robot_nav/share/robot_nav/environment/ament_prefix_path.sh
[0.846s] -- Up-to-date: /root/workspaces/ros2_ws/install/robot_nav/share/robot_nav/environment/ament_prefix_path.dsv
[0.846s] -- Up-to-date: /root/workspaces/ros2_ws/install/robot_nav/share/robot_nav/environment/path.sh
[0.847s] -- Up-to-date: /root/workspaces/ros2_ws/install/robot_nav/share/robot_nav/environment/path.dsv
[0.847s] -- Up-to-date: /root/workspaces/ros2_ws/install/robot_nav/share/robot_nav/local_setup.bash
[0.847s] -- Up-to-date: /root/workspaces/ros2_ws/install/robot_nav/share/robot_nav/local_setup.sh
[0.847s] -- Up-to-date: /root/workspaces/ros2_ws/install/robot_nav/share/robot_nav/local_setup.zsh
[0.847s] -- Up-to-date: /root/workspaces/ros2_ws/install/robot_nav/share/robot_nav/local_setup.dsv
[0.847s] -- Installing: /root/workspaces/ros2_ws/install/robot_nav/share/robot_nav/package.dsv
[0.887s] -- Up-to-date: /root/workspaces/ros2_ws/install/robot_nav/share/ament_index/resource_index/packages/robot_nav
[0.901s] -- Up-to-date: /root/workspaces/ros2_ws/install/robot_nav/share/robot_nav/cmake/robot_navConfig.cmake
[0.913s] -- Up-to-date: /root/workspaces/ros2_ws/install/robot_nav/share/robot_nav/cmake/robot_navConfig-version.cmake
[0.918s] -- Up-to-date: /root/workspaces/ros2_ws/install/robot_nav/share/robot_nav/package.xml
[1.206s] Invoked command in '/root/workspaces/ros2_ws/build/robot_nav' returned '0': CMAKE_PREFIX_PATH=${CMAKE_PREFIX_PATH}:/opt/ros/jazzy /usr/bin/cmake --install /root/workspaces/ros2_ws/build/robot_nav
