[0.133s] DEBUG:colcon:Command line arguments: ['/usr/bin/colcon', 'build']
[0.133s] DEBUG:colcon:Parsed command line arguments: Namespace(log_base=None, log_level=None, verb_name='build', build_base='build', install_base='install', merge_install=False, symlink_install=False, test_result_base=None, continue_on_error=False, executor='parallel', parallel_workers=4, event_handlers=None, ignore_user_meta=False, metas=['./colcon.meta'], base_paths=['.'], packages_ignore=None, packages_ignore_regex=None, paths=None, packages_up_to=None, packages_up_to_regex=None, packages_above=None, packages_above_and_dependencies=None, packages_above_depth=None, packages_select_by_dep=None, packages_skip_by_dep=None, packages_skip_up_to=None, packages_select_build_failed=False, packages_skip_build_finished=False, packages_select_test_failures=False, packages_skip_test_passed=False, packages_select=None, packages_skip=None, packages_select_regex=None, packages_skip_regex=None, packages_start=None, packages_end=None, allow_overriding=[], cmake_args=None, cmake_target=None, cmake_target_skip_unavailable=False, cmake_clean_cache=False, cmake_clean_first=False, cmake_force_configure=False, ament_cmake_args=None, catkin_cmake_args=None, catkin_skip_building_tests=False, verb_parser=<colcon_defaults.argument_parser.defaults.DefaultArgumentsDecorator object at 0x7f49fc015130>, verb_extension=<colcon_core.verb.build.BuildVerb object at 0x7f49fc014e90>, main=<bound method BuildVerb.main of <colcon_core.verb.build.BuildVerb object at 0x7f49fc014e90>>)
[0.241s] Level 1:colcon.colcon_core.package_discovery:discover_packages(colcon_meta) check parameters
[0.244s] Level 1:colcon.colcon_core.package_discovery:discover_packages(recursive) check parameters
[0.247s] Level 1:colcon.colcon_core.package_discovery:discover_packages(ignore) check parameters
[0.251s] Level 1:colcon.colcon_core.package_discovery:discover_packages(path) check parameters
[0.257s] Level 1:colcon.colcon_core.package_discovery:discover_packages(colcon_meta) discover
[0.262s] Level 1:colcon.colcon_core.package_discovery:discover_packages(recursive) discover
[0.267s] INFO:colcon.colcon_core.package_discovery:Crawling recursively for packages in '/root/workspaces/ros2_ws'
[0.282s] Level 1:colcon.colcon_core.package_identification:_identify(.) by extensions ['ignore', 'ignore_ament_install']
[0.282s] Level 1:colcon.colcon_core.package_identification:_identify(.) by extension 'ignore'
[0.289s] Level 1:colcon.colcon_core.package_identification:_identify(.) by extension 'ignore_ament_install'
[0.295s] Level 1:colcon.colcon_core.package_identification:_identify(.) by extensions ['colcon_pkg']
[0.296s] Level 1:colcon.colcon_core.package_identification:_identify(.) by extension 'colcon_pkg'
[0.303s] Level 1:colcon.colcon_core.package_identification:_identify(.) by extensions ['colcon_meta']
[0.304s] Level 1:colcon.colcon_core.package_identification:_identify(.) by extension 'colcon_meta'
[0.310s] Level 1:colcon.colcon_core.package_identification:_identify(.) by extensions ['ros']
[0.315s] Level 1:colcon.colcon_core.package_identification:_identify(.) by extension 'ros'
[0.352s] Level 1:colcon.colcon_core.package_identification:_identify(.) by extensions ['cmake', 'python']
[0.352s] Level 1:colcon.colcon_core.package_identification:_identify(.) by extension 'cmake'
[0.355s] Level 1:colcon.colcon_core.package_identification:_identify(.) by extension 'python'
[0.360s] Level 1:colcon.colcon_core.package_identification:_identify(.) by extensions ['python_setup_py']
[0.363s] Level 1:colcon.colcon_core.package_identification:_identify(.) by extension 'python_setup_py'
[0.372s] Level 1:colcon.colcon_core.package_identification:_identify(build) by extensions ['ignore', 'ignore_ament_install']
[0.372s] Level 1:colcon.colcon_core.package_identification:_identify(build) by extension 'ignore'
[0.378s] Level 1:colcon.colcon_core.package_identification:_identify(build) ignored
[0.387s] Level 1:colcon.colcon_core.package_identification:_identify(install) by extensions ['ignore', 'ignore_ament_install']
[0.387s] Level 1:colcon.colcon_core.package_identification:_identify(install) by extension 'ignore'
[0.392s] Level 1:colcon.colcon_core.package_identification:_identify(install) ignored
[0.406s] Level 1:colcon.colcon_core.package_identification:_identify(log) by extensions ['ignore', 'ignore_ament_install']
[0.406s] Level 1:colcon.colcon_core.package_identification:_identify(log) by extension 'ignore'
[0.410s] Level 1:colcon.colcon_core.package_identification:_identify(log) ignored
[0.416s] Level 1:colcon.colcon_core.package_identification:_identify(src) by extensions ['ignore', 'ignore_ament_install']
[0.423s] Level 1:colcon.colcon_core.package_identification:_identify(src) by extension 'ignore'
[0.430s] Level 1:colcon.colcon_core.package_identification:_identify(src) by extension 'ignore_ament_install'
[0.437s] Level 1:colcon.colcon_core.package_identification:_identify(src) by extensions ['colcon_pkg']
[0.439s] Level 1:colcon.colcon_core.package_identification:_identify(src) by extension 'colcon_pkg'
[0.446s] Level 1:colcon.colcon_core.package_identification:_identify(src) by extensions ['colcon_meta']
[0.448s] Level 1:colcon.colcon_core.package_identification:_identify(src) by extension 'colcon_meta'
[0.452s] Level 1:colcon.colcon_core.package_identification:_identify(src) by extensions ['ros']
[0.457s] Level 1:colcon.colcon_core.package_identification:_identify(src) by extension 'ros'
[0.471s] Level 1:colcon.colcon_core.package_identification:_identify(src) by extensions ['cmake', 'python']
[0.471s] Level 1:colcon.colcon_core.package_identification:_identify(src) by extension 'cmake'
[0.474s] Level 1:colcon.colcon_core.package_identification:_identify(src) by extension 'python'
[0.478s] Level 1:colcon.colcon_core.package_identification:_identify(src) by extensions ['python_setup_py']
[0.481s] Level 1:colcon.colcon_core.package_identification:_identify(src) by extension 'python_setup_py'
[0.487s] Level 1:colcon.colcon_core.package_identification:_identify(src/task6-amcl-final) by extensions ['ignore', 'ignore_ament_install']
[0.490s] Level 1:colcon.colcon_core.package_identification:_identify(src/task6-amcl-final) by extension 'ignore'
[0.498s] Level 1:colcon.colcon_core.package_identification:_identify(src/task6-amcl-final) by extension 'ignore_ament_install'
[0.505s] Level 1:colcon.colcon_core.package_identification:_identify(src/task6-amcl-final) by extensions ['colcon_pkg']
[0.505s] Level 1:colcon.colcon_core.package_identification:_identify(src/task6-amcl-final) by extension 'colcon_pkg'
[0.512s] Level 1:colcon.colcon_core.package_identification:_identify(src/task6-amcl-final) by extensions ['colcon_meta']
[0.515s] Level 1:colcon.colcon_core.package_identification:_identify(src/task6-amcl-final) by extension 'colcon_meta'
[0.520s] Level 1:colcon.colcon_core.package_identification:_identify(src/task6-amcl-final) by extensions ['ros']
[0.526s] Level 1:colcon.colcon_core.package_identification:_identify(src/task6-amcl-final) by extension 'ros'
[0.539s] Level 1:colcon.colcon_core.package_identification:_identify(src/task6-amcl-final) by extensions ['cmake', 'python']
[0.540s] Level 1:colcon.colcon_core.package_identification:_identify(src/task6-amcl-final) by extension 'cmake'
[0.542s] Level 1:colcon.colcon_core.package_identification:_identify(src/task6-amcl-final) by extension 'python'
[0.547s] Level 1:colcon.colcon_core.package_identification:_identify(src/task6-amcl-final) by extensions ['python_setup_py']
[0.549s] Level 1:colcon.colcon_core.package_identification:_identify(src/task6-amcl-final) by extension 'python_setup_py'
[0.562s] Level 1:colcon.colcon_core.package_identification:_identify(src/task6-amcl-final/my_robot_description) by extensions ['ignore', 'ignore_ament_install']
[0.562s] Level 1:colcon.colcon_core.package_identification:_identify(src/task6-amcl-final/my_robot_description) by extension 'ignore'
[0.570s] Level 1:colcon.colcon_core.package_identification:_identify(src/task6-amcl-final/my_robot_description) by extension 'ignore_ament_install'
[0.577s] Level 1:colcon.colcon_core.package_identification:_identify(src/task6-amcl-final/my_robot_description) by extensions ['colcon_pkg']
[0.579s] Level 1:colcon.colcon_core.package_identification:_identify(src/task6-amcl-final/my_robot_description) by extension 'colcon_pkg'
[0.589s] Level 1:colcon.colcon_core.package_identification:_identify(src/task6-amcl-final/my_robot_description) by extensions ['colcon_meta']
[0.591s] Level 1:colcon.colcon_core.package_identification:_identify(src/task6-amcl-final/my_robot_description) by extension 'colcon_meta'
[0.596s] Level 1:colcon.colcon_core.package_identification:_identify(src/task6-amcl-final/my_robot_description) by extensions ['ros']
[0.601s] Level 1:colcon.colcon_core.package_identification:_identify(src/task6-amcl-final/my_robot_description) by extension 'ros'
[0.616s] DEBUG:colcon.colcon_core.package_identification:Package 'src/task6-amcl-final/my_robot_description' with type 'ros.ament_cmake' and name 'my_robot_description'
[0.624s] Level 1:colcon.colcon_core.package_identification:_identify(src/task6-amcl-final/robot_nav) by extensions ['ignore', 'ignore_ament_install']
[0.624s] Level 1:colcon.colcon_core.package_identification:_identify(src/task6-amcl-final/robot_nav) by extension 'ignore'
[0.631s] Level 1:colcon.colcon_core.package_identification:_identify(src/task6-amcl-final/robot_nav) by extension 'ignore_ament_install'
[0.638s] Level 1:colcon.colcon_core.package_identification:_identify(src/task6-amcl-final/robot_nav) by extensions ['colcon_pkg']
[0.639s] Level 1:colcon.colcon_core.package_identification:_identify(src/task6-amcl-final/robot_nav) by extension 'colcon_pkg'
[0.642s] Level 1:colcon.colcon_core.package_identification:_identify(src/task6-amcl-final/robot_nav) by extensions ['colcon_meta']
[0.645s] Level 1:colcon.colcon_core.package_identification:_identify(src/task6-amcl-final/robot_nav) by extension 'colcon_meta'
[0.649s] Level 1:colcon.colcon_core.package_identification:_identify(src/task6-amcl-final/robot_nav) by extensions ['ros']
[0.654s] Level 1:colcon.colcon_core.package_identification:_identify(src/task6-amcl-final/robot_nav) by extension 'ros'
[0.667s] DEBUG:colcon.colcon_core.package_identification:Package 'src/task6-amcl-final/robot_nav' with type 'ros.ament_cmake' and name 'robot_nav'
[0.674s] Level 1:colcon.colcon_core.package_identification:_identify(src/task6-amcl-final/slam_toolbox_demo) by extensions ['ignore', 'ignore_ament_install']
[0.674s] Level 1:colcon.colcon_core.package_identification:_identify(src/task6-amcl-final/slam_toolbox_demo) by extension 'ignore'
[0.681s] Level 1:colcon.colcon_core.package_identification:_identify(src/task6-amcl-final/slam_toolbox_demo) by extension 'ignore_ament_install'
[0.691s] Level 1:colcon.colcon_core.package_identification:_identify(src/task6-amcl-final/slam_toolbox_demo) by extensions ['colcon_pkg']
[0.691s] Level 1:colcon.colcon_core.package_identification:_identify(src/task6-amcl-final/slam_toolbox_demo) by extension 'colcon_pkg'
[0.700s] Level 1:colcon.colcon_core.package_identification:_identify(src/task6-amcl-final/slam_toolbox_demo) by extensions ['colcon_meta']
[0.704s] Level 1:colcon.colcon_core.package_identification:_identify(src/task6-amcl-final/slam_toolbox_demo) by extension 'colcon_meta'
[0.709s] Level 1:colcon.colcon_core.package_identification:_identify(src/task6-amcl-final/slam_toolbox_demo) by extensions ['ros']
[0.713s] Level 1:colcon.colcon_core.package_identification:_identify(src/task6-amcl-final/slam_toolbox_demo) by extension 'ros'
[0.733s] DEBUG:colcon.colcon_core.package_identification:Package 'src/task6-amcl-final/slam_toolbox_demo' with type 'ros.ament_cmake' and name 'slam_toolbox_demo'
[0.733s] Level 1:colcon.colcon_core.package_discovery:discover_packages(recursive) using defaults
[0.740s] Level 1:colcon.colcon_core.package_discovery:discover_packages(ignore) discover
[0.746s] Level 1:colcon.colcon_core.package_discovery:discover_packages(ignore) using defaults
[0.746s] Level 1:colcon.colcon_core.package_discovery:discover_packages(path) discover
[0.746s] Level 1:colcon.colcon_core.package_discovery:discover_packages(path) using defaults
[0.764s] Level 1:colcon.colcon_core.package_discovery:discover_packages(prefix_path) check parameters
[0.764s] Level 1:colcon.colcon_core.package_discovery:discover_packages(prefix_path) discover
[0.797s] DEBUG:colcon.colcon_installed_package_information.package_discovery:Found 3 installed packages in /root/workspaces/turtlebot_ws/install
[0.799s] DEBUG:colcon.colcon_installed_package_information.package_discovery:Found 453 installed packages in /opt/ros/jazzy
[0.803s] Level 1:colcon.colcon_core.package_discovery:discover_packages(prefix_path) using defaults
[0.863s] Level 5:colcon.colcon_core.verb:set package 'my_robot_description' build argument 'cmake_args' from command line to 'None'
[0.863s] Level 5:colcon.colcon_core.verb:set package 'my_robot_description' build argument 'cmake_target' from command line to 'None'
[0.863s] Level 5:colcon.colcon_core.verb:set package 'my_robot_description' build argument 'cmake_target_skip_unavailable' from command line to 'False'
[0.863s] Level 5:colcon.colcon_core.verb:set package 'my_robot_description' build argument 'cmake_clean_cache' from command line to 'False'
[0.868s] Level 5:colcon.colcon_core.verb:set package 'my_robot_description' build argument 'cmake_clean_first' from command line to 'False'
[0.873s] Level 5:colcon.colcon_core.verb:set package 'my_robot_description' build argument 'cmake_force_configure' from command line to 'False'
[0.877s] Level 5:colcon.colcon_core.verb:set package 'my_robot_description' build argument 'ament_cmake_args' from command line to 'None'
[0.882s] Level 5:colcon.colcon_core.verb:set package 'my_robot_description' build argument 'catkin_cmake_args' from command line to 'None'
[0.887s] Level 5:colcon.colcon_core.verb:set package 'my_robot_description' build argument 'catkin_skip_building_tests' from command line to 'False'
[0.892s] DEBUG:colcon.colcon_core.verb:Building package 'my_robot_description' with the following arguments: {'ament_cmake_args': None, 'build_base': '/root/workspaces/ros2_ws/build/my_robot_description', 'catkin_cmake_args': None, 'catkin_skip_building_tests': False, 'cmake_args': None, 'cmake_clean_cache': False, 'cmake_clean_first': False, 'cmake_force_configure': False, 'cmake_target': None, 'cmake_target_skip_unavailable': False, 'install_base': '/root/workspaces/ros2_ws/install/my_robot_description', 'merge_install': False, 'path': '/root/workspaces/ros2_ws/src/task6-amcl-final/my_robot_description', 'symlink_install': False, 'test_result_base': None}
[0.897s] Level 5:colcon.colcon_core.verb:set package 'robot_nav' build argument 'cmake_args' from command line to 'None'
[0.902s] Level 5:colcon.colcon_core.verb:set package 'robot_nav' build argument 'cmake_target' from command line to 'None'
[0.907s] Level 5:colcon.colcon_core.verb:set package 'robot_nav' build argument 'cmake_target_skip_unavailable' from command line to 'False'
[0.913s] Level 5:colcon.colcon_core.verb:set package 'robot_nav' build argument 'cmake_clean_cache' from command line to 'False'
[0.918s] Level 5:colcon.colcon_core.verb:set package 'robot_nav' build argument 'cmake_clean_first' from command line to 'False'
[0.923s] Level 5:colcon.colcon_core.verb:set package 'robot_nav' build argument 'cmake_force_configure' from command line to 'False'
[0.928s] Level 5:colcon.colcon_core.verb:set package 'robot_nav' build argument 'ament_cmake_args' from command line to 'None'
[0.934s] Level 5:colcon.colcon_core.verb:set package 'robot_nav' build argument 'catkin_cmake_args' from command line to 'None'
[0.939s] Level 5:colcon.colcon_core.verb:set package 'robot_nav' build argument 'catkin_skip_building_tests' from command line to 'False'
[0.944s] DEBUG:colcon.colcon_core.verb:Building package 'robot_nav' with the following arguments: {'ament_cmake_args': None, 'build_base': '/root/workspaces/ros2_ws/build/robot_nav', 'catkin_cmake_args': None, 'catkin_skip_building_tests': False, 'cmake_args': None, 'cmake_clean_cache': False, 'cmake_clean_first': False, 'cmake_force_configure': False, 'cmake_target': None, 'cmake_target_skip_unavailable': False, 'install_base': '/root/workspaces/ros2_ws/install/robot_nav', 'merge_install': False, 'path': '/root/workspaces/ros2_ws/src/task6-amcl-final/robot_nav', 'symlink_install': False, 'test_result_base': None}
[0.949s] Level 5:colcon.colcon_core.verb:set package 'slam_toolbox_demo' build argument 'cmake_args' from command line to 'None'
[0.957s] Level 5:colcon.colcon_core.verb:set package 'slam_toolbox_demo' build argument 'cmake_target' from command line to 'None'
[0.962s] Level 5:colcon.colcon_core.verb:set package 'slam_toolbox_demo' build argument 'cmake_target_skip_unavailable' from command line to 'False'
[0.968s] Level 5:colcon.colcon_core.verb:set package 'slam_toolbox_demo' build argument 'cmake_clean_cache' from command line to 'False'
[0.977s] Level 5:colcon.colcon_core.verb:set package 'slam_toolbox_demo' build argument 'cmake_clean_first' from command line to 'False'
[0.983s] Level 5:colcon.colcon_core.verb:set package 'slam_toolbox_demo' build argument 'cmake_force_configure' from command line to 'False'
[0.988s] Level 5:colcon.colcon_core.verb:set package 'slam_toolbox_demo' build argument 'ament_cmake_args' from command line to 'None'
[0.994s] Level 5:colcon.colcon_core.verb:set package 'slam_toolbox_demo' build argument 'catkin_cmake_args' from command line to 'None'
[0.999s] Level 5:colcon.colcon_core.verb:set package 'slam_toolbox_demo' build argument 'catkin_skip_building_tests' from command line to 'False'
[1.004s] DEBUG:colcon.colcon_core.verb:Building package 'slam_toolbox_demo' with the following arguments: {'ament_cmake_args': None, 'build_base': '/root/workspaces/ros2_ws/build/slam_toolbox_demo', 'catkin_cmake_args': None, 'catkin_skip_building_tests': False, 'cmake_args': None, 'cmake_clean_cache': False, 'cmake_clean_first': False, 'cmake_force_configure': False, 'cmake_target': None, 'cmake_target_skip_unavailable': False, 'install_base': '/root/workspaces/ros2_ws/install/slam_toolbox_demo', 'merge_install': False, 'path': '/root/workspaces/ros2_ws/src/task6-amcl-final/slam_toolbox_demo', 'symlink_install': False, 'test_result_base': None}
[1.009s] INFO:colcon.colcon_core.executor:Executing jobs using 'parallel' executor
[1.015s] DEBUG:colcon.colcon_parallel_executor.executor.parallel:run_until_complete
[1.020s] INFO:colcon.colcon_ros.task.ament_cmake.build:Building ROS package in '/root/workspaces/ros2_ws/src/task6-amcl-final/my_robot_description' with build type 'ament_cmake'
[1.025s] INFO:colcon.colcon_cmake.task.cmake.build:Building CMake package in '/root/workspaces/ros2_ws/src/task6-amcl-final/my_robot_description'
[1.027s] INFO:colcon.colcon_core.plugin_system:Skipping extension 'colcon_core.shell.bat': Not used on non-Windows systems
[1.027s] INFO:colcon.colcon_core.shell:Skip shell extension 'powershell' for command environment: Not usable outside of PowerShell
[1.027s] DEBUG:colcon.colcon_core.shell:Skip shell extension 'dsv' for command environment
[1.066s] INFO:colcon.colcon_ros.task.ament_cmake.build:Building ROS package in '/root/workspaces/ros2_ws/src/task6-amcl-final/robot_nav' with build type 'ament_cmake'
[1.066s] INFO:colcon.colcon_cmake.task.cmake.build:Building CMake package in '/root/workspaces/ros2_ws/src/task6-amcl-final/robot_nav'
[1.072s] INFO:colcon.colcon_core.shell:Skip shell extension 'powershell' for command environment: Not usable outside of PowerShell
[1.072s] DEBUG:colcon.colcon_core.shell:Skip shell extension 'dsv' for command environment
[1.114s] INFO:colcon.colcon_ros.task.ament_cmake.build:Building ROS package in '/root/workspaces/ros2_ws/src/task6-amcl-final/slam_toolbox_demo' with build type 'ament_cmake'
[1.114s] INFO:colcon.colcon_cmake.task.cmake.build:Building CMake package in '/root/workspaces/ros2_ws/src/task6-amcl-final/slam_toolbox_demo'
[1.120s] INFO:colcon.colcon_core.shell:Skip shell extension 'powershell' for command environment: Not usable outside of PowerShell
[1.120s] DEBUG:colcon.colcon_core.shell:Skip shell extension 'dsv' for command environment
[1.281s] DEBUG:colcon.colcon_core.event_handler.log_command:Invoking command in '/root/workspaces/ros2_ws/build/my_robot_description': CMAKE_PREFIX_PATH=${CMAKE_PREFIX_PATH}:/opt/ros/jazzy /usr/bin/cmake /root/workspaces/ros2_ws/src/task6-amcl-final/my_robot_description -DCMAKE_INSTALL_PREFIX=/root/workspaces/ros2_ws/install/my_robot_description
[1.367s] DEBUG:colcon.colcon_core.event_handler.log_command:Invoking command in '/root/workspaces/ros2_ws/build/robot_nav': CMAKE_PREFIX_PATH=${CMAKE_PREFIX_PATH}:/opt/ros/jazzy /usr/bin/cmake /root/workspaces/ros2_ws/src/task6-amcl-final/robot_nav -DCMAKE_INSTALL_PREFIX=/root/workspaces/ros2_ws/install/robot_nav
[1.457s] DEBUG:colcon.colcon_core.event_handler.log_command:Invoking command in '/root/workspaces/ros2_ws/build/slam_toolbox_demo': CMAKE_PREFIX_PATH=${CMAKE_PREFIX_PATH}:/opt/ros/jazzy /usr/bin/cmake /root/workspaces/ros2_ws/src/task6-amcl-final/slam_toolbox_demo -DCMAKE_INSTALL_PREFIX=/root/workspaces/ros2_ws/install/slam_toolbox_demo
[7.874s] DEBUG:colcon.colcon_core.event_handler.log_command:Invoked command in '/root/workspaces/ros2_ws/build/robot_nav' returned '0': CMAKE_PREFIX_PATH=${CMAKE_PREFIX_PATH}:/opt/ros/jazzy /usr/bin/cmake /root/workspaces/ros2_ws/src/task6-amcl-final/robot_nav -DCMAKE_INSTALL_PREFIX=/root/workspaces/ros2_ws/install/robot_nav
[7.889s] DEBUG:colcon.colcon_core.event_handler.log_command:Invoking command in '/root/workspaces/ros2_ws/build/robot_nav': CMAKE_PREFIX_PATH=${CMAKE_PREFIX_PATH}:/opt/ros/jazzy /usr/bin/cmake --build /root/workspaces/ros2_ws/build/robot_nav -- -j4 -l4
[7.919s] DEBUG:colcon.colcon_core.event_handler.log_command:Invoked command in '/root/workspaces/ros2_ws/build/my_robot_description' returned '0': CMAKE_PREFIX_PATH=${CMAKE_PREFIX_PATH}:/opt/ros/jazzy /usr/bin/cmake /root/workspaces/ros2_ws/src/task6-amcl-final/my_robot_description -DCMAKE_INSTALL_PREFIX=/root/workspaces/ros2_ws/install/my_robot_description
[7.934s] DEBUG:colcon.colcon_core.event_handler.log_command:Invoking command in '/root/workspaces/ros2_ws/build/my_robot_description': CMAKE_PREFIX_PATH=${CMAKE_PREFIX_PATH}:/opt/ros/jazzy /usr/bin/cmake --build /root/workspaces/ros2_ws/build/my_robot_description -- -j4 -l4
[7.945s] DEBUG:colcon.colcon_core.event_handler.log_command:Invoked command in '/root/workspaces/ros2_ws/build/slam_toolbox_demo' returned '0': CMAKE_PREFIX_PATH=${CMAKE_PREFIX_PATH}:/opt/ros/jazzy /usr/bin/cmake /root/workspaces/ros2_ws/src/task6-amcl-final/slam_toolbox_demo -DCMAKE_INSTALL_PREFIX=/root/workspaces/ros2_ws/install/slam_toolbox_demo
[7.966s] DEBUG:colcon.colcon_core.event_handler.log_command:Invoking command in '/root/workspaces/ros2_ws/build/slam_toolbox_demo': CMAKE_PREFIX_PATH=${CMAKE_PREFIX_PATH}:/opt/ros/jazzy /usr/bin/cmake --build /root/workspaces/ros2_ws/build/slam_toolbox_demo -- -j4 -l4
[7.989s] DEBUG:colcon.colcon_core.event_handler.log_command:Invoked command in '/root/workspaces/ros2_ws/build/robot_nav' returned '0': CMAKE_PREFIX_PATH=${CMAKE_PREFIX_PATH}:/opt/ros/jazzy /usr/bin/cmake --build /root/workspaces/ros2_ws/build/robot_nav -- -j4 -l4
[8.022s] DEBUG:colcon.colcon_core.event_handler.log_command:Invoking command in '/root/workspaces/ros2_ws/build/robot_nav': CMAKE_PREFIX_PATH=${CMAKE_PREFIX_PATH}:/opt/ros/jazzy /usr/bin/cmake --install /root/workspaces/ros2_ws/build/robot_nav
[8.028s] DEBUG:colcon.colcon_core.event_handler.log_command:Invoked command in '/root/workspaces/ros2_ws/build/my_robot_description' returned '0': CMAKE_PREFIX_PATH=${CMAKE_PREFIX_PATH}:/opt/ros/jazzy /usr/bin/cmake --build /root/workspaces/ros2_ws/build/my_robot_description -- -j4 -l4
[8.033s] DEBUG:colcon.colcon_core.event_handler.log_command:Invoking command in '/root/workspaces/ros2_ws/build/my_robot_description': CMAKE_PREFIX_PATH=${CMAKE_PREFIX_PATH}:/opt/ros/jazzy /usr/bin/cmake --install /root/workspaces/ros2_ws/build/my_robot_description
[8.063s] DEBUG:colcon.colcon_core.event_handler.log_command:Invoked command in '/root/workspaces/ros2_ws/build/slam_toolbox_demo' returned '0': CMAKE_PREFIX_PATH=${CMAKE_PREFIX_PATH}:/opt/ros/jazzy /usr/bin/cmake --build /root/workspaces/ros2_ws/build/slam_toolbox_demo -- -j4 -l4
[8.077s] DEBUG:colcon.colcon_core.event_handler.log_command:Invoking command in '/root/workspaces/ros2_ws/build/slam_toolbox_demo': CMAKE_PREFIX_PATH=${CMAKE_PREFIX_PATH}:/opt/ros/jazzy /usr/bin/cmake --install /root/workspaces/ros2_ws/build/slam_toolbox_demo
[9.539s] Level 1:colcon.colcon_core.environment:create_environment_scripts_only(robot_nav)
[9.541s] Level 1:colcon.colcon_core.environment:checking '/root/workspaces/ros2_ws/install/robot_nav' for CMake module files
[9.568s] Level 1:colcon.colcon_core.environment:checking '/root/workspaces/ros2_ws/install/robot_nav' for CMake config files
[9.606s] Level 1:colcon.colcon_core.shell:create_environment_hook('robot_nav', 'cmake_prefix_path')
[9.607s] INFO:colcon.colcon_core.shell:Creating environment hook '/root/workspaces/ros2_ws/install/robot_nav/share/robot_nav/hook/cmake_prefix_path.ps1'
[9.627s] INFO:colcon.colcon_core.shell:Creating environment descriptor '/root/workspaces/ros2_ws/install/robot_nav/share/robot_nav/hook/cmake_prefix_path.dsv'
[9.646s] INFO:colcon.colcon_core.shell:Creating environment hook '/root/workspaces/ros2_ws/install/robot_nav/share/robot_nav/hook/cmake_prefix_path.sh'
[9.649s] DEBUG:colcon.colcon_core.event_handler.log_command:Invoked command in '/root/workspaces/ros2_ws/build/robot_nav' returned '0': CMAKE_PREFIX_PATH=${CMAKE_PREFIX_PATH}:/opt/ros/jazzy /usr/bin/cmake --install /root/workspaces/ros2_ws/build/robot_nav
[9.664s] Level 1:colcon.colcon_core.environment:checking '/root/workspaces/ros2_ws/install/robot_nav/bin'
[9.666s] Level 1:colcon.colcon_core.environment:checking '/root/workspaces/ros2_ws/install/robot_nav/lib/pkgconfig/robot_nav.pc'
[9.666s] Level 1:colcon.colcon_core.environment:checking '/root/workspaces/ros2_ws/install/robot_nav/lib/python3.12/site-packages'
[9.666s] Level 1:colcon.colcon_core.environment:checking '/root/workspaces/ros2_ws/install/robot_nav/bin'
[9.667s] INFO:colcon.colcon_core.shell:Creating package script '/root/workspaces/ros2_ws/install/robot_nav/share/robot_nav/package.ps1'
[9.684s] INFO:colcon.colcon_core.shell:Creating package descriptor '/root/workspaces/ros2_ws/install/robot_nav/share/robot_nav/package.dsv'
[9.705s] INFO:colcon.colcon_core.shell:Creating package script '/root/workspaces/ros2_ws/install/robot_nav/share/robot_nav/package.sh'
[9.723s] INFO:colcon.colcon_core.shell:Creating package script '/root/workspaces/ros2_ws/install/robot_nav/share/robot_nav/package.bash'
[9.740s] INFO:colcon.colcon_core.shell:Creating package script '/root/workspaces/ros2_ws/install/robot_nav/share/robot_nav/package.zsh'
[9.757s] Level 1:colcon.colcon_core.environment:create_file_with_runtime_dependencies(/root/workspaces/ros2_ws/install/robot_nav/share/colcon-core/packages/robot_nav)
[9.783s] Level 1:colcon.colcon_core.environment:create_environment_scripts_only(robot_nav)
[9.784s] Level 1:colcon.colcon_core.environment:checking '/root/workspaces/ros2_ws/install/robot_nav' for CMake module files
[9.797s] Level 1:colcon.colcon_core.environment:checking '/root/workspaces/ros2_ws/install/robot_nav' for CMake config files
[9.823s] Level 1:colcon.colcon_core.shell:create_environment_hook('robot_nav', 'cmake_prefix_path')
[9.824s] INFO:colcon.colcon_core.shell:Creating environment hook '/root/workspaces/ros2_ws/install/robot_nav/share/robot_nav/hook/cmake_prefix_path.ps1'
[9.848s] INFO:colcon.colcon_core.shell:Creating environment descriptor '/root/workspaces/ros2_ws/install/robot_nav/share/robot_nav/hook/cmake_prefix_path.dsv'
[9.868s] INFO:colcon.colcon_core.shell:Creating environment hook '/root/workspaces/ros2_ws/install/robot_nav/share/robot_nav/hook/cmake_prefix_path.sh'
[9.889s] Level 1:colcon.colcon_core.environment:checking '/root/workspaces/ros2_ws/install/robot_nav/bin'
[9.889s] Level 1:colcon.colcon_core.environment:checking '/root/workspaces/ros2_ws/install/robot_nav/lib/pkgconfig/robot_nav.pc'
[9.894s] Level 1:colcon.colcon_core.environment:checking '/root/workspaces/ros2_ws/install/robot_nav/lib/python3.12/site-packages'
[9.900s] Level 1:colcon.colcon_core.environment:checking '/root/workspaces/ros2_ws/install/robot_nav/bin'
[9.904s] INFO:colcon.colcon_core.shell:Creating package script '/root/workspaces/ros2_ws/install/robot_nav/share/robot_nav/package.ps1'
[9.929s] INFO:colcon.colcon_core.shell:Creating package descriptor '/root/workspaces/ros2_ws/install/robot_nav/share/robot_nav/package.dsv'
[9.947s] INFO:colcon.colcon_core.shell:Creating package script '/root/workspaces/ros2_ws/install/robot_nav/share/robot_nav/package.sh'
[9.965s] INFO:colcon.colcon_core.shell:Creating package script '/root/workspaces/ros2_ws/install/robot_nav/share/robot_nav/package.bash'
[9.982s] INFO:colcon.colcon_core.shell:Creating package script '/root/workspaces/ros2_ws/install/robot_nav/share/robot_nav/package.zsh'
[10.002s] Level 1:colcon.colcon_core.environment:create_file_with_runtime_dependencies(/root/workspaces/ros2_ws/install/robot_nav/share/colcon-core/packages/robot_nav)
[10.007s] Level 1:colcon.colcon_core.environment:create_environment_scripts_only(slam_toolbox_demo)
[10.007s] Level 1:colcon.colcon_core.environment:checking '/root/workspaces/ros2_ws/install/slam_toolbox_demo' for CMake module files
[10.026s] DEBUG:colcon.colcon_core.event_handler.log_command:Invoked command in '/root/workspaces/ros2_ws/build/slam_toolbox_demo' returned '0': CMAKE_PREFIX_PATH=${CMAKE_PREFIX_PATH}:/opt/ros/jazzy /usr/bin/cmake --install /root/workspaces/ros2_ws/build/slam_toolbox_demo
[10.032s] Level 1:colcon.colcon_core.environment:checking '/root/workspaces/ros2_ws/install/slam_toolbox_demo' for CMake config files
[10.067s] Level 1:colcon.colcon_core.shell:create_environment_hook('slam_toolbox_demo', 'cmake_prefix_path')
[10.068s] INFO:colcon.colcon_core.shell:Creating environment hook '/root/workspaces/ros2_ws/install/slam_toolbox_demo/share/slam_toolbox_demo/hook/cmake_prefix_path.ps1'
[10.088s] INFO:colcon.colcon_core.shell:Creating environment descriptor '/root/workspaces/ros2_ws/install/slam_toolbox_demo/share/slam_toolbox_demo/hook/cmake_prefix_path.dsv'
[10.107s] INFO:colcon.colcon_core.shell:Creating environment hook '/root/workspaces/ros2_ws/install/slam_toolbox_demo/share/slam_toolbox_demo/hook/cmake_prefix_path.sh'
[10.127s] Level 1:colcon.colcon_core.environment:checking '/root/workspaces/ros2_ws/install/slam_toolbox_demo/bin'
[10.129s] Level 1:colcon.colcon_core.environment:checking '/root/workspaces/ros2_ws/install/slam_toolbox_demo/lib/pkgconfig/slam_toolbox_demo.pc'
[10.133s] Level 1:colcon.colcon_core.environment:checking '/root/workspaces/ros2_ws/install/slam_toolbox_demo/lib/python3.12/site-packages'
[10.138s] Level 1:colcon.colcon_core.environment:checking '/root/workspaces/ros2_ws/install/slam_toolbox_demo/bin'
[10.142s] INFO:colcon.colcon_core.shell:Creating package script '/root/workspaces/ros2_ws/install/slam_toolbox_demo/share/slam_toolbox_demo/package.ps1'
[10.166s] INFO:colcon.colcon_core.shell:Creating package descriptor '/root/workspaces/ros2_ws/install/slam_toolbox_demo/share/slam_toolbox_demo/package.dsv'
[10.185s] INFO:colcon.colcon_core.shell:Creating package script '/root/workspaces/ros2_ws/install/slam_toolbox_demo/share/slam_toolbox_demo/package.sh'
[10.200s] INFO:colcon.colcon_core.shell:Creating package script '/root/workspaces/ros2_ws/install/slam_toolbox_demo/share/slam_toolbox_demo/package.bash'
[10.217s] INFO:colcon.colcon_core.shell:Creating package script '/root/workspaces/ros2_ws/install/slam_toolbox_demo/share/slam_toolbox_demo/package.zsh'
[10.233s] Level 1:colcon.colcon_core.environment:create_file_with_runtime_dependencies(/root/workspaces/ros2_ws/install/slam_toolbox_demo/share/colcon-core/packages/slam_toolbox_demo)
[10.260s] Level 1:colcon.colcon_core.environment:create_environment_scripts_only(slam_toolbox_demo)
[10.260s] Level 1:colcon.colcon_core.environment:checking '/root/workspaces/ros2_ws/install/slam_toolbox_demo' for CMake module files
[10.274s] Level 1:colcon.colcon_core.environment:checking '/root/workspaces/ros2_ws/install/slam_toolbox_demo' for CMake config files
[10.301s] Level 1:colcon.colcon_core.shell:create_environment_hook('slam_toolbox_demo', 'cmake_prefix_path')
[10.301s] INFO:colcon.colcon_core.shell:Creating environment hook '/root/workspaces/ros2_ws/install/slam_toolbox_demo/share/slam_toolbox_demo/hook/cmake_prefix_path.ps1'
[10.329s] INFO:colcon.colcon_core.shell:Creating environment descriptor '/root/workspaces/ros2_ws/install/slam_toolbox_demo/share/slam_toolbox_demo/hook/cmake_prefix_path.dsv'
[10.347s] INFO:colcon.colcon_core.shell:Creating environment hook '/root/workspaces/ros2_ws/install/slam_toolbox_demo/share/slam_toolbox_demo/hook/cmake_prefix_path.sh'
[10.365s] Level 1:colcon.colcon_core.environment:checking '/root/workspaces/ros2_ws/install/slam_toolbox_demo/bin'
[10.365s] Level 1:colcon.colcon_core.environment:checking '/root/workspaces/ros2_ws/install/slam_toolbox_demo/lib/pkgconfig/slam_toolbox_demo.pc'
[10.366s] Level 1:colcon.colcon_core.environment:checking '/root/workspaces/ros2_ws/install/slam_toolbox_demo/lib/python3.12/site-packages'
[10.366s] Level 1:colcon.colcon_core.environment:checking '/root/workspaces/ros2_ws/install/slam_toolbox_demo/bin'
[10.366s] INFO:colcon.colcon_core.shell:Creating package script '/root/workspaces/ros2_ws/install/slam_toolbox_demo/share/slam_toolbox_demo/package.ps1'
[10.388s] INFO:colcon.colcon_core.shell:Creating package descriptor '/root/workspaces/ros2_ws/install/slam_toolbox_demo/share/slam_toolbox_demo/package.dsv'
[10.407s] INFO:colcon.colcon_core.shell:Creating package script '/root/workspaces/ros2_ws/install/slam_toolbox_demo/share/slam_toolbox_demo/package.sh'
[10.426s] INFO:colcon.colcon_core.shell:Creating package script '/root/workspaces/ros2_ws/install/slam_toolbox_demo/share/slam_toolbox_demo/package.bash'
[10.444s] INFO:colcon.colcon_core.shell:Creating package script '/root/workspaces/ros2_ws/install/slam_toolbox_demo/share/slam_toolbox_demo/package.zsh'
[10.463s] Level 1:colcon.colcon_core.environment:create_file_with_runtime_dependencies(/root/workspaces/ros2_ws/install/slam_toolbox_demo/share/colcon-core/packages/slam_toolbox_demo)
[10.468s] Level 1:colcon.colcon_core.environment:create_environment_scripts_only(my_robot_description)
[10.468s] Level 1:colcon.colcon_core.environment:checking '/root/workspaces/ros2_ws/install/my_robot_description' for CMake module files
[10.492s] DEBUG:colcon.colcon_core.event_handler.log_command:Invoked command in '/root/workspaces/ros2_ws/build/my_robot_description' returned '0': CMAKE_PREFIX_PATH=${CMAKE_PREFIX_PATH}:/opt/ros/jazzy /usr/bin/cmake --install /root/workspaces/ros2_ws/build/my_robot_description
[10.495s] Level 1:colcon.colcon_core.environment:checking '/root/workspaces/ros2_ws/install/my_robot_description' for CMake config files
[10.527s] Level 1:colcon.colcon_core.shell:create_environment_hook('my_robot_description', 'cmake_prefix_path')
[10.527s] INFO:colcon.colcon_core.shell:Creating environment hook '/root/workspaces/ros2_ws/install/my_robot_description/share/my_robot_description/hook/cmake_prefix_path.ps1'
[10.552s] INFO:colcon.colcon_core.shell:Creating environment descriptor '/root/workspaces/ros2_ws/install/my_robot_description/share/my_robot_description/hook/cmake_prefix_path.dsv'
[10.571s] INFO:colcon.colcon_core.shell:Creating environment hook '/root/workspaces/ros2_ws/install/my_robot_description/share/my_robot_description/hook/cmake_prefix_path.sh'
[10.590s] Level 1:colcon.colcon_core.environment:checking '/root/workspaces/ros2_ws/install/my_robot_description/bin'
[10.593s] Level 1:colcon.colcon_core.environment:checking '/root/workspaces/ros2_ws/install/my_robot_description/lib/pkgconfig/my_robot_description.pc'
[10.596s] Level 1:colcon.colcon_core.environment:checking '/root/workspaces/ros2_ws/install/my_robot_description/lib/python3.12/site-packages'
[10.601s] Level 1:colcon.colcon_core.environment:checking '/root/workspaces/ros2_ws/install/my_robot_description/bin'
[10.606s] INFO:colcon.colcon_core.shell:Creating package script '/root/workspaces/ros2_ws/install/my_robot_description/share/my_robot_description/package.ps1'
[10.629s] INFO:colcon.colcon_core.shell:Creating package descriptor '/root/workspaces/ros2_ws/install/my_robot_description/share/my_robot_description/package.dsv'
[10.657s] INFO:colcon.colcon_core.shell:Creating package script '/root/workspaces/ros2_ws/install/my_robot_description/share/my_robot_description/package.sh'
[10.671s] INFO:colcon.colcon_core.shell:Creating package script '/root/workspaces/ros2_ws/install/my_robot_description/share/my_robot_description/package.bash'
[10.690s] INFO:colcon.colcon_core.shell:Creating package script '/root/workspaces/ros2_ws/install/my_robot_description/share/my_robot_description/package.zsh'
[10.706s] Level 1:colcon.colcon_core.environment:create_file_with_runtime_dependencies(/root/workspaces/ros2_ws/install/my_robot_description/share/colcon-core/packages/my_robot_description)
[10.737s] Level 1:colcon.colcon_core.environment:create_environment_scripts_only(my_robot_description)
[10.737s] Level 1:colcon.colcon_core.environment:checking '/root/workspaces/ros2_ws/install/my_robot_description' for CMake module files
[10.750s] Level 1:colcon.colcon_core.environment:checking '/root/workspaces/ros2_ws/install/my_robot_description' for CMake config files
[10.777s] Level 1:colcon.colcon_core.shell:create_environment_hook('my_robot_description', 'cmake_prefix_path')
[10.777s] INFO:colcon.colcon_core.shell:Creating environment hook '/root/workspaces/ros2_ws/install/my_robot_description/share/my_robot_description/hook/cmake_prefix_path.ps1'
[10.800s] INFO:colcon.colcon_core.shell:Creating environment descriptor '/root/workspaces/ros2_ws/install/my_robot_description/share/my_robot_description/hook/cmake_prefix_path.dsv'
[10.817s] INFO:colcon.colcon_core.shell:Creating environment hook '/root/workspaces/ros2_ws/install/my_robot_description/share/my_robot_description/hook/cmake_prefix_path.sh'
[10.836s] Level 1:colcon.colcon_core.environment:checking '/root/workspaces/ros2_ws/install/my_robot_description/bin'
[10.836s] Level 1:colcon.colcon_core.environment:checking '/root/workspaces/ros2_ws/install/my_robot_description/lib/pkgconfig/my_robot_description.pc'
[10.841s] Level 1:colcon.colcon_core.environment:checking '/root/workspaces/ros2_ws/install/my_robot_description/lib/python3.12/site-packages'
[10.846s] Level 1:colcon.colcon_core.environment:checking '/root/workspaces/ros2_ws/install/my_robot_description/bin'
[10.851s] INFO:colcon.colcon_core.shell:Creating package script '/root/workspaces/ros2_ws/install/my_robot_description/share/my_robot_description/package.ps1'
[10.875s] INFO:colcon.colcon_core.shell:Creating package descriptor '/root/workspaces/ros2_ws/install/my_robot_description/share/my_robot_description/package.dsv'
[10.892s] INFO:colcon.colcon_core.shell:Creating package script '/root/workspaces/ros2_ws/install/my_robot_description/share/my_robot_description/package.sh'
[10.910s] INFO:colcon.colcon_core.shell:Creating package script '/root/workspaces/ros2_ws/install/my_robot_description/share/my_robot_description/package.bash'
[10.928s] INFO:colcon.colcon_core.shell:Creating package script '/root/workspaces/ros2_ws/install/my_robot_description/share/my_robot_description/package.zsh'
[10.952s] Level 1:colcon.colcon_core.environment:create_file_with_runtime_dependencies(/root/workspaces/ros2_ws/install/my_robot_description/share/colcon-core/packages/my_robot_description)
[10.971s] DEBUG:colcon.colcon_parallel_executor.executor.parallel:closing loop
[10.971s] DEBUG:colcon.colcon_parallel_executor.executor.parallel:loop closed
[10.971s] DEBUG:colcon.colcon_parallel_executor.executor.parallel:run_until_complete finished with '0'
[10.971s] DEBUG:colcon.colcon_core.event_reactor:joining thread
[11.015s] INFO:colcon.colcon_core.plugin_system:Skipping extension 'colcon_notification.desktop_notification.notify_send': Could not find 'notify-send'
[11.015s] INFO:colcon.colcon_core.plugin_system:Skipping extension 'colcon_notification.desktop_notification.terminal_notifier': Not used on non-Darwin systems
[11.020s] INFO:colcon.colcon_core.plugin_system:Skipping extension 'colcon_notification.desktop_notification.win32': Not used on non-Windows systems
[11.026s] INFO:colcon.colcon_notification.desktop_notification:Sending desktop notification using 'notify2'
[11.039s] DEBUG:colcon.colcon_notification.desktop_notification.notify2:Failed to initialize notify2: org.freedesktop.DBus.Error.Spawn.ExecFailed: /usr/bin/dbus-launch terminated abnormally without any error message
[11.040s] DEBUG:colcon.colcon_core.event_reactor:joined thread
[11.045s] INFO:colcon.colcon_core.shell:Creating prefix script '/root/workspaces/ros2_ws/install/local_setup.ps1'
[11.064s] INFO:colcon.colcon_core.shell:Creating prefix util module '/root/workspaces/ros2_ws/install/_local_setup_util_ps1.py'
[11.081s] INFO:colcon.colcon_core.shell:Creating prefix chain script '/root/workspaces/ros2_ws/install/setup.ps1'
[11.106s] INFO:colcon.colcon_core.shell:Creating prefix script '/root/workspaces/ros2_ws/install/local_setup.sh'
[11.124s] INFO:colcon.colcon_core.shell:Creating prefix util module '/root/workspaces/ros2_ws/install/_local_setup_util_sh.py'
[11.141s] INFO:colcon.colcon_core.shell:Creating prefix chain script '/root/workspaces/ros2_ws/install/setup.sh'
[11.166s] INFO:colcon.colcon_core.shell:Creating prefix script '/root/workspaces/ros2_ws/install/local_setup.bash'
[11.182s] INFO:colcon.colcon_core.shell:Creating prefix chain script '/root/workspaces/ros2_ws/install/setup.bash'
[11.209s] INFO:colcon.colcon_core.shell:Creating prefix script '/root/workspaces/ros2_ws/install/local_setup.zsh'
[11.226s] INFO:colcon.colcon_core.shell:Creating prefix chain script '/root/workspaces/ros2_ws/install/setup.zsh'
