[0.197s] DEBUG:colcon:Command line arguments: ['/usr/bin/colcon', 'build']
[0.198s] DEBUG:colcon:Parsed command line arguments: Namespace(log_base=None, log_level=None, verb_name='build', build_base='build', install_base='install', merge_install=False, symlink_install=False, test_result_base=None, continue_on_error=False, executor='parallel', parallel_workers=4, event_handlers=None, ignore_user_meta=False, metas=['./colcon.meta'], base_paths=['.'], packages_ignore=None, packages_ignore_regex=None, paths=None, packages_up_to=None, packages_up_to_regex=None, packages_above=None, packages_above_and_dependencies=None, packages_above_depth=None, packages_select_by_dep=None, packages_skip_by_dep=None, packages_skip_up_to=None, packages_select_build_failed=False, packages_skip_build_finished=False, packages_select_test_failures=False, packages_skip_test_passed=False, packages_select=None, packages_skip=None, packages_select_regex=None, packages_skip_regex=None, packages_start=None, packages_end=None, allow_overriding=[], cmake_args=None, cmake_target=None, cmake_target_skip_unavailable=False, cmake_clean_cache=False, cmake_clean_first=False, cmake_force_configure=False, ament_cmake_args=None, catkin_cmake_args=None, catkin_skip_building_tests=False, verb_parser=<colcon_defaults.argument_parser.defaults.DefaultArgumentsDecorator object at 0x7f4f0fd08f20>, verb_extension=<colcon_core.verb.build.BuildVerb object at 0x7f4f0fd08d40>, main=<bound method BuildVerb.main of <colcon_core.verb.build.BuildVerb object at 0x7f4f0fd08d40>>)
[0.290s] Level 1:colcon.colcon_core.package_discovery:discover_packages(colcon_meta) check parameters
[0.291s] Level 1:colcon.colcon_core.package_discovery:discover_packages(recursive) check parameters
[0.296s] Level 1:colcon.colcon_core.package_discovery:discover_packages(ignore) check parameters
[0.302s] Level 1:colcon.colcon_core.package_discovery:discover_packages(path) check parameters
[0.302s] Level 1:colcon.colcon_core.package_discovery:discover_packages(colcon_meta) discover
[0.302s] Level 1:colcon.colcon_core.package_discovery:discover_packages(recursive) discover
[0.302s] INFO:colcon.colcon_core.package_discovery:Crawling recursively for packages in '/root/workspaces/ros2_ws'
[0.303s] Level 1:colcon.colcon_core.package_identification:_identify(.) by extensions ['ignore', 'ignore_ament_install']
[0.307s] Level 1:colcon.colcon_core.package_identification:_identify(.) by extension 'ignore'
[0.307s] Level 1:colcon.colcon_core.package_identification:_identify(.) by extension 'ignore_ament_install'
[0.307s] Level 1:colcon.colcon_core.package_identification:_identify(.) by extensions ['colcon_pkg']
[0.307s] Level 1:colcon.colcon_core.package_identification:_identify(.) by extension 'colcon_pkg'
[0.307s] Level 1:colcon.colcon_core.package_identification:_identify(.) by extensions ['colcon_meta']
[0.307s] Level 1:colcon.colcon_core.package_identification:_identify(.) by extension 'colcon_meta'
[0.307s] Level 1:colcon.colcon_core.package_identification:_identify(.) by extensions ['ros']
[0.307s] Level 1:colcon.colcon_core.package_identification:_identify(.) by extension 'ros'
[0.349s] Level 1:colcon.colcon_core.package_identification:_identify(.) by extensions ['cmake', 'python']
[0.349s] Level 1:colcon.colcon_core.package_identification:_identify(.) by extension 'cmake'
[0.349s] Level 1:colcon.colcon_core.package_identification:_identify(.) by extension 'python'
[0.355s] Level 1:colcon.colcon_core.package_identification:_identify(.) by extensions ['python_setup_py']
[0.359s] Level 1:colcon.colcon_core.package_identification:_identify(.) by extension 'python_setup_py'
[0.361s] Level 1:colcon.colcon_core.package_identification:_identify(build) by extensions ['ignore', 'ignore_ament_install']
[0.367s] Level 1:colcon.colcon_core.package_identification:_identify(build) by extension 'ignore'
[0.367s] Level 1:colcon.colcon_core.package_identification:_identify(build) ignored
[0.368s] Level 1:colcon.colcon_core.package_identification:_identify(install) by extensions ['ignore', 'ignore_ament_install']
[0.373s] Level 1:colcon.colcon_core.package_identification:_identify(install) by extension 'ignore'
[0.378s] Level 1:colcon.colcon_core.package_identification:_identify(install) ignored
[0.384s] Level 1:colcon.colcon_core.package_identification:_identify(log) by extensions ['ignore', 'ignore_ament_install']
[0.385s] Level 1:colcon.colcon_core.package_identification:_identify(log) by extension 'ignore'
[0.390s] Level 1:colcon.colcon_core.package_identification:_identify(log) ignored
[0.396s] Level 1:colcon.colcon_core.package_identification:_identify(src) by extensions ['ignore', 'ignore_ament_install']
[0.400s] Level 1:colcon.colcon_core.package_identification:_identify(src) by extension 'ignore'
[0.405s] Level 1:colcon.colcon_core.package_identification:_identify(src) by extension 'ignore_ament_install'
[0.410s] Level 1:colcon.colcon_core.package_identification:_identify(src) by extensions ['colcon_pkg']
[0.416s] Level 1:colcon.colcon_core.package_identification:_identify(src) by extension 'colcon_pkg'
[0.420s] Level 1:colcon.colcon_core.package_identification:_identify(src) by extensions ['colcon_meta']
[0.424s] Level 1:colcon.colcon_core.package_identification:_identify(src) by extension 'colcon_meta'
[0.429s] Level 1:colcon.colcon_core.package_identification:_identify(src) by extensions ['ros']
[0.434s] Level 1:colcon.colcon_core.package_identification:_identify(src) by extension 'ros'
[0.439s] Level 1:colcon.colcon_core.package_identification:_identify(src) by extensions ['cmake', 'python']
[0.443s] Level 1:colcon.colcon_core.package_identification:_identify(src) by extension 'cmake'
[0.448s] Level 1:colcon.colcon_core.package_identification:_identify(src) by extension 'python'
[0.454s] Level 1:colcon.colcon_core.package_identification:_identify(src) by extensions ['python_setup_py']
[0.459s] Level 1:colcon.colcon_core.package_identification:_identify(src) by extension 'python_setup_py'
[0.460s] Level 1:colcon.colcon_core.package_identification:_identify(src/task6-amcl-final) by extensions ['ignore', 'ignore_ament_install']
[0.463s] Level 1:colcon.colcon_core.package_identification:_identify(src/task6-amcl-final) by extension 'ignore'
[0.463s] Level 1:colcon.colcon_core.package_identification:_identify(src/task6-amcl-final) by extension 'ignore_ament_install'
[0.464s] Level 1:colcon.colcon_core.package_identification:_identify(src/task6-amcl-final) by extensions ['colcon_pkg']
[0.464s] Level 1:colcon.colcon_core.package_identification:_identify(src/task6-amcl-final) by extension 'colcon_pkg'
[0.464s] Level 1:colcon.colcon_core.package_identification:_identify(src/task6-amcl-final) by extensions ['colcon_meta']
[0.464s] Level 1:colcon.colcon_core.package_identification:_identify(src/task6-amcl-final) by extension 'colcon_meta'
[0.464s] Level 1:colcon.colcon_core.package_identification:_identify(src/task6-amcl-final) by extensions ['ros']
[0.464s] Level 1:colcon.colcon_core.package_identification:_identify(src/task6-amcl-final) by extension 'ros'
[0.464s] Level 1:colcon.colcon_core.package_identification:_identify(src/task6-amcl-final) by extensions ['cmake', 'python']
[0.464s] Level 1:colcon.colcon_core.package_identification:_identify(src/task6-amcl-final) by extension 'cmake'
[0.464s] Level 1:colcon.colcon_core.package_identification:_identify(src/task6-amcl-final) by extension 'python'
[0.464s] Level 1:colcon.colcon_core.package_identification:_identify(src/task6-amcl-final) by extensions ['python_setup_py']
[0.464s] Level 1:colcon.colcon_core.package_identification:_identify(src/task6-amcl-final) by extension 'python_setup_py'
[0.465s] Level 1:colcon.colcon_core.package_identification:_identify(src/task6-amcl-final/my_robot_description) by extensions ['ignore', 'ignore_ament_install']
[0.469s] Level 1:colcon.colcon_core.package_identification:_identify(src/task6-amcl-final/my_robot_description) by extension 'ignore'
[0.469s] Level 1:colcon.colcon_core.package_identification:_identify(src/task6-amcl-final/my_robot_description) by extension 'ignore_ament_install'
[0.469s] Level 1:colcon.colcon_core.package_identification:_identify(src/task6-amcl-final/my_robot_description) by extensions ['colcon_pkg']
[0.469s] Level 1:colcon.colcon_core.package_identification:_identify(src/task6-amcl-final/my_robot_description) by extension 'colcon_pkg'
[0.469s] Level 1:colcon.colcon_core.package_identification:_identify(src/task6-amcl-final/my_robot_description) by extensions ['colcon_meta']
[0.469s] Level 1:colcon.colcon_core.package_identification:_identify(src/task6-amcl-final/my_robot_description) by extension 'colcon_meta'
[0.469s] Level 1:colcon.colcon_core.package_identification:_identify(src/task6-amcl-final/my_robot_description) by extensions ['ros']
[0.469s] Level 1:colcon.colcon_core.package_identification:_identify(src/task6-amcl-final/my_robot_description) by extension 'ros'
[0.475s] DEBUG:colcon.colcon_core.package_identification:Package 'src/task6-amcl-final/my_robot_description' with type 'ros.ament_cmake' and name 'my_robot_description'
[0.478s] Level 1:colcon.colcon_core.package_identification:_identify(src/task6-amcl-final/robot_nav) by extensions ['ignore', 'ignore_ament_install']
[0.483s] Level 1:colcon.colcon_core.package_identification:_identify(src/task6-amcl-final/robot_nav) by extension 'ignore'
[0.487s] Level 1:colcon.colcon_core.package_identification:_identify(src/task6-amcl-final/robot_nav) by extension 'ignore_ament_install'
[0.494s] Level 1:colcon.colcon_core.package_identification:_identify(src/task6-amcl-final/robot_nav) by extensions ['colcon_pkg']
[0.497s] Level 1:colcon.colcon_core.package_identification:_identify(src/task6-amcl-final/robot_nav) by extension 'colcon_pkg'
[0.502s] Level 1:colcon.colcon_core.package_identification:_identify(src/task6-amcl-final/robot_nav) by extensions ['colcon_meta']
[0.502s] Level 1:colcon.colcon_core.package_identification:_identify(src/task6-amcl-final/robot_nav) by extension 'colcon_meta'
[0.502s] Level 1:colcon.colcon_core.package_identification:_identify(src/task6-amcl-final/robot_nav) by extensions ['ros']
[0.502s] Level 1:colcon.colcon_core.package_identification:_identify(src/task6-amcl-final/robot_nav) by extension 'ros'
[0.505s] DEBUG:colcon.colcon_core.package_identification:Package 'src/task6-amcl-final/robot_nav' with type 'ros.ament_cmake' and name 'robot_nav'
[0.508s] Level 1:colcon.colcon_core.package_identification:_identify(src/task6-amcl-final/slam_toolbox_demo) by extensions ['ignore', 'ignore_ament_install']
[0.513s] Level 1:colcon.colcon_core.package_identification:_identify(src/task6-amcl-final/slam_toolbox_demo) by extension 'ignore'
[0.513s] Level 1:colcon.colcon_core.package_identification:_identify(src/task6-amcl-final/slam_toolbox_demo) by extension 'ignore_ament_install'
[0.513s] Level 1:colcon.colcon_core.package_identification:_identify(src/task6-amcl-final/slam_toolbox_demo) by extensions ['colcon_pkg']
[0.513s] Level 1:colcon.colcon_core.package_identification:_identify(src/task6-amcl-final/slam_toolbox_demo) by extension 'colcon_pkg'
[0.513s] Level 1:colcon.colcon_core.package_identification:_identify(src/task6-amcl-final/slam_toolbox_demo) by extensions ['colcon_meta']
[0.513s] Level 1:colcon.colcon_core.package_identification:_identify(src/task6-amcl-final/slam_toolbox_demo) by extension 'colcon_meta'
[0.513s] Level 1:colcon.colcon_core.package_identification:_identify(src/task6-amcl-final/slam_toolbox_demo) by extensions ['ros']
[0.513s] Level 1:colcon.colcon_core.package_identification:_identify(src/task6-amcl-final/slam_toolbox_demo) by extension 'ros'
[0.516s] DEBUG:colcon.colcon_core.package_identification:Package 'src/task6-amcl-final/slam_toolbox_demo' with type 'ros.ament_cmake' and name 'slam_toolbox_demo'
[0.521s] Level 1:colcon.colcon_core.package_discovery:discover_packages(recursive) using defaults
[0.522s] Level 1:colcon.colcon_core.package_discovery:discover_packages(ignore) discover
[0.522s] Level 1:colcon.colcon_core.package_discovery:discover_packages(ignore) using defaults
[0.522s] Level 1:colcon.colcon_core.package_discovery:discover_packages(path) discover
[0.522s] Level 1:colcon.colcon_core.package_discovery:discover_packages(path) using defaults
[0.554s] Level 1:colcon.colcon_core.package_discovery:discover_packages(prefix_path) check parameters
[0.555s] Level 1:colcon.colcon_core.package_discovery:discover_packages(prefix_path) discover
[0.586s] DEBUG:colcon.colcon_installed_package_information.package_discovery:Found 3 installed packages in /root/workspaces/ros2_ws/install
[0.610s] DEBUG:colcon.colcon_installed_package_information.package_discovery:Found 3 installed packages in /root/workspaces/turtlebot_ws/install
[0.620s] DEBUG:colcon.colcon_installed_package_information.package_discovery:Found 453 installed packages in /opt/ros/jazzy
[0.625s] Level 1:colcon.colcon_core.package_discovery:discover_packages(prefix_path) using defaults
[0.755s] Level 5:colcon.colcon_core.verb:set package 'my_robot_description' build argument 'cmake_args' from command line to 'None'
[0.755s] Level 5:colcon.colcon_core.verb:set package 'my_robot_description' build argument 'cmake_target' from command line to 'None'
[0.755s] Level 5:colcon.colcon_core.verb:set package 'my_robot_description' build argument 'cmake_target_skip_unavailable' from command line to 'False'
[0.761s] Level 5:colcon.colcon_core.verb:set package 'my_robot_description' build argument 'cmake_clean_cache' from command line to 'False'
[0.765s] Level 5:colcon.colcon_core.verb:set package 'my_robot_description' build argument 'cmake_clean_first' from command line to 'False'
[0.772s] Level 5:colcon.colcon_core.verb:set package 'my_robot_description' build argument 'cmake_force_configure' from command line to 'False'
[0.776s] Level 5:colcon.colcon_core.verb:set package 'my_robot_description' build argument 'ament_cmake_args' from command line to 'None'
[0.781s] Level 5:colcon.colcon_core.verb:set package 'my_robot_description' build argument 'catkin_cmake_args' from command line to 'None'
[0.781s] Level 5:colcon.colcon_core.verb:set package 'my_robot_description' build argument 'catkin_skip_building_tests' from command line to 'False'
[0.781s] DEBUG:colcon.colcon_core.verb:Building package 'my_robot_description' with the following arguments: {'ament_cmake_args': None, 'build_base': '/root/workspaces/ros2_ws/build/my_robot_description', 'catkin_cmake_args': None, 'catkin_skip_building_tests': False, 'cmake_args': None, 'cmake_clean_cache': False, 'cmake_clean_first': False, 'cmake_force_configure': False, 'cmake_target': None, 'cmake_target_skip_unavailable': False, 'install_base': '/root/workspaces/ros2_ws/install/my_robot_description', 'merge_install': False, 'path': '/root/workspaces/ros2_ws/src/task6-amcl-final/my_robot_description', 'symlink_install': False, 'test_result_base': None}
[0.782s] Level 5:colcon.colcon_core.verb:set package 'robot_nav' build argument 'cmake_args' from command line to 'None'
[0.782s] Level 5:colcon.colcon_core.verb:set package 'robot_nav' build argument 'cmake_target' from command line to 'None'
[0.782s] Level 5:colcon.colcon_core.verb:set package 'robot_nav' build argument 'cmake_target_skip_unavailable' from command line to 'False'
[0.782s] Level 5:colcon.colcon_core.verb:set package 'robot_nav' build argument 'cmake_clean_cache' from command line to 'False'
[0.782s] Level 5:colcon.colcon_core.verb:set package 'robot_nav' build argument 'cmake_clean_first' from command line to 'False'
[0.782s] Level 5:colcon.colcon_core.verb:set package 'robot_nav' build argument 'cmake_force_configure' from command line to 'False'
[0.782s] Level 5:colcon.colcon_core.verb:set package 'robot_nav' build argument 'ament_cmake_args' from command line to 'None'
[0.787s] Level 5:colcon.colcon_core.verb:set package 'robot_nav' build argument 'catkin_cmake_args' from command line to 'None'
[0.787s] Level 5:colcon.colcon_core.verb:set package 'robot_nav' build argument 'catkin_skip_building_tests' from command line to 'False'
[0.787s] DEBUG:colcon.colcon_core.verb:Building package 'robot_nav' with the following arguments: {'ament_cmake_args': None, 'build_base': '/root/workspaces/ros2_ws/build/robot_nav', 'catkin_cmake_args': None, 'catkin_skip_building_tests': False, 'cmake_args': None, 'cmake_clean_cache': False, 'cmake_clean_first': False, 'cmake_force_configure': False, 'cmake_target': None, 'cmake_target_skip_unavailable': False, 'install_base': '/root/workspaces/ros2_ws/install/robot_nav', 'merge_install': False, 'path': '/root/workspaces/ros2_ws/src/task6-amcl-final/robot_nav', 'symlink_install': False, 'test_result_base': None}
[0.787s] Level 5:colcon.colcon_core.verb:set package 'slam_toolbox_demo' build argument 'cmake_args' from command line to 'None'
[0.787s] Level 5:colcon.colcon_core.verb:set package 'slam_toolbox_demo' build argument 'cmake_target' from command line to 'None'
[0.787s] Level 5:colcon.colcon_core.verb:set package 'slam_toolbox_demo' build argument 'cmake_target_skip_unavailable' from command line to 'False'
[0.787s] Level 5:colcon.colcon_core.verb:set package 'slam_toolbox_demo' build argument 'cmake_clean_cache' from command line to 'False'
[0.787s] Level 5:colcon.colcon_core.verb:set package 'slam_toolbox_demo' build argument 'cmake_clean_first' from command line to 'False'
[0.795s] Level 5:colcon.colcon_core.verb:set package 'slam_toolbox_demo' build argument 'cmake_force_configure' from command line to 'False'
[0.795s] Level 5:colcon.colcon_core.verb:set package 'slam_toolbox_demo' build argument 'ament_cmake_args' from command line to 'None'
[0.795s] Level 5:colcon.colcon_core.verb:set package 'slam_toolbox_demo' build argument 'catkin_cmake_args' from command line to 'None'
[0.795s] Level 5:colcon.colcon_core.verb:set package 'slam_toolbox_demo' build argument 'catkin_skip_building_tests' from command line to 'False'
[0.795s] DEBUG:colcon.colcon_core.verb:Building package 'slam_toolbox_demo' with the following arguments: {'ament_cmake_args': None, 'build_base': '/root/workspaces/ros2_ws/build/slam_toolbox_demo', 'catkin_cmake_args': None, 'catkin_skip_building_tests': False, 'cmake_args': None, 'cmake_clean_cache': False, 'cmake_clean_first': False, 'cmake_force_configure': False, 'cmake_target': None, 'cmake_target_skip_unavailable': False, 'install_base': '/root/workspaces/ros2_ws/install/slam_toolbox_demo', 'merge_install': False, 'path': '/root/workspaces/ros2_ws/src/task6-amcl-final/slam_toolbox_demo', 'symlink_install': False, 'test_result_base': None}
[0.796s] INFO:colcon.colcon_core.executor:Executing jobs using 'parallel' executor
[0.803s] DEBUG:colcon.colcon_parallel_executor.executor.parallel:run_until_complete
[0.806s] INFO:colcon.colcon_ros.task.ament_cmake.build:Building ROS package in '/root/workspaces/ros2_ws/src/task6-amcl-final/my_robot_description' with build type 'ament_cmake'
[0.806s] INFO:colcon.colcon_cmake.task.cmake.build:Building CMake package in '/root/workspaces/ros2_ws/src/task6-amcl-final/my_robot_description'
[0.809s] INFO:colcon.colcon_core.plugin_system:Skipping extension 'colcon_core.shell.bat': Not used on non-Windows systems
[0.812s] INFO:colcon.colcon_core.shell:Skip shell extension 'powershell' for command environment: Not usable outside of PowerShell
[0.812s] DEBUG:colcon.colcon_core.shell:Skip shell extension 'dsv' for command environment
[0.871s] INFO:colcon.colcon_ros.task.ament_cmake.build:Building ROS package in '/root/workspaces/ros2_ws/src/task6-amcl-final/robot_nav' with build type 'ament_cmake'
[0.871s] INFO:colcon.colcon_cmake.task.cmake.build:Building CMake package in '/root/workspaces/ros2_ws/src/task6-amcl-final/robot_nav'
[0.877s] INFO:colcon.colcon_core.shell:Skip shell extension 'powershell' for command environment: Not usable outside of PowerShell
[0.877s] DEBUG:colcon.colcon_core.shell:Skip shell extension 'dsv' for command environment
[0.930s] INFO:colcon.colcon_ros.task.ament_cmake.build:Building ROS package in '/root/workspaces/ros2_ws/src/task6-amcl-final/slam_toolbox_demo' with build type 'ament_cmake'
[0.931s] INFO:colcon.colcon_cmake.task.cmake.build:Building CMake package in '/root/workspaces/ros2_ws/src/task6-amcl-final/slam_toolbox_demo'
[0.931s] INFO:colcon.colcon_core.shell:Skip shell extension 'powershell' for command environment: Not usable outside of PowerShell
[0.931s] DEBUG:colcon.colcon_core.shell:Skip shell extension 'dsv' for command environment
[1.091s] DEBUG:colcon.colcon_core.event_handler.log_command:Invoking command in '/root/workspaces/ros2_ws/build/my_robot_description': CMAKE_PREFIX_PATH=${CMAKE_PREFIX_PATH}:/opt/ros/jazzy /usr/bin/cmake --build /root/workspaces/ros2_ws/build/my_robot_description -- -j4 -l4
[1.153s] DEBUG:colcon.colcon_core.event_handler.log_command:Invoking command in '/root/workspaces/ros2_ws/build/robot_nav': CMAKE_PREFIX_PATH=${CMAKE_PREFIX_PATH}:/opt/ros/jazzy /usr/bin/cmake --build /root/workspaces/ros2_ws/build/robot_nav -- -j4 -l4
[1.251s] DEBUG:colcon.colcon_core.event_handler.log_command:Invoking command in '/root/workspaces/ros2_ws/build/slam_toolbox_demo': CMAKE_PREFIX_PATH=${CMAKE_PREFIX_PATH}:/opt/ros/jazzy /usr/bin/cmake --build /root/workspaces/ros2_ws/build/slam_toolbox_demo -- -j4 -l4
[1.251s] DEBUG:colcon.colcon_core.event_handler.log_command:Invoked command in '/root/workspaces/ros2_ws/build/my_robot_description' returned '0': CMAKE_PREFIX_PATH=${CMAKE_PREFIX_PATH}:/opt/ros/jazzy /usr/bin/cmake --build /root/workspaces/ros2_ws/build/my_robot_description -- -j4 -l4
[1.251s] DEBUG:colcon.colcon_core.event_handler.log_command:Invoking command in '/root/workspaces/ros2_ws/build/my_robot_description': CMAKE_PREFIX_PATH=${CMAKE_PREFIX_PATH}:/opt/ros/jazzy /usr/bin/cmake --install /root/workspaces/ros2_ws/build/my_robot_description
[1.266s] DEBUG:colcon.colcon_core.event_handler.log_command:Invoked command in '/root/workspaces/ros2_ws/build/robot_nav' returned '0': CMAKE_PREFIX_PATH=${CMAKE_PREFIX_PATH}:/opt/ros/jazzy /usr/bin/cmake --build /root/workspaces/ros2_ws/build/robot_nav -- -j4 -l4
[1.279s] DEBUG:colcon.colcon_core.event_handler.log_command:Invoking command in '/root/workspaces/ros2_ws/build/robot_nav': CMAKE_PREFIX_PATH=${CMAKE_PREFIX_PATH}:/opt/ros/jazzy /usr/bin/cmake --install /root/workspaces/ros2_ws/build/robot_nav
[1.425s] DEBUG:colcon.colcon_core.event_handler.log_command:Invoked command in '/root/workspaces/ros2_ws/build/slam_toolbox_demo' returned '0': CMAKE_PREFIX_PATH=${CMAKE_PREFIX_PATH}:/opt/ros/jazzy /usr/bin/cmake --build /root/workspaces/ros2_ws/build/slam_toolbox_demo -- -j4 -l4
[1.435s] DEBUG:colcon.colcon_core.event_handler.log_command:Invoking command in '/root/workspaces/ros2_ws/build/slam_toolbox_demo': CMAKE_PREFIX_PATH=${CMAKE_PREFIX_PATH}:/opt/ros/jazzy /usr/bin/cmake --install /root/workspaces/ros2_ws/build/slam_toolbox_demo
[1.548s] Level 1:colcon.colcon_core.environment:create_environment_scripts_only(my_robot_description)
[1.552s] Level 1:colcon.colcon_core.environment:checking '/root/workspaces/ros2_ws/install/my_robot_description' for CMake module files
[1.560s] Level 1:colcon.colcon_core.environment:checking '/root/workspaces/ros2_ws/install/my_robot_description' for CMake config files
[1.575s] Level 1:colcon.colcon_core.shell:create_environment_hook('my_robot_description', 'cmake_prefix_path')
[1.575s] INFO:colcon.colcon_core.shell:Creating environment hook '/root/workspaces/ros2_ws/install/my_robot_description/share/my_robot_description/hook/cmake_prefix_path.ps1'
[1.592s] INFO:colcon.colcon_core.shell:Creating environment descriptor '/root/workspaces/ros2_ws/install/my_robot_description/share/my_robot_description/hook/cmake_prefix_path.dsv'
[1.608s] INFO:colcon.colcon_core.shell:Creating environment hook '/root/workspaces/ros2_ws/install/my_robot_description/share/my_robot_description/hook/cmake_prefix_path.sh'
[1.626s] Level 1:colcon.colcon_core.environment:checking '/root/workspaces/ros2_ws/install/my_robot_description/bin'
[1.626s] Level 1:colcon.colcon_core.environment:checking '/root/workspaces/ros2_ws/install/my_robot_description/lib/pkgconfig/my_robot_description.pc'
[1.627s] Level 1:colcon.colcon_core.environment:checking '/root/workspaces/ros2_ws/install/my_robot_description/lib/python3.12/site-packages'
[1.627s] Level 1:colcon.colcon_core.environment:checking '/root/workspaces/ros2_ws/install/my_robot_description/bin'
[1.628s] INFO:colcon.colcon_core.shell:Creating package script '/root/workspaces/ros2_ws/install/my_robot_description/share/my_robot_description/package.ps1'
[1.643s] DEBUG:colcon.colcon_core.event_handler.log_command:Invoked command in '/root/workspaces/ros2_ws/build/my_robot_description' returned '0': CMAKE_PREFIX_PATH=${CMAKE_PREFIX_PATH}:/opt/ros/jazzy /usr/bin/cmake --install /root/workspaces/ros2_ws/build/my_robot_description
[1.647s] INFO:colcon.colcon_core.shell:Creating package descriptor '/root/workspaces/ros2_ws/install/my_robot_description/share/my_robot_description/package.dsv'
[1.667s] INFO:colcon.colcon_core.shell:Creating package script '/root/workspaces/ros2_ws/install/my_robot_description/share/my_robot_description/package.sh'
[1.683s] INFO:colcon.colcon_core.shell:Creating package script '/root/workspaces/ros2_ws/install/my_robot_description/share/my_robot_description/package.bash'
[1.702s] INFO:colcon.colcon_core.shell:Creating package script '/root/workspaces/ros2_ws/install/my_robot_description/share/my_robot_description/package.zsh'
[1.727s] Level 1:colcon.colcon_core.environment:create_file_with_runtime_dependencies(/root/workspaces/ros2_ws/install/my_robot_description/share/colcon-core/packages/my_robot_description)
[1.749s] Level 1:colcon.colcon_core.environment:create_environment_scripts_only(my_robot_description)
[1.749s] Level 1:colcon.colcon_core.environment:checking '/root/workspaces/ros2_ws/install/my_robot_description' for CMake module files
[1.753s] Level 1:colcon.colcon_core.environment:checking '/root/workspaces/ros2_ws/install/my_robot_description' for CMake config files
[1.766s] Level 1:colcon.colcon_core.shell:create_environment_hook('my_robot_description', 'cmake_prefix_path')
[1.766s] INFO:colcon.colcon_core.shell:Creating environment hook '/root/workspaces/ros2_ws/install/my_robot_description/share/my_robot_description/hook/cmake_prefix_path.ps1'
[1.789s] INFO:colcon.colcon_core.shell:Creating environment descriptor '/root/workspaces/ros2_ws/install/my_robot_description/share/my_robot_description/hook/cmake_prefix_path.dsv'
[1.809s] INFO:colcon.colcon_core.shell:Creating environment hook '/root/workspaces/ros2_ws/install/my_robot_description/share/my_robot_description/hook/cmake_prefix_path.sh'
[1.828s] Level 1:colcon.colcon_core.environment:checking '/root/workspaces/ros2_ws/install/my_robot_description/bin'
[1.828s] Level 1:colcon.colcon_core.environment:checking '/root/workspaces/ros2_ws/install/my_robot_description/lib/pkgconfig/my_robot_description.pc'
[1.833s] Level 1:colcon.colcon_core.environment:checking '/root/workspaces/ros2_ws/install/my_robot_description/lib/python3.12/site-packages'
[1.834s] Level 1:colcon.colcon_core.environment:checking '/root/workspaces/ros2_ws/install/my_robot_description/bin'
[1.834s] INFO:colcon.colcon_core.shell:Creating package script '/root/workspaces/ros2_ws/install/my_robot_description/share/my_robot_description/package.ps1'
[1.855s] INFO:colcon.colcon_core.shell:Creating package descriptor '/root/workspaces/ros2_ws/install/my_robot_description/share/my_robot_description/package.dsv'
[1.873s] INFO:colcon.colcon_core.shell:Creating package script '/root/workspaces/ros2_ws/install/my_robot_description/share/my_robot_description/package.sh'
[1.893s] INFO:colcon.colcon_core.shell:Creating package script '/root/workspaces/ros2_ws/install/my_robot_description/share/my_robot_description/package.bash'
[1.911s] INFO:colcon.colcon_core.shell:Creating package script '/root/workspaces/ros2_ws/install/my_robot_description/share/my_robot_description/package.zsh'
[1.929s] Level 1:colcon.colcon_core.environment:create_file_with_runtime_dependencies(/root/workspaces/ros2_ws/install/my_robot_description/share/colcon-core/packages/my_robot_description)
[1.949s] Level 1:colcon.colcon_core.environment:create_environment_scripts_only(slam_toolbox_demo)
[1.950s] Level 1:colcon.colcon_core.environment:checking '/root/workspaces/ros2_ws/install/slam_toolbox_demo' for CMake module files
[1.957s] Level 1:colcon.colcon_core.environment:checking '/root/workspaces/ros2_ws/install/slam_toolbox_demo' for CMake config files
[1.970s] DEBUG:colcon.colcon_core.event_handler.log_command:Invoked command in '/root/workspaces/ros2_ws/build/slam_toolbox_demo' returned '0': CMAKE_PREFIX_PATH=${CMAKE_PREFIX_PATH}:/opt/ros/jazzy /usr/bin/cmake --install /root/workspaces/ros2_ws/build/slam_toolbox_demo
[1.977s] Level 1:colcon.colcon_core.shell:create_environment_hook('slam_toolbox_demo', 'cmake_prefix_path')
[1.977s] INFO:colcon.colcon_core.shell:Creating environment hook '/root/workspaces/ros2_ws/install/slam_toolbox_demo/share/slam_toolbox_demo/hook/cmake_prefix_path.ps1'
[1.994s] INFO:colcon.colcon_core.shell:Creating environment descriptor '/root/workspaces/ros2_ws/install/slam_toolbox_demo/share/slam_toolbox_demo/hook/cmake_prefix_path.dsv'
[2.009s] INFO:colcon.colcon_core.shell:Creating environment hook '/root/workspaces/ros2_ws/install/slam_toolbox_demo/share/slam_toolbox_demo/hook/cmake_prefix_path.sh'
[2.029s] Level 1:colcon.colcon_core.environment:checking '/root/workspaces/ros2_ws/install/slam_toolbox_demo/bin'
[2.029s] Level 1:colcon.colcon_core.environment:checking '/root/workspaces/ros2_ws/install/slam_toolbox_demo/lib/pkgconfig/slam_toolbox_demo.pc'
[2.036s] Level 1:colcon.colcon_core.environment:checking '/root/workspaces/ros2_ws/install/slam_toolbox_demo/lib/python3.12/site-packages'
[2.039s] Level 1:colcon.colcon_core.environment:checking '/root/workspaces/ros2_ws/install/slam_toolbox_demo/bin'
[2.044s] INFO:colcon.colcon_core.shell:Creating package script '/root/workspaces/ros2_ws/install/slam_toolbox_demo/share/slam_toolbox_demo/package.ps1'
[2.062s] INFO:colcon.colcon_core.shell:Creating package descriptor '/root/workspaces/ros2_ws/install/slam_toolbox_demo/share/slam_toolbox_demo/package.dsv'
[2.079s] INFO:colcon.colcon_core.shell:Creating package script '/root/workspaces/ros2_ws/install/slam_toolbox_demo/share/slam_toolbox_demo/package.sh'
[2.095s] INFO:colcon.colcon_core.shell:Creating package script '/root/workspaces/ros2_ws/install/slam_toolbox_demo/share/slam_toolbox_demo/package.bash'
[2.112s] INFO:colcon.colcon_core.shell:Creating package script '/root/workspaces/ros2_ws/install/slam_toolbox_demo/share/slam_toolbox_demo/package.zsh'
[2.128s] Level 1:colcon.colcon_core.environment:create_file_with_runtime_dependencies(/root/workspaces/ros2_ws/install/slam_toolbox_demo/share/colcon-core/packages/slam_toolbox_demo)
[2.138s] Level 1:colcon.colcon_core.environment:create_environment_scripts_only(slam_toolbox_demo)
[2.138s] Level 1:colcon.colcon_core.environment:checking '/root/workspaces/ros2_ws/install/slam_toolbox_demo' for CMake module files
[2.143s] Level 1:colcon.colcon_core.environment:checking '/root/workspaces/ros2_ws/install/slam_toolbox_demo' for CMake config files
[2.155s] Level 1:colcon.colcon_core.shell:create_environment_hook('slam_toolbox_demo', 'cmake_prefix_path')
[2.155s] INFO:colcon.colcon_core.shell:Creating environment hook '/root/workspaces/ros2_ws/install/slam_toolbox_demo/share/slam_toolbox_demo/hook/cmake_prefix_path.ps1'
[2.176s] INFO:colcon.colcon_core.shell:Creating environment descriptor '/root/workspaces/ros2_ws/install/slam_toolbox_demo/share/slam_toolbox_demo/hook/cmake_prefix_path.dsv'
[2.193s] INFO:colcon.colcon_core.shell:Creating environment hook '/root/workspaces/ros2_ws/install/slam_toolbox_demo/share/slam_toolbox_demo/hook/cmake_prefix_path.sh'
[2.212s] Level 1:colcon.colcon_core.environment:checking '/root/workspaces/ros2_ws/install/slam_toolbox_demo/bin'
[2.212s] Level 1:colcon.colcon_core.environment:checking '/root/workspaces/ros2_ws/install/slam_toolbox_demo/lib/pkgconfig/slam_toolbox_demo.pc'
[2.217s] Level 1:colcon.colcon_core.environment:checking '/root/workspaces/ros2_ws/install/slam_toolbox_demo/lib/python3.12/site-packages'
[2.223s] Level 1:colcon.colcon_core.environment:checking '/root/workspaces/ros2_ws/install/slam_toolbox_demo/bin'
[2.228s] INFO:colcon.colcon_core.shell:Creating package script '/root/workspaces/ros2_ws/install/slam_toolbox_demo/share/slam_toolbox_demo/package.ps1'
[2.251s] INFO:colcon.colcon_core.shell:Creating package descriptor '/root/workspaces/ros2_ws/install/slam_toolbox_demo/share/slam_toolbox_demo/package.dsv'
[2.268s] INFO:colcon.colcon_core.shell:Creating package script '/root/workspaces/ros2_ws/install/slam_toolbox_demo/share/slam_toolbox_demo/package.sh'
[2.286s] INFO:colcon.colcon_core.shell:Creating package script '/root/workspaces/ros2_ws/install/slam_toolbox_demo/share/slam_toolbox_demo/package.bash'
[2.305s] INFO:colcon.colcon_core.shell:Creating package script '/root/workspaces/ros2_ws/install/slam_toolbox_demo/share/slam_toolbox_demo/package.zsh'
[2.323s] Level 1:colcon.colcon_core.environment:create_file_with_runtime_dependencies(/root/workspaces/ros2_ws/install/slam_toolbox_demo/share/colcon-core/packages/slam_toolbox_demo)
[2.326s] Level 1:colcon.colcon_core.environment:create_environment_scripts_only(robot_nav)
[2.329s] Level 1:colcon.colcon_core.environment:checking '/root/workspaces/ros2_ws/install/robot_nav' for CMake module files
[2.335s] Level 1:colcon.colcon_core.environment:checking '/root/workspaces/ros2_ws/install/robot_nav' for CMake config files
[2.349s] DEBUG:colcon.colcon_core.event_handler.log_command:Invoked command in '/root/workspaces/ros2_ws/build/robot_nav' returned '0': CMAKE_PREFIX_PATH=${CMAKE_PREFIX_PATH}:/opt/ros/jazzy /usr/bin/cmake --install /root/workspaces/ros2_ws/build/robot_nav
[2.356s] Level 1:colcon.colcon_core.shell:create_environment_hook('robot_nav', 'cmake_prefix_path')
[2.357s] INFO:colcon.colcon_core.shell:Creating environment hook '/root/workspaces/ros2_ws/install/robot_nav/share/robot_nav/hook/cmake_prefix_path.ps1'
[2.376s] INFO:colcon.colcon_core.shell:Creating environment descriptor '/root/workspaces/ros2_ws/install/robot_nav/share/robot_nav/hook/cmake_prefix_path.dsv'
[2.394s] INFO:colcon.colcon_core.shell:Creating environment hook '/root/workspaces/ros2_ws/install/robot_nav/share/robot_nav/hook/cmake_prefix_path.sh'
[2.413s] Level 1:colcon.colcon_core.environment:checking '/root/workspaces/ros2_ws/install/robot_nav/bin'
[2.413s] Level 1:colcon.colcon_core.environment:checking '/root/workspaces/ros2_ws/install/robot_nav/lib/pkgconfig/robot_nav.pc'
[2.418s] Level 1:colcon.colcon_core.environment:checking '/root/workspaces/ros2_ws/install/robot_nav/lib/python3.12/site-packages'
[2.419s] Level 1:colcon.colcon_core.environment:checking '/root/workspaces/ros2_ws/install/robot_nav/bin'
[2.419s] INFO:colcon.colcon_core.shell:Creating package script '/root/workspaces/ros2_ws/install/robot_nav/share/robot_nav/package.ps1'
[2.438s] INFO:colcon.colcon_core.shell:Creating package descriptor '/root/workspaces/ros2_ws/install/robot_nav/share/robot_nav/package.dsv'
[2.456s] INFO:colcon.colcon_core.shell:Creating package script '/root/workspaces/ros2_ws/install/robot_nav/share/robot_nav/package.sh'
[2.472s] INFO:colcon.colcon_core.shell:Creating package script '/root/workspaces/ros2_ws/install/robot_nav/share/robot_nav/package.bash'
[2.488s] INFO:colcon.colcon_core.shell:Creating package script '/root/workspaces/ros2_ws/install/robot_nav/share/robot_nav/package.zsh'
[2.505s] Level 1:colcon.colcon_core.environment:create_file_with_runtime_dependencies(/root/workspaces/ros2_ws/install/robot_nav/share/colcon-core/packages/robot_nav)
[2.513s] Level 1:colcon.colcon_core.environment:create_environment_scripts_only(robot_nav)
[2.514s] Level 1:colcon.colcon_core.environment:checking '/root/workspaces/ros2_ws/install/robot_nav' for CMake module files
[2.518s] Level 1:colcon.colcon_core.environment:checking '/root/workspaces/ros2_ws/install/robot_nav' for CMake config files
[2.531s] Level 1:colcon.colcon_core.shell:create_environment_hook('robot_nav', 'cmake_prefix_path')
[2.531s] INFO:colcon.colcon_core.shell:Creating environment hook '/root/workspaces/ros2_ws/install/robot_nav/share/robot_nav/hook/cmake_prefix_path.ps1'
[2.553s] INFO:colcon.colcon_core.shell:Creating environment descriptor '/root/workspaces/ros2_ws/install/robot_nav/share/robot_nav/hook/cmake_prefix_path.dsv'
[2.569s] INFO:colcon.colcon_core.shell:Creating environment hook '/root/workspaces/ros2_ws/install/robot_nav/share/robot_nav/hook/cmake_prefix_path.sh'
[2.587s] Level 1:colcon.colcon_core.environment:checking '/root/workspaces/ros2_ws/install/robot_nav/bin'
[2.588s] Level 1:colcon.colcon_core.environment:checking '/root/workspaces/ros2_ws/install/robot_nav/lib/pkgconfig/robot_nav.pc'
[2.588s] Level 1:colcon.colcon_core.environment:checking '/root/workspaces/ros2_ws/install/robot_nav/lib/python3.12/site-packages'
[2.588s] Level 1:colcon.colcon_core.environment:checking '/root/workspaces/ros2_ws/install/robot_nav/bin'
[2.589s] INFO:colcon.colcon_core.shell:Creating package script '/root/workspaces/ros2_ws/install/robot_nav/share/robot_nav/package.ps1'
[2.606s] INFO:colcon.colcon_core.shell:Creating package descriptor '/root/workspaces/ros2_ws/install/robot_nav/share/robot_nav/package.dsv'
[2.624s] INFO:colcon.colcon_core.shell:Creating package script '/root/workspaces/ros2_ws/install/robot_nav/share/robot_nav/package.sh'
[2.641s] INFO:colcon.colcon_core.shell:Creating package script '/root/workspaces/ros2_ws/install/robot_nav/share/robot_nav/package.bash'
[2.658s] INFO:colcon.colcon_core.shell:Creating package script '/root/workspaces/ros2_ws/install/robot_nav/share/robot_nav/package.zsh'
[2.675s] Level 1:colcon.colcon_core.environment:create_file_with_runtime_dependencies(/root/workspaces/ros2_ws/install/robot_nav/share/colcon-core/packages/robot_nav)
[2.678s] DEBUG:colcon.colcon_parallel_executor.executor.parallel:closing loop
[2.681s] DEBUG:colcon.colcon_parallel_executor.executor.parallel:loop closed
[2.682s] DEBUG:colcon.colcon_parallel_executor.executor.parallel:run_until_complete finished with '0'
[2.682s] DEBUG:colcon.colcon_core.event_reactor:joining thread
[2.721s] INFO:colcon.colcon_core.plugin_system:Skipping extension 'colcon_notification.desktop_notification.notify_send': Could not find 'notify-send'
[2.721s] INFO:colcon.colcon_core.plugin_system:Skipping extension 'colcon_notification.desktop_notification.terminal_notifier': Not used on non-Darwin systems
[2.726s] INFO:colcon.colcon_core.plugin_system:Skipping extension 'colcon_notification.desktop_notification.win32': Not used on non-Windows systems
[2.734s] INFO:colcon.colcon_notification.desktop_notification:Sending desktop notification using 'notify2'
[2.743s] DEBUG:colcon.colcon_notification.desktop_notification.notify2:Failed to initialize notify2: org.freedesktop.DBus.Error.Spawn.ExecFailed: /usr/bin/dbus-launch terminated abnormally without any error message
[2.743s] DEBUG:colcon.colcon_core.event_reactor:joined thread
[2.749s] INFO:colcon.colcon_core.shell:Creating prefix script '/root/workspaces/ros2_ws/install/local_setup.ps1'
[2.765s] INFO:colcon.colcon_core.shell:Creating prefix util module '/root/workspaces/ros2_ws/install/_local_setup_util_ps1.py'
[2.788s] INFO:colcon.colcon_core.shell:Creating prefix chain script '/root/workspaces/ros2_ws/install/setup.ps1'
[2.824s] INFO:colcon.colcon_core.shell:Creating prefix script '/root/workspaces/ros2_ws/install/local_setup.sh'
[2.850s] INFO:colcon.colcon_core.shell:Creating prefix util module '/root/workspaces/ros2_ws/install/_local_setup_util_sh.py'
[2.872s] INFO:colcon.colcon_core.shell:Creating prefix chain script '/root/workspaces/ros2_ws/install/setup.sh'
[2.905s] INFO:colcon.colcon_core.shell:Creating prefix script '/root/workspaces/ros2_ws/install/local_setup.bash'
[2.920s] INFO:colcon.colcon_core.shell:Creating prefix chain script '/root/workspaces/ros2_ws/install/setup.bash'
[2.957s] INFO:colcon.colcon_core.shell:Creating prefix script '/root/workspaces/ros2_ws/install/local_setup.zsh'
[2.980s] INFO:colcon.colcon_core.shell:Creating prefix chain script '/root/workspaces/ros2_ws/install/setup.zsh'
