[0.280s] Invoking command in '/root/workspaces/ros2_ws/build/my_robot_description': CMAKE_PREFIX_PATH=${CMAKE_PREFIX_PATH}:/opt/ros/jazzy /usr/bin/cmake --build /root/workspaces/ros2_ws/build/my_robot_description -- -j4 -l4
[0.441s] Invoked command in '/root/workspaces/ros2_ws/build/my_robot_description' returned '0': CMAKE_PREFIX_PATH=${CMAKE_PREFIX_PATH}:/opt/ros/jazzy /usr/bin/cmake --build /root/workspaces/ros2_ws/build/my_robot_description -- -j4 -l4
[0.441s] Invoking command in '/root/workspaces/ros2_ws/build/my_robot_description': CMAKE_PREFIX_PATH=${CMAKE_PREFIX_PATH}:/opt/ros/jazzy /usr/bin/cmake --install /root/workspaces/ros2_ws/build/my_robot_description
[0.447s] -- Install configuration: ""
[0.447s] -- Up-to-date: /root/workspaces/ros2_ws/install/my_robot_description/share/my_robot_description/urdf
[0.468s] -- Up-to-date: /root/workspaces/ros2_ws/install/my_robot_description/share/my_robot_description/urdf/robot.urdf.xacro
[0.468s] -- Up-to-date: /root/workspaces/ros2_ws/install/my_robot_description/share/my_robot_description/urdf/robot.gazebo.xacro
[0.492s] -- Up-to-date: /root/workspaces/ros2_ws/install/my_robot_description/share/my_robot_description/launch
[0.497s] -- Up-to-date: /root/workspaces/ros2_ws/install/my_robot_description/share/my_robot_description/launch/gazebo.launch.py
[0.516s] -- Up-to-date: /root/workspaces/ros2_ws/install/my_robot_description/share/my_robot_description/launch/display.launch.py
[0.526s] -- Up-to-date: /root/workspaces/ros2_ws/install/my_robot_description/share/my_robot_description/meshes
[0.544s] -- Up-to-date: /root/workspaces/ros2_ws/install/my_robot_description/share/my_robot_description/meshes/zed.stl
[0.563s] -- Up-to-date: /root/workspaces/ros2_ws/install/my_robot_description/share/my_robot_description/meshes/lidar.STL
[0.577s] -- Up-to-date: /root/workspaces/ros2_ws/install/my_robot_description/share/my_robot_description/meshes/.gitkeep
[0.587s] -- Up-to-date: /root/workspaces/ros2_ws/install/my_robot_description/share/my_robot_description/rviz
[0.600s] -- Up-to-date: /root/workspaces/ros2_ws/install/my_robot_description/share/my_robot_description/rviz/nav2.rviz
[0.604s] -- Up-to-date: /root/workspaces/ros2_ws/install/my_robot_description/share/my_robot_description/rviz/rviz.rviz
[0.625s] -- Up-to-date: /root/workspaces/ros2_ws/install/my_robot_description/share/my_robot_description/rviz/amcl.rviz
[0.625s] -- Up-to-date: /root/workspaces/ros2_ws/install/my_robot_description/share/my_robot_description/rviz/.gitkeep
[0.639s] -- Up-to-date: /root/workspaces/ros2_ws/install/my_robot_description/share/my_robot_description/config
[0.644s] -- Up-to-date: /root/workspaces/ros2_ws/install/my_robot_description/share/my_robot_description/config/gz_bridge.yaml
[0.659s] -- Up-to-date: /root/workspaces/ros2_ws/install/my_robot_description/share/ament_index/resource_index/package_run_dependencies/my_robot_description
[0.664s] -- Up-to-date: /root/workspaces/ros2_ws/install/my_robot_description/share/ament_index/resource_index/parent_prefix_path/my_robot_description
[0.674s] -- Up-to-date: /root/workspaces/ros2_ws/install/my_robot_description/share/my_robot_description/environment/ament_prefix_path.sh
[0.692s] -- Up-to-date: /root/workspaces/ros2_ws/install/my_robot_description/share/my_robot_description/environment/ament_prefix_path.dsv
[0.692s] -- Up-to-date: /root/workspaces/ros2_ws/install/my_robot_description/share/my_robot_description/environment/path.sh
[0.720s] -- Up-to-date: /root/workspaces/ros2_ws/install/my_robot_description/share/my_robot_description/environment/path.dsv
[0.738s] -- Up-to-date: /root/workspaces/ros2_ws/install/my_robot_description/share/my_robot_description/local_setup.bash
[0.749s] -- Up-to-date: /root/workspaces/ros2_ws/install/my_robot_description/share/my_robot_description/local_setup.sh
[0.763s] -- Up-to-date: /root/workspaces/ros2_ws/install/my_robot_description/share/my_robot_description/local_setup.zsh
[0.764s] -- Up-to-date: /root/workspaces/ros2_ws/install/my_robot_description/share/my_robot_description/local_setup.dsv
[0.797s] -- Installing: /root/workspaces/ros2_ws/install/my_robot_description/share/my_robot_description/package.dsv
[0.818s] -- Up-to-date: /root/workspaces/ros2_ws/install/my_robot_description/share/ament_index/resource_index/packages/my_robot_description
[0.830s] -- Up-to-date: /root/workspaces/ros2_ws/install/my_robot_description/share/my_robot_description/cmake/my_robot_descriptionConfig.cmake
[0.831s] -- Up-to-date: /root/workspaces/ros2_ws/install/my_robot_description/share/my_robot_description/cmake/my_robot_descriptionConfig-version.cmake
[0.831s] -- Up-to-date: /root/workspaces/ros2_ws/install/my_robot_description/share/my_robot_description/package.xml
[0.833s] Invoked command in '/root/workspaces/ros2_ws/build/my_robot_description' returned '0': CMAKE_PREFIX_PATH=${CMAKE_PREFIX_PATH}:/opt/ros/jazzy /usr/bin/cmake --install /root/workspaces/ros2_ws/build/my_robot_description
