[0.171s] DEBUG:colcon:Command line arguments: ['/usr/bin/colcon', 'build']
[0.171s] DEBUG:colcon:Parsed command line arguments: Namespace(log_base=None, log_level=None, verb_name='build', build_base='build', install_base='install', merge_install=False, symlink_install=False, test_result_base=None, continue_on_error=False, executor='parallel', parallel_workers=4, event_handlers=None, ignore_user_meta=False, metas=['./colcon.meta'], base_paths=['.'], packages_ignore=None, packages_ignore_regex=None, paths=None, packages_up_to=None, packages_up_to_regex=None, packages_above=None, packages_above_and_dependencies=None, packages_above_depth=None, packages_select_by_dep=None, packages_skip_by_dep=None, packages_skip_up_to=None, packages_select_build_failed=False, packages_skip_build_finished=False, packages_select_test_failures=False, packages_skip_test_passed=False, packages_select=None, packages_skip=None, packages_select_regex=None, packages_skip_regex=None, packages_start=None, packages_end=None, allow_overriding=[], cmake_args=None, cmake_target=None, cmake_target_skip_unavailable=False, cmake_clean_cache=False, cmake_clean_first=False, cmake_force_configure=False, ament_cmake_args=None, catkin_cmake_args=None, catkin_skip_building_tests=False, verb_parser=<colcon_defaults.argument_parser.defaults.DefaultArgumentsDecorator object at 0x7f4e1ba55040>, verb_extension=<colcon_core.verb.build.BuildVerb object at 0x7f4e1ba54dd0>, main=<bound method BuildVerb.main of <colcon_core.verb.build.BuildVerb object at 0x7f4e1ba54dd0>>)
[0.244s] Level 1:colcon.colcon_core.package_discovery:discover_packages(colcon_meta) check parameters
[0.244s] Level 1:colcon.colcon_core.package_discovery:discover_packages(recursive) check parameters
[0.250s] Level 1:colcon.colcon_core.package_discovery:discover_packages(ignore) check parameters
[0.254s] Level 1:colcon.colcon_core.package_discovery:discover_packages(path) check parameters
[0.259s] Level 1:colcon.colcon_core.package_discovery:discover_packages(colcon_meta) discover
[0.259s] Level 1:colcon.colcon_core.package_discovery:discover_packages(recursive) discover
[0.259s] INFO:colcon.colcon_core.package_discovery:Crawling recursively for packages in '/root/workspaces/ros2_ws'
[0.260s] Level 1:colcon.colcon_core.package_identification:_identify(.) by extensions ['ignore', 'ignore_ament_install']
[0.265s] Level 1:colcon.colcon_core.package_identification:_identify(.) by extension 'ignore'
[0.265s] Level 1:colcon.colcon_core.package_identification:_identify(.) by extension 'ignore_ament_install'
[0.265s] Level 1:colcon.colcon_core.package_identification:_identify(.) by extensions ['colcon_pkg']
[0.265s] Level 1:colcon.colcon_core.package_identification:_identify(.) by extension 'colcon_pkg'
[0.265s] Level 1:colcon.colcon_core.package_identification:_identify(.) by extensions ['colcon_meta']
[0.265s] Level 1:colcon.colcon_core.package_identification:_identify(.) by extension 'colcon_meta'
[0.265s] Level 1:colcon.colcon_core.package_identification:_identify(.) by extensions ['ros']
[0.265s] Level 1:colcon.colcon_core.package_identification:_identify(.) by extension 'ros'
[0.303s] Level 1:colcon.colcon_core.package_identification:_identify(.) by extensions ['cmake', 'python']
[0.303s] Level 1:colcon.colcon_core.package_identification:_identify(.) by extension 'cmake'
[0.303s] Level 1:colcon.colcon_core.package_identification:_identify(.) by extension 'python'
[0.303s] Level 1:colcon.colcon_core.package_identification:_identify(.) by extensions ['python_setup_py']
[0.303s] Level 1:colcon.colcon_core.package_identification:_identify(.) by extension 'python_setup_py'
[0.309s] Level 1:colcon.colcon_core.package_identification:_identify(build) by extensions ['ignore', 'ignore_ament_install']
[0.309s] Level 1:colcon.colcon_core.package_identification:_identify(build) by extension 'ignore'
[0.328s] Level 1:colcon.colcon_core.package_identification:_identify(build) ignored
[0.334s] Level 1:colcon.colcon_core.package_identification:_identify(install) by extensions ['ignore', 'ignore_ament_install']
[0.341s] Level 1:colcon.colcon_core.package_identification:_identify(install) by extension 'ignore'
[0.347s] Level 1:colcon.colcon_core.package_identification:_identify(install) ignored
[0.353s] Level 1:colcon.colcon_core.package_identification:_identify(log) by extensions ['ignore', 'ignore_ament_install']
[0.353s] Level 1:colcon.colcon_core.package_identification:_identify(log) by extension 'ignore'
[0.354s] Level 1:colcon.colcon_core.package_identification:_identify(log) ignored
[0.361s] Level 1:colcon.colcon_core.package_identification:_identify(src) by extensions ['ignore', 'ignore_ament_install']
[0.368s] Level 1:colcon.colcon_core.package_identification:_identify(src) by extension 'ignore'
[0.368s] Level 1:colcon.colcon_core.package_identification:_identify(src) by extension 'ignore_ament_install'
[0.368s] Level 1:colcon.colcon_core.package_identification:_identify(src) by extensions ['colcon_pkg']
[0.368s] Level 1:colcon.colcon_core.package_identification:_identify(src) by extension 'colcon_pkg'
[0.368s] Level 1:colcon.colcon_core.package_identification:_identify(src) by extensions ['colcon_meta']
[0.368s] Level 1:colcon.colcon_core.package_identification:_identify(src) by extension 'colcon_meta'
[0.368s] Level 1:colcon.colcon_core.package_identification:_identify(src) by extensions ['ros']
[0.368s] Level 1:colcon.colcon_core.package_identification:_identify(src) by extension 'ros'
[0.369s] Level 1:colcon.colcon_core.package_identification:_identify(src) by extensions ['cmake', 'python']
[0.369s] Level 1:colcon.colcon_core.package_identification:_identify(src) by extension 'cmake'
[0.369s] Level 1:colcon.colcon_core.package_identification:_identify(src) by extension 'python'
[0.369s] Level 1:colcon.colcon_core.package_identification:_identify(src) by extensions ['python_setup_py']
[0.369s] Level 1:colcon.colcon_core.package_identification:_identify(src) by extension 'python_setup_py'
[0.370s] Level 1:colcon.colcon_core.package_identification:_identify(src/task6-amcl-final) by extensions ['ignore', 'ignore_ament_install']
[0.373s] Level 1:colcon.colcon_core.package_identification:_identify(src/task6-amcl-final) by extension 'ignore'
[0.374s] Level 1:colcon.colcon_core.package_identification:_identify(src/task6-amcl-final) by extension 'ignore_ament_install'
[0.374s] Level 1:colcon.colcon_core.package_identification:_identify(src/task6-amcl-final) by extensions ['colcon_pkg']
[0.374s] Level 1:colcon.colcon_core.package_identification:_identify(src/task6-amcl-final) by extension 'colcon_pkg'
[0.374s] Level 1:colcon.colcon_core.package_identification:_identify(src/task6-amcl-final) by extensions ['colcon_meta']
[0.374s] Level 1:colcon.colcon_core.package_identification:_identify(src/task6-amcl-final) by extension 'colcon_meta'
[0.374s] Level 1:colcon.colcon_core.package_identification:_identify(src/task6-amcl-final) by extensions ['ros']
[0.374s] Level 1:colcon.colcon_core.package_identification:_identify(src/task6-amcl-final) by extension 'ros'
[0.374s] Level 1:colcon.colcon_core.package_identification:_identify(src/task6-amcl-final) by extensions ['cmake', 'python']
[0.374s] Level 1:colcon.colcon_core.package_identification:_identify(src/task6-amcl-final) by extension 'cmake'
[0.374s] Level 1:colcon.colcon_core.package_identification:_identify(src/task6-amcl-final) by extension 'python'
[0.374s] Level 1:colcon.colcon_core.package_identification:_identify(src/task6-amcl-final) by extensions ['python_setup_py']
[0.374s] Level 1:colcon.colcon_core.package_identification:_identify(src/task6-amcl-final) by extension 'python_setup_py'
[0.375s] Level 1:colcon.colcon_core.package_identification:_identify(src/task6-amcl-final/my_robot_description) by extensions ['ignore', 'ignore_ament_install']
[0.379s] Level 1:colcon.colcon_core.package_identification:_identify(src/task6-amcl-final/my_robot_description) by extension 'ignore'
[0.379s] Level 1:colcon.colcon_core.package_identification:_identify(src/task6-amcl-final/my_robot_description) by extension 'ignore_ament_install'
[0.379s] Level 1:colcon.colcon_core.package_identification:_identify(src/task6-amcl-final/my_robot_description) by extensions ['colcon_pkg']
[0.379s] Level 1:colcon.colcon_core.package_identification:_identify(src/task6-amcl-final/my_robot_description) by extension 'colcon_pkg'
[0.379s] Level 1:colcon.colcon_core.package_identification:_identify(src/task6-amcl-final/my_robot_description) by extensions ['colcon_meta']
[0.379s] Level 1:colcon.colcon_core.package_identification:_identify(src/task6-amcl-final/my_robot_description) by extension 'colcon_meta'
[0.379s] Level 1:colcon.colcon_core.package_identification:_identify(src/task6-amcl-final/my_robot_description) by extensions ['ros']
[0.379s] Level 1:colcon.colcon_core.package_identification:_identify(src/task6-amcl-final/my_robot_description) by extension 'ros'
[0.386s] DEBUG:colcon.colcon_core.package_identification:Package 'src/task6-amcl-final/my_robot_description' with type 'ros.ament_cmake' and name 'my_robot_description'
[0.387s] Level 1:colcon.colcon_core.package_identification:_identify(src/task6-amcl-final/robot_nav) by extensions ['ignore', 'ignore_ament_install']
[0.391s] Level 1:colcon.colcon_core.package_identification:_identify(src/task6-amcl-final/robot_nav) by extension 'ignore'
[0.395s] Level 1:colcon.colcon_core.package_identification:_identify(src/task6-amcl-final/robot_nav) by extension 'ignore_ament_install'
[0.395s] Level 1:colcon.colcon_core.package_identification:_identify(src/task6-amcl-final/robot_nav) by extensions ['colcon_pkg']
[0.395s] Level 1:colcon.colcon_core.package_identification:_identify(src/task6-amcl-final/robot_nav) by extension 'colcon_pkg'
[0.395s] Level 1:colcon.colcon_core.package_identification:_identify(src/task6-amcl-final/robot_nav) by extensions ['colcon_meta']
[0.396s] Level 1:colcon.colcon_core.package_identification:_identify(src/task6-amcl-final/robot_nav) by extension 'colcon_meta'
[0.396s] Level 1:colcon.colcon_core.package_identification:_identify(src/task6-amcl-final/robot_nav) by extensions ['ros']
[0.396s] Level 1:colcon.colcon_core.package_identification:_identify(src/task6-amcl-final/robot_nav) by extension 'ros'
[0.398s] DEBUG:colcon.colcon_core.package_identification:Package 'src/task6-amcl-final/robot_nav' with type 'ros.ament_cmake' and name 'robot_nav'
[0.402s] Level 1:colcon.colcon_core.package_identification:_identify(src/task6-amcl-final/slam_toolbox_demo) by extensions ['ignore', 'ignore_ament_install']
[0.405s] Level 1:colcon.colcon_core.package_identification:_identify(src/task6-amcl-final/slam_toolbox_demo) by extension 'ignore'
[0.410s] Level 1:colcon.colcon_core.package_identification:_identify(src/task6-amcl-final/slam_toolbox_demo) by extension 'ignore_ament_install'
[0.415s] Level 1:colcon.colcon_core.package_identification:_identify(src/task6-amcl-final/slam_toolbox_demo) by extensions ['colcon_pkg']
[0.415s] Level 1:colcon.colcon_core.package_identification:_identify(src/task6-amcl-final/slam_toolbox_demo) by extension 'colcon_pkg'
[0.415s] Level 1:colcon.colcon_core.package_identification:_identify(src/task6-amcl-final/slam_toolbox_demo) by extensions ['colcon_meta']
[0.415s] Level 1:colcon.colcon_core.package_identification:_identify(src/task6-amcl-final/slam_toolbox_demo) by extension 'colcon_meta'
[0.415s] Level 1:colcon.colcon_core.package_identification:_identify(src/task6-amcl-final/slam_toolbox_demo) by extensions ['ros']
[0.415s] Level 1:colcon.colcon_core.package_identification:_identify(src/task6-amcl-final/slam_toolbox_demo) by extension 'ros'
[0.418s] DEBUG:colcon.colcon_core.package_identification:Package 'src/task6-amcl-final/slam_toolbox_demo' with type 'ros.ament_cmake' and name 'slam_toolbox_demo'
[0.424s] Level 1:colcon.colcon_core.package_discovery:discover_packages(recursive) using defaults
[0.429s] Level 1:colcon.colcon_core.package_discovery:discover_packages(ignore) discover
[0.429s] Level 1:colcon.colcon_core.package_discovery:discover_packages(ignore) using defaults
[0.429s] Level 1:colcon.colcon_core.package_discovery:discover_packages(path) discover
[0.430s] Level 1:colcon.colcon_core.package_discovery:discover_packages(path) using defaults
[0.455s] Level 1:colcon.colcon_core.package_discovery:discover_packages(prefix_path) check parameters
[0.455s] Level 1:colcon.colcon_core.package_discovery:discover_packages(prefix_path) discover
[0.492s] DEBUG:colcon.colcon_installed_package_information.package_discovery:Found 3 installed packages in /root/workspaces/ros2_ws/install
[0.500s] DEBUG:colcon.colcon_installed_package_information.package_discovery:Found 3 installed packages in /root/workspaces/turtlebot_ws/install
[0.503s] DEBUG:colcon.colcon_installed_package_information.package_discovery:Found 453 installed packages in /opt/ros/jazzy
[0.505s] Level 1:colcon.colcon_core.package_discovery:discover_packages(prefix_path) using defaults
[0.618s] Level 5:colcon.colcon_core.verb:set package 'my_robot_description' build argument 'cmake_args' from command line to 'None'
[0.619s] Level 5:colcon.colcon_core.verb:set package 'my_robot_description' build argument 'cmake_target' from command line to 'None'
[0.625s] Level 5:colcon.colcon_core.verb:set package 'my_robot_description' build argument 'cmake_target_skip_unavailable' from command line to 'False'
[0.626s] Level 5:colcon.colcon_core.verb:set package 'my_robot_description' build argument 'cmake_clean_cache' from command line to 'False'
[0.626s] Level 5:colcon.colcon_core.verb:set package 'my_robot_description' build argument 'cmake_clean_first' from command line to 'False'
[0.626s] Level 5:colcon.colcon_core.verb:set package 'my_robot_description' build argument 'cmake_force_configure' from command line to 'False'
[0.626s] Level 5:colcon.colcon_core.verb:set package 'my_robot_description' build argument 'ament_cmake_args' from command line to 'None'
[0.626s] Level 5:colcon.colcon_core.verb:set package 'my_robot_description' build argument 'catkin_cmake_args' from command line to 'None'
[0.626s] Level 5:colcon.colcon_core.verb:set package 'my_robot_description' build argument 'catkin_skip_building_tests' from command line to 'False'
[0.626s] DEBUG:colcon.colcon_core.verb:Building package 'my_robot_description' with the following arguments: {'ament_cmake_args': None, 'build_base': '/root/workspaces/ros2_ws/build/my_robot_description', 'catkin_cmake_args': None, 'catkin_skip_building_tests': False, 'cmake_args': None, 'cmake_clean_cache': False, 'cmake_clean_first': False, 'cmake_force_configure': False, 'cmake_target': None, 'cmake_target_skip_unavailable': False, 'install_base': '/root/workspaces/ros2_ws/install/my_robot_description', 'merge_install': False, 'path': '/root/workspaces/ros2_ws/src/task6-amcl-final/my_robot_description', 'symlink_install': False, 'test_result_base': None}
[0.626s] Level 5:colcon.colcon_core.verb:set package 'robot_nav' build argument 'cmake_args' from command line to 'None'
[0.626s] Level 5:colcon.colcon_core.verb:set package 'robot_nav' build argument 'cmake_target' from command line to 'None'
[0.626s] Level 5:colcon.colcon_core.verb:set package 'robot_nav' build argument 'cmake_target_skip_unavailable' from command line to 'False'
[0.626s] Level 5:colcon.colcon_core.verb:set package 'robot_nav' build argument 'cmake_clean_cache' from command line to 'False'
[0.626s] Level 5:colcon.colcon_core.verb:set package 'robot_nav' build argument 'cmake_clean_first' from command line to 'False'
[0.626s] Level 5:colcon.colcon_core.verb:set package 'robot_nav' build argument 'cmake_force_configure' from command line to 'False'
[0.626s] Level 5:colcon.colcon_core.verb:set package 'robot_nav' build argument 'ament_cmake_args' from command line to 'None'
[0.627s] Level 5:colcon.colcon_core.verb:set package 'robot_nav' build argument 'catkin_cmake_args' from command line to 'None'
[0.627s] Level 5:colcon.colcon_core.verb:set package 'robot_nav' build argument 'catkin_skip_building_tests' from command line to 'False'
[0.627s] DEBUG:colcon.colcon_core.verb:Building package 'robot_nav' with the following arguments: {'ament_cmake_args': None, 'build_base': '/root/workspaces/ros2_ws/build/robot_nav', 'catkin_cmake_args': None, 'catkin_skip_building_tests': False, 'cmake_args': None, 'cmake_clean_cache': False, 'cmake_clean_first': False, 'cmake_force_configure': False, 'cmake_target': None, 'cmake_target_skip_unavailable': False, 'install_base': '/root/workspaces/ros2_ws/install/robot_nav', 'merge_install': False, 'path': '/root/workspaces/ros2_ws/src/task6-amcl-final/robot_nav', 'symlink_install': False, 'test_result_base': None}
[0.629s] Level 5:colcon.colcon_core.verb:set package 'slam_toolbox_demo' build argument 'cmake_args' from command line to 'None'
[0.638s] Level 5:colcon.colcon_core.verb:set package 'slam_toolbox_demo' build argument 'cmake_target' from command line to 'None'
[0.643s] Level 5:colcon.colcon_core.verb:set package 'slam_toolbox_demo' build argument 'cmake_target_skip_unavailable' from command line to 'False'
[0.648s] Level 5:colcon.colcon_core.verb:set package 'slam_toolbox_demo' build argument 'cmake_clean_cache' from command line to 'False'
[0.653s] Level 5:colcon.colcon_core.verb:set package 'slam_toolbox_demo' build argument 'cmake_clean_first' from command line to 'False'
[0.658s] Level 5:colcon.colcon_core.verb:set package 'slam_toolbox_demo' build argument 'cmake_force_configure' from command line to 'False'
[0.658s] Level 5:colcon.colcon_core.verb:set package 'slam_toolbox_demo' build argument 'ament_cmake_args' from command line to 'None'
[0.658s] Level 5:colcon.colcon_core.verb:set package 'slam_toolbox_demo' build argument 'catkin_cmake_args' from command line to 'None'
[0.658s] Level 5:colcon.colcon_core.verb:set package 'slam_toolbox_demo' build argument 'catkin_skip_building_tests' from command line to 'False'
[0.658s] DEBUG:colcon.colcon_core.verb:Building package 'slam_toolbox_demo' with the following arguments: {'ament_cmake_args': None, 'build_base': '/root/workspaces/ros2_ws/build/slam_toolbox_demo', 'catkin_cmake_args': None, 'catkin_skip_building_tests': False, 'cmake_args': None, 'cmake_clean_cache': False, 'cmake_clean_first': False, 'cmake_force_configure': False, 'cmake_target': None, 'cmake_target_skip_unavailable': False, 'install_base': '/root/workspaces/ros2_ws/install/slam_toolbox_demo', 'merge_install': False, 'path': '/root/workspaces/ros2_ws/src/task6-amcl-final/slam_toolbox_demo', 'symlink_install': False, 'test_result_base': None}
[0.658s] INFO:colcon.colcon_core.executor:Executing jobs using 'parallel' executor
[0.666s] DEBUG:colcon.colcon_parallel_executor.executor.parallel:run_until_complete
[0.669s] INFO:colcon.colcon_ros.task.ament_cmake.build:Building ROS package in '/root/workspaces/ros2_ws/src/task6-amcl-final/my_robot_description' with build type 'ament_cmake'
[0.674s] INFO:colcon.colcon_cmake.task.cmake.build:Building CMake package in '/root/workspaces/ros2_ws/src/task6-amcl-final/my_robot_description'
[0.676s] INFO:colcon.colcon_core.plugin_system:Skipping extension 'colcon_core.shell.bat': Not used on non-Windows systems
[0.676s] INFO:colcon.colcon_core.shell:Skip shell extension 'powershell' for command environment: Not usable outside of PowerShell
[0.676s] DEBUG:colcon.colcon_core.shell:Skip shell extension 'dsv' for command environment
[0.743s] INFO:colcon.colcon_ros.task.ament_cmake.build:Building ROS package in '/root/workspaces/ros2_ws/src/task6-amcl-final/robot_nav' with build type 'ament_cmake'
[0.743s] INFO:colcon.colcon_cmake.task.cmake.build:Building CMake package in '/root/workspaces/ros2_ws/src/task6-amcl-final/robot_nav'
[0.743s] INFO:colcon.colcon_core.shell:Skip shell extension 'powershell' for command environment: Not usable outside of PowerShell
[0.743s] DEBUG:colcon.colcon_core.shell:Skip shell extension 'dsv' for command environment
[0.799s] INFO:colcon.colcon_ros.task.ament_cmake.build:Building ROS package in '/root/workspaces/ros2_ws/src/task6-amcl-final/slam_toolbox_demo' with build type 'ament_cmake'
[0.799s] INFO:colcon.colcon_cmake.task.cmake.build:Building CMake package in '/root/workspaces/ros2_ws/src/task6-amcl-final/slam_toolbox_demo'
[0.805s] INFO:colcon.colcon_core.shell:Skip shell extension 'powershell' for command environment: Not usable outside of PowerShell
[0.805s] DEBUG:colcon.colcon_core.shell:Skip shell extension 'dsv' for command environment
[0.974s] DEBUG:colcon.colcon_core.event_handler.log_command:Invoking command in '/root/workspaces/ros2_ws/build/my_robot_description': CMAKE_PREFIX_PATH=${CMAKE_PREFIX_PATH}:/opt/ros/jazzy /usr/bin/cmake --build /root/workspaces/ros2_ws/build/my_robot_description -- -j4 -l4
[1.040s] DEBUG:colcon.colcon_core.event_handler.log_command:Invoking command in '/root/workspaces/ros2_ws/build/robot_nav': CMAKE_PREFIX_PATH=${CMAKE_PREFIX_PATH}:/opt/ros/jazzy /usr/bin/cmake --build /root/workspaces/ros2_ws/build/robot_nav -- -j4 -l4
[1.106s] DEBUG:colcon.colcon_core.event_handler.log_command:Invoking command in '/root/workspaces/ros2_ws/build/slam_toolbox_demo': CMAKE_PREFIX_PATH=${CMAKE_PREFIX_PATH}:/opt/ros/jazzy /usr/bin/cmake --build /root/workspaces/ros2_ws/build/slam_toolbox_demo -- -j4 -l4
[1.213s] DEBUG:colcon.colcon_core.event_handler.log_command:Invoked command in '/root/workspaces/ros2_ws/build/my_robot_description' returned '0': CMAKE_PREFIX_PATH=${CMAKE_PREFIX_PATH}:/opt/ros/jazzy /usr/bin/cmake --build /root/workspaces/ros2_ws/build/my_robot_description -- -j4 -l4
[1.254s] DEBUG:colcon.colcon_core.event_handler.log_command:Invoking command in '/root/workspaces/ros2_ws/build/my_robot_description': CMAKE_PREFIX_PATH=${CMAKE_PREFIX_PATH}:/opt/ros/jazzy /usr/bin/cmake --install /root/workspaces/ros2_ws/build/my_robot_description
[1.259s] DEBUG:colcon.colcon_core.event_handler.log_command:Invoked command in '/root/workspaces/ros2_ws/build/robot_nav' returned '0': CMAKE_PREFIX_PATH=${CMAKE_PREFIX_PATH}:/opt/ros/jazzy /usr/bin/cmake --build /root/workspaces/ros2_ws/build/robot_nav -- -j4 -l4
[1.272s] DEBUG:colcon.colcon_core.event_handler.log_command:Invoking command in '/root/workspaces/ros2_ws/build/robot_nav': CMAKE_PREFIX_PATH=${CMAKE_PREFIX_PATH}:/opt/ros/jazzy /usr/bin/cmake --install /root/workspaces/ros2_ws/build/robot_nav
[1.306s] DEBUG:colcon.colcon_core.event_handler.log_command:Invoked command in '/root/workspaces/ros2_ws/build/slam_toolbox_demo' returned '0': CMAKE_PREFIX_PATH=${CMAKE_PREFIX_PATH}:/opt/ros/jazzy /usr/bin/cmake --build /root/workspaces/ros2_ws/build/slam_toolbox_demo -- -j4 -l4
[1.327s] DEBUG:colcon.colcon_core.event_handler.log_command:Invoking command in '/root/workspaces/ros2_ws/build/slam_toolbox_demo': CMAKE_PREFIX_PATH=${CMAKE_PREFIX_PATH}:/opt/ros/jazzy /usr/bin/cmake --install /root/workspaces/ros2_ws/build/slam_toolbox_demo
[1.553s] Level 1:colcon.colcon_core.environment:create_environment_scripts_only(my_robot_description)
[1.556s] Level 1:colcon.colcon_core.environment:checking '/root/workspaces/ros2_ws/install/my_robot_description' for CMake module files
[1.562s] Level 1:colcon.colcon_core.environment:checking '/root/workspaces/ros2_ws/install/my_robot_description' for CMake config files
[1.576s] Level 1:colcon.colcon_core.shell:create_environment_hook('my_robot_description', 'cmake_prefix_path')
[1.577s] INFO:colcon.colcon_core.shell:Creating environment hook '/root/workspaces/ros2_ws/install/my_robot_description/share/my_robot_description/hook/cmake_prefix_path.ps1'
[1.590s] DEBUG:colcon.colcon_core.event_handler.log_command:Invoked command in '/root/workspaces/ros2_ws/build/my_robot_description' returned '0': CMAKE_PREFIX_PATH=${CMAKE_PREFIX_PATH}:/opt/ros/jazzy /usr/bin/cmake --install /root/workspaces/ros2_ws/build/my_robot_description
[1.597s] INFO:colcon.colcon_core.shell:Creating environment descriptor '/root/workspaces/ros2_ws/install/my_robot_description/share/my_robot_description/hook/cmake_prefix_path.dsv'
[1.614s] INFO:colcon.colcon_core.shell:Creating environment hook '/root/workspaces/ros2_ws/install/my_robot_description/share/my_robot_description/hook/cmake_prefix_path.sh'
[1.633s] Level 1:colcon.colcon_core.environment:checking '/root/workspaces/ros2_ws/install/my_robot_description/bin'
[1.633s] Level 1:colcon.colcon_core.environment:checking '/root/workspaces/ros2_ws/install/my_robot_description/lib/pkgconfig/my_robot_description.pc'
[1.633s] Level 1:colcon.colcon_core.environment:checking '/root/workspaces/ros2_ws/install/my_robot_description/lib/python3.12/site-packages'
[1.634s] Level 1:colcon.colcon_core.environment:checking '/root/workspaces/ros2_ws/install/my_robot_description/bin'
[1.636s] INFO:colcon.colcon_core.shell:Creating package script '/root/workspaces/ros2_ws/install/my_robot_description/share/my_robot_description/package.ps1'
[1.656s] INFO:colcon.colcon_core.shell:Creating package descriptor '/root/workspaces/ros2_ws/install/my_robot_description/share/my_robot_description/package.dsv'
[1.673s] INFO:colcon.colcon_core.shell:Creating package script '/root/workspaces/ros2_ws/install/my_robot_description/share/my_robot_description/package.sh'
[1.692s] INFO:colcon.colcon_core.shell:Creating package script '/root/workspaces/ros2_ws/install/my_robot_description/share/my_robot_description/package.bash'
[1.710s] INFO:colcon.colcon_core.shell:Creating package script '/root/workspaces/ros2_ws/install/my_robot_description/share/my_robot_description/package.zsh'
[1.729s] Level 1:colcon.colcon_core.environment:create_file_with_runtime_dependencies(/root/workspaces/ros2_ws/install/my_robot_description/share/colcon-core/packages/my_robot_description)
[1.752s] Level 1:colcon.colcon_core.environment:create_environment_scripts_only(my_robot_description)
[1.752s] Level 1:colcon.colcon_core.environment:checking '/root/workspaces/ros2_ws/install/my_robot_description' for CMake module files
[1.755s] Level 1:colcon.colcon_core.environment:checking '/root/workspaces/ros2_ws/install/my_robot_description' for CMake config files
[1.768s] Level 1:colcon.colcon_core.shell:create_environment_hook('my_robot_description', 'cmake_prefix_path')
[1.768s] INFO:colcon.colcon_core.shell:Creating environment hook '/root/workspaces/ros2_ws/install/my_robot_description/share/my_robot_description/hook/cmake_prefix_path.ps1'
[1.785s] INFO:colcon.colcon_core.shell:Creating environment descriptor '/root/workspaces/ros2_ws/install/my_robot_description/share/my_robot_description/hook/cmake_prefix_path.dsv'
[1.802s] INFO:colcon.colcon_core.shell:Creating environment hook '/root/workspaces/ros2_ws/install/my_robot_description/share/my_robot_description/hook/cmake_prefix_path.sh'
[1.821s] Level 1:colcon.colcon_core.environment:checking '/root/workspaces/ros2_ws/install/my_robot_description/bin'
[1.821s] Level 1:colcon.colcon_core.environment:checking '/root/workspaces/ros2_ws/install/my_robot_description/lib/pkgconfig/my_robot_description.pc'
[1.822s] Level 1:colcon.colcon_core.environment:checking '/root/workspaces/ros2_ws/install/my_robot_description/lib/python3.12/site-packages'
[1.822s] Level 1:colcon.colcon_core.environment:checking '/root/workspaces/ros2_ws/install/my_robot_description/bin'
[1.822s] INFO:colcon.colcon_core.shell:Creating package script '/root/workspaces/ros2_ws/install/my_robot_description/share/my_robot_description/package.ps1'
[1.841s] INFO:colcon.colcon_core.shell:Creating package descriptor '/root/workspaces/ros2_ws/install/my_robot_description/share/my_robot_description/package.dsv'
[1.858s] INFO:colcon.colcon_core.shell:Creating package script '/root/workspaces/ros2_ws/install/my_robot_description/share/my_robot_description/package.sh'
[1.876s] INFO:colcon.colcon_core.shell:Creating package script '/root/workspaces/ros2_ws/install/my_robot_description/share/my_robot_description/package.bash'
[1.893s] INFO:colcon.colcon_core.shell:Creating package script '/root/workspaces/ros2_ws/install/my_robot_description/share/my_robot_description/package.zsh'
[1.910s] Level 1:colcon.colcon_core.environment:create_file_with_runtime_dependencies(/root/workspaces/ros2_ws/install/my_robot_description/share/colcon-core/packages/my_robot_description)
[1.928s] Level 1:colcon.colcon_core.environment:create_environment_scripts_only(robot_nav)
[1.928s] Level 1:colcon.colcon_core.environment:checking '/root/workspaces/ros2_ws/install/robot_nav' for CMake module files
[1.934s] Level 1:colcon.colcon_core.environment:checking '/root/workspaces/ros2_ws/install/robot_nav' for CMake config files
[1.950s] DEBUG:colcon.colcon_core.event_handler.log_command:Invoked command in '/root/workspaces/ros2_ws/build/robot_nav' returned '0': CMAKE_PREFIX_PATH=${CMAKE_PREFIX_PATH}:/opt/ros/jazzy /usr/bin/cmake --install /root/workspaces/ros2_ws/build/robot_nav
[1.954s] Level 1:colcon.colcon_core.shell:create_environment_hook('robot_nav', 'cmake_prefix_path')
[1.955s] INFO:colcon.colcon_core.shell:Creating environment hook '/root/workspaces/ros2_ws/install/robot_nav/share/robot_nav/hook/cmake_prefix_path.ps1'
[1.973s] INFO:colcon.colcon_core.shell:Creating environment descriptor '/root/workspaces/ros2_ws/install/robot_nav/share/robot_nav/hook/cmake_prefix_path.dsv'
[1.990s] INFO:colcon.colcon_core.shell:Creating environment hook '/root/workspaces/ros2_ws/install/robot_nav/share/robot_nav/hook/cmake_prefix_path.sh'
[2.008s] Level 1:colcon.colcon_core.environment:checking '/root/workspaces/ros2_ws/install/robot_nav/bin'
[2.008s] Level 1:colcon.colcon_core.environment:checking '/root/workspaces/ros2_ws/install/robot_nav/lib/pkgconfig/robot_nav.pc'
[2.009s] Level 1:colcon.colcon_core.environment:checking '/root/workspaces/ros2_ws/install/robot_nav/lib/python3.12/site-packages'
[2.014s] Level 1:colcon.colcon_core.environment:checking '/root/workspaces/ros2_ws/install/robot_nav/bin'
[2.019s] INFO:colcon.colcon_core.shell:Creating package script '/root/workspaces/ros2_ws/install/robot_nav/share/robot_nav/package.ps1'
[2.040s] INFO:colcon.colcon_core.shell:Creating package descriptor '/root/workspaces/ros2_ws/install/robot_nav/share/robot_nav/package.dsv'
[2.057s] INFO:colcon.colcon_core.shell:Creating package script '/root/workspaces/ros2_ws/install/robot_nav/share/robot_nav/package.sh'
[2.073s] INFO:colcon.colcon_core.shell:Creating package script '/root/workspaces/ros2_ws/install/robot_nav/share/robot_nav/package.bash'
[2.089s] INFO:colcon.colcon_core.shell:Creating package script '/root/workspaces/ros2_ws/install/robot_nav/share/robot_nav/package.zsh'
[2.105s] Level 1:colcon.colcon_core.environment:create_file_with_runtime_dependencies(/root/workspaces/ros2_ws/install/robot_nav/share/colcon-core/packages/robot_nav)
[2.114s] Level 1:colcon.colcon_core.environment:create_environment_scripts_only(robot_nav)
[2.114s] Level 1:colcon.colcon_core.environment:checking '/root/workspaces/ros2_ws/install/robot_nav' for CMake module files
[2.119s] Level 1:colcon.colcon_core.environment:checking '/root/workspaces/ros2_ws/install/robot_nav' for CMake config files
[2.132s] Level 1:colcon.colcon_core.shell:create_environment_hook('robot_nav', 'cmake_prefix_path')
[2.132s] INFO:colcon.colcon_core.shell:Creating environment hook '/root/workspaces/ros2_ws/install/robot_nav/share/robot_nav/hook/cmake_prefix_path.ps1'
[2.150s] INFO:colcon.colcon_core.shell:Creating environment descriptor '/root/workspaces/ros2_ws/install/robot_nav/share/robot_nav/hook/cmake_prefix_path.dsv'
[2.167s] INFO:colcon.colcon_core.shell:Creating environment hook '/root/workspaces/ros2_ws/install/robot_nav/share/robot_nav/hook/cmake_prefix_path.sh'
[2.184s] Level 1:colcon.colcon_core.environment:checking '/root/workspaces/ros2_ws/install/robot_nav/bin'
[2.185s] Level 1:colcon.colcon_core.environment:checking '/root/workspaces/ros2_ws/install/robot_nav/lib/pkgconfig/robot_nav.pc'
[2.185s] Level 1:colcon.colcon_core.environment:checking '/root/workspaces/ros2_ws/install/robot_nav/lib/python3.12/site-packages'
[2.190s] Level 1:colcon.colcon_core.environment:checking '/root/workspaces/ros2_ws/install/robot_nav/bin'
[2.195s] INFO:colcon.colcon_core.shell:Creating package script '/root/workspaces/ros2_ws/install/robot_nav/share/robot_nav/package.ps1'
[2.216s] INFO:colcon.colcon_core.shell:Creating package descriptor '/root/workspaces/ros2_ws/install/robot_nav/share/robot_nav/package.dsv'
[2.233s] INFO:colcon.colcon_core.shell:Creating package script '/root/workspaces/ros2_ws/install/robot_nav/share/robot_nav/package.sh'
[2.251s] INFO:colcon.colcon_core.shell:Creating package script '/root/workspaces/ros2_ws/install/robot_nav/share/robot_nav/package.bash'
[2.272s] INFO:colcon.colcon_core.shell:Creating package script '/root/workspaces/ros2_ws/install/robot_nav/share/robot_nav/package.zsh'
[2.290s] Level 1:colcon.colcon_core.environment:create_file_with_runtime_dependencies(/root/workspaces/ros2_ws/install/robot_nav/share/colcon-core/packages/robot_nav)
[2.294s] Level 1:colcon.colcon_core.environment:create_environment_scripts_only(slam_toolbox_demo)
[2.296s] Level 1:colcon.colcon_core.environment:checking '/root/workspaces/ros2_ws/install/slam_toolbox_demo' for CMake module files
[2.302s] Level 1:colcon.colcon_core.environment:checking '/root/workspaces/ros2_ws/install/slam_toolbox_demo' for CMake config files
[2.316s] DEBUG:colcon.colcon_core.event_handler.log_command:Invoked command in '/root/workspaces/ros2_ws/build/slam_toolbox_demo' returned '0': CMAKE_PREFIX_PATH=${CMAKE_PREFIX_PATH}:/opt/ros/jazzy /usr/bin/cmake --install /root/workspaces/ros2_ws/build/slam_toolbox_demo
[2.324s] Level 1:colcon.colcon_core.shell:create_environment_hook('slam_toolbox_demo', 'cmake_prefix_path')
[2.324s] INFO:colcon.colcon_core.shell:Creating environment hook '/root/workspaces/ros2_ws/install/slam_toolbox_demo/share/slam_toolbox_demo/hook/cmake_prefix_path.ps1'
[2.342s] INFO:colcon.colcon_core.shell:Creating environment descriptor '/root/workspaces/ros2_ws/install/slam_toolbox_demo/share/slam_toolbox_demo/hook/cmake_prefix_path.dsv'
[2.359s] INFO:colcon.colcon_core.shell:Creating environment hook '/root/workspaces/ros2_ws/install/slam_toolbox_demo/share/slam_toolbox_demo/hook/cmake_prefix_path.sh'
[2.375s] Level 1:colcon.colcon_core.environment:checking '/root/workspaces/ros2_ws/install/slam_toolbox_demo/bin'
[2.375s] Level 1:colcon.colcon_core.environment:checking '/root/workspaces/ros2_ws/install/slam_toolbox_demo/lib/pkgconfig/slam_toolbox_demo.pc'
[2.381s] Level 1:colcon.colcon_core.environment:checking '/root/workspaces/ros2_ws/install/slam_toolbox_demo/lib/python3.12/site-packages'
[2.387s] Level 1:colcon.colcon_core.environment:checking '/root/workspaces/ros2_ws/install/slam_toolbox_demo/bin'
[2.392s] INFO:colcon.colcon_core.shell:Creating package script '/root/workspaces/ros2_ws/install/slam_toolbox_demo/share/slam_toolbox_demo/package.ps1'
[2.413s] INFO:colcon.colcon_core.shell:Creating package descriptor '/root/workspaces/ros2_ws/install/slam_toolbox_demo/share/slam_toolbox_demo/package.dsv'
[2.432s] INFO:colcon.colcon_core.shell:Creating package script '/root/workspaces/ros2_ws/install/slam_toolbox_demo/share/slam_toolbox_demo/package.sh'
[2.449s] INFO:colcon.colcon_core.shell:Creating package script '/root/workspaces/ros2_ws/install/slam_toolbox_demo/share/slam_toolbox_demo/package.bash'
[2.465s] INFO:colcon.colcon_core.shell:Creating package script '/root/workspaces/ros2_ws/install/slam_toolbox_demo/share/slam_toolbox_demo/package.zsh'
[2.481s] Level 1:colcon.colcon_core.environment:create_file_with_runtime_dependencies(/root/workspaces/ros2_ws/install/slam_toolbox_demo/share/colcon-core/packages/slam_toolbox_demo)
[2.490s] Level 1:colcon.colcon_core.environment:create_environment_scripts_only(slam_toolbox_demo)
[2.490s] Level 1:colcon.colcon_core.environment:checking '/root/workspaces/ros2_ws/install/slam_toolbox_demo' for CMake module files
[2.495s] Level 1:colcon.colcon_core.environment:checking '/root/workspaces/ros2_ws/install/slam_toolbox_demo' for CMake config files
[2.509s] Level 1:colcon.colcon_core.shell:create_environment_hook('slam_toolbox_demo', 'cmake_prefix_path')
[2.510s] INFO:colcon.colcon_core.shell:Creating environment hook '/root/workspaces/ros2_ws/install/slam_toolbox_demo/share/slam_toolbox_demo/hook/cmake_prefix_path.ps1'
[2.532s] INFO:colcon.colcon_core.shell:Creating environment descriptor '/root/workspaces/ros2_ws/install/slam_toolbox_demo/share/slam_toolbox_demo/hook/cmake_prefix_path.dsv'
[2.552s] INFO:colcon.colcon_core.shell:Creating environment hook '/root/workspaces/ros2_ws/install/slam_toolbox_demo/share/slam_toolbox_demo/hook/cmake_prefix_path.sh'
[2.569s] Level 1:colcon.colcon_core.environment:checking '/root/workspaces/ros2_ws/install/slam_toolbox_demo/bin'
[2.569s] Level 1:colcon.colcon_core.environment:checking '/root/workspaces/ros2_ws/install/slam_toolbox_demo/lib/pkgconfig/slam_toolbox_demo.pc'
[2.570s] Level 1:colcon.colcon_core.environment:checking '/root/workspaces/ros2_ws/install/slam_toolbox_demo/lib/python3.12/site-packages'
[2.575s] Level 1:colcon.colcon_core.environment:checking '/root/workspaces/ros2_ws/install/slam_toolbox_demo/bin'
[2.575s] INFO:colcon.colcon_core.shell:Creating package script '/root/workspaces/ros2_ws/install/slam_toolbox_demo/share/slam_toolbox_demo/package.ps1'
[2.600s] INFO:colcon.colcon_core.shell:Creating package descriptor '/root/workspaces/ros2_ws/install/slam_toolbox_demo/share/slam_toolbox_demo/package.dsv'
[2.618s] INFO:colcon.colcon_core.shell:Creating package script '/root/workspaces/ros2_ws/install/slam_toolbox_demo/share/slam_toolbox_demo/package.sh'
[2.637s] INFO:colcon.colcon_core.shell:Creating package script '/root/workspaces/ros2_ws/install/slam_toolbox_demo/share/slam_toolbox_demo/package.bash'
[2.655s] INFO:colcon.colcon_core.shell:Creating package script '/root/workspaces/ros2_ws/install/slam_toolbox_demo/share/slam_toolbox_demo/package.zsh'
[2.672s] Level 1:colcon.colcon_core.environment:create_file_with_runtime_dependencies(/root/workspaces/ros2_ws/install/slam_toolbox_demo/share/colcon-core/packages/slam_toolbox_demo)
[2.675s] DEBUG:colcon.colcon_parallel_executor.executor.parallel:closing loop
[2.678s] DEBUG:colcon.colcon_parallel_executor.executor.parallel:loop closed
[2.678s] DEBUG:colcon.colcon_parallel_executor.executor.parallel:run_until_complete finished with '0'
[2.678s] DEBUG:colcon.colcon_core.event_reactor:joining thread
[2.711s] INFO:colcon.colcon_core.plugin_system:Skipping extension 'colcon_notification.desktop_notification.notify_send': Could not find 'notify-send'
[2.711s] INFO:colcon.colcon_core.plugin_system:Skipping extension 'colcon_notification.desktop_notification.terminal_notifier': Not used on non-Darwin systems
[2.717s] INFO:colcon.colcon_core.plugin_system:Skipping extension 'colcon_notification.desktop_notification.win32': Not used on non-Windows systems
[2.723s] INFO:colcon.colcon_notification.desktop_notification:Sending desktop notification using 'notify2'
[2.744s] DEBUG:colcon.colcon_notification.desktop_notification.notify2:Failed to initialize notify2: org.freedesktop.DBus.Error.Spawn.ExecFailed: /usr/bin/dbus-launch terminated abnormally without any error message
[2.744s] DEBUG:colcon.colcon_core.event_reactor:joined thread
[2.750s] INFO:colcon.colcon_core.shell:Creating prefix script '/root/workspaces/ros2_ws/install/local_setup.ps1'
[2.768s] INFO:colcon.colcon_core.shell:Creating prefix util module '/root/workspaces/ros2_ws/install/_local_setup_util_ps1.py'
[2.788s] INFO:colcon.colcon_core.shell:Creating prefix chain script '/root/workspaces/ros2_ws/install/setup.ps1'
[2.823s] INFO:colcon.colcon_core.shell:Creating prefix script '/root/workspaces/ros2_ws/install/local_setup.sh'
[2.842s] INFO:colcon.colcon_core.shell:Creating prefix util module '/root/workspaces/ros2_ws/install/_local_setup_util_sh.py'
[2.862s] INFO:colcon.colcon_core.shell:Creating prefix chain script '/root/workspaces/ros2_ws/install/setup.sh'
[2.898s] INFO:colcon.colcon_core.shell:Creating prefix script '/root/workspaces/ros2_ws/install/local_setup.bash'
[2.917s] INFO:colcon.colcon_core.shell:Creating prefix chain script '/root/workspaces/ros2_ws/install/setup.bash'
[2.951s] INFO:colcon.colcon_core.shell:Creating prefix script '/root/workspaces/ros2_ws/install/local_setup.zsh'
[2.971s] INFO:colcon.colcon_core.shell:Creating prefix chain script '/root/workspaces/ros2_ws/install/setup.zsh'
