[0.303s] Invoking command in '/root/workspaces/ros2_ws/build/my_robot_description': CMAKE_PREFIX_PATH=${CMAKE_PREFIX_PATH}:/opt/ros/jazzy /usr/bin/cmake --build /root/workspaces/ros2_ws/build/my_robot_description -- -j4 -l4
[0.542s] Invoked command in '/root/workspaces/ros2_ws/build/my_robot_description' returned '0': CMAKE_PREFIX_PATH=${CMAKE_PREFIX_PATH}:/opt/ros/jazzy /usr/bin/cmake --build /root/workspaces/ros2_ws/build/my_robot_description -- -j4 -l4
[0.583s] Invoking command in '/root/workspaces/ros2_ws/build/my_robot_description': CMAKE_PREFIX_PATH=${CMAKE_PREFIX_PATH}:/opt/ros/jazzy /usr/bin/cmake --install /root/workspaces/ros2_ws/build/my_robot_description
[0.598s] -- Install configuration: ""
[0.599s] -- Up-to-date: /root/workspaces/ros2_ws/install/my_robot_description/share/my_robot_description/urdf
[0.624s] -- Up-to-date: /root/workspaces/ros2_ws/install/my_robot_description/share/my_robot_description/urdf/robot.urdf.xacro
[0.645s] -- Up-to-date: /root/workspaces/ros2_ws/install/my_robot_description/share/my_robot_description/urdf/robot.gazebo.xacro
[0.655s] -- Up-to-date: /root/workspaces/ros2_ws/install/my_robot_description/share/my_robot_description/launch
[0.667s] -- Up-to-date: /root/workspaces/ros2_ws/install/my_robot_description/share/my_robot_description/launch/gazebo.launch.py
[0.678s] -- Up-to-date: /root/workspaces/ros2_ws/install/my_robot_description/share/my_robot_description/launch/display.launch.py
[0.678s] -- Up-to-date: /root/workspaces/ros2_ws/install/my_robot_description/share/my_robot_description/meshes
[0.679s] -- Up-to-date: /root/workspaces/ros2_ws/install/my_robot_description/share/my_robot_description/meshes/zed.stl
[0.680s] -- Up-to-date: /root/workspaces/ros2_ws/install/my_robot_description/share/my_robot_description/meshes/lidar.STL
[0.689s] -- Up-to-date: /root/workspaces/ros2_ws/install/my_robot_description/share/my_robot_description/meshes/.gitkeep
[0.693s] -- Up-to-date: /root/workspaces/ros2_ws/install/my_robot_description/share/my_robot_description/rviz
[0.709s] -- Up-to-date: /root/workspaces/ros2_ws/install/my_robot_description/share/my_robot_description/rviz/nav2.rviz
[0.712s] -- Up-to-date: /root/workspaces/ros2_ws/install/my_robot_description/share/my_robot_description/rviz/rviz.rviz
[0.731s] -- Up-to-date: /root/workspaces/ros2_ws/install/my_robot_description/share/my_robot_description/rviz/amcl.rviz
[0.742s] -- Up-to-date: /root/workspaces/ros2_ws/install/my_robot_description/share/my_robot_description/rviz/.gitkeep
[0.758s] -- Up-to-date: /root/workspaces/ros2_ws/install/my_robot_description/share/my_robot_description/config
[0.758s] -- Up-to-date: /root/workspaces/ros2_ws/install/my_robot_description/share/my_robot_description/config/gz_bridge.yaml
[0.758s] -- Up-to-date: /root/workspaces/ros2_ws/install/my_robot_description/share/ament_index/resource_index/package_run_dependencies/my_robot_description
[0.758s] -- Up-to-date: /root/workspaces/ros2_ws/install/my_robot_description/share/ament_index/resource_index/parent_prefix_path/my_robot_description
[0.759s] -- Up-to-date: /root/workspaces/ros2_ws/install/my_robot_description/share/my_robot_description/environment/ament_prefix_path.sh
[0.760s] -- Up-to-date: /root/workspaces/ros2_ws/install/my_robot_description/share/my_robot_description/environment/ament_prefix_path.dsv
[0.765s] -- Up-to-date: /root/workspaces/ros2_ws/install/my_robot_description/share/my_robot_description/environment/path.sh
[0.770s] -- Up-to-date: /root/workspaces/ros2_ws/install/my_robot_description/share/my_robot_description/environment/path.dsv
[0.778s] -- Up-to-date: /root/workspaces/ros2_ws/install/my_robot_description/share/my_robot_description/local_setup.bash
[0.780s] -- Up-to-date: /root/workspaces/ros2_ws/install/my_robot_description/share/my_robot_description/local_setup.sh
[0.784s] -- Up-to-date: /root/workspaces/ros2_ws/install/my_robot_description/share/my_robot_description/local_setup.zsh
[0.789s] -- Up-to-date: /root/workspaces/ros2_ws/install/my_robot_description/share/my_robot_description/local_setup.dsv
[0.806s] -- Installing: /root/workspaces/ros2_ws/install/my_robot_description/share/my_robot_description/package.dsv
[0.859s] -- Up-to-date: /root/workspaces/ros2_ws/install/my_robot_description/share/ament_index/resource_index/packages/my_robot_description
[0.878s] -- Up-to-date: /root/workspaces/ros2_ws/install/my_robot_description/share/my_robot_description/cmake/my_robot_descriptionConfig.cmake
[0.879s] -- Up-to-date: /root/workspaces/ros2_ws/install/my_robot_description/share/my_robot_description/cmake/my_robot_descriptionConfig-version.cmake
[0.908s] -- Up-to-date: /root/workspaces/ros2_ws/install/my_robot_description/share/my_robot_description/package.xml
[0.919s] Invoked command in '/root/workspaces/ros2_ws/build/my_robot_description' returned '0': CMAKE_PREFIX_PATH=${CMAKE_PREFIX_PATH}:/opt/ros/jazzy /usr/bin/cmake --install /root/workspaces/ros2_ws/build/my_robot_description
