[0.307s] Invoking command in '/root/workspaces/ros2_ws/build/slam_toolbox_demo': CMAKE_PREFIX_PATH=${CMAKE_PREFIX_PATH}:/opt/ros/jazzy /usr/bin/cmake --build /root/workspaces/ros2_ws/build/slam_toolbox_demo -- -j4 -l4
[0.506s] Invoked command in '/root/workspaces/ros2_ws/build/slam_toolbox_demo' returned '0': CMAKE_PREFIX_PATH=${CMAKE_PREFIX_PATH}:/opt/ros/jazzy /usr/bin/cmake --build /root/workspaces/ros2_ws/build/slam_toolbox_demo -- -j4 -l4
[0.527s] Invoking command in '/root/workspaces/ros2_ws/build/slam_toolbox_demo': CMAKE_PREFIX_PATH=${CMAKE_PREFIX_PATH}:/opt/ros/jazzy /usr/bin/cmake --install /root/workspaces/ros2_ws/build/slam_toolbox_demo
[0.590s] -- Install configuration: ""
[0.590s] -- Up-to-date: /root/workspaces/ros2_ws/install/slam_toolbox_demo/share/slam_toolbox_demo/launch
[0.613s] -- Up-to-date: /root/workspaces/ros2_ws/install/slam_toolbox_demo/share/slam_toolbox_demo/launch/slam_toolbox_online_async.launch.py
[0.630s] -- Up-to-date: /root/workspaces/ros2_ws/install/slam_toolbox_demo/share/slam_toolbox_demo/launch/localization.launch.py
[0.630s] -- Up-to-date: /root/workspaces/ros2_ws/install/slam_toolbox_demo/share/slam_toolbox_demo/config
[0.630s] -- Up-to-date: /root/workspaces/ros2_ws/install/slam_toolbox_demo/share/slam_toolbox_demo/config/slam_toolbox_localization.yaml
[0.631s] -- Up-to-date: /root/workspaces/ros2_ws/install/slam_toolbox_demo/share/slam_toolbox_demo/config/slam_toolbox_online_async.yaml
[0.635s] -- Up-to-date: /root/workspaces/ros2_ws/install/slam_toolbox_demo/share/slam_toolbox_demo/map
[0.649s] -- Up-to-date: /root/workspaces/ros2_ws/install/slam_toolbox_demo/share/slam_toolbox_demo/map/turtlebot3_world_map.pgm
[0.655s] -- Up-to-date: /root/workspaces/ros2_ws/install/slam_toolbox_demo/share/slam_toolbox_demo/map/turtlebot3_world_map.yaml
[0.660s] -- Up-to-date: /root/workspaces/ros2_ws/install/slam_toolbox_demo/share/slam_toolbox_demo/posegraph
[0.687s] -- Up-to-date: /root/workspaces/ros2_ws/install/slam_toolbox_demo/share/slam_toolbox_demo/posegraph/turtlebot3_world.posegraph
[0.687s] -- Up-to-date: /root/workspaces/ros2_ws/install/slam_toolbox_demo/share/slam_toolbox_demo/posegraph/turtlebot3_world.data
[0.687s] -- Up-to-date: /root/workspaces/ros2_ws/install/slam_toolbox_demo/share/ament_index/resource_index/package_run_dependencies/slam_toolbox_demo
[0.690s] -- Up-to-date: /root/workspaces/ros2_ws/install/slam_toolbox_demo/share/ament_index/resource_index/parent_prefix_path/slam_toolbox_demo
[0.696s] -- Up-to-date: /root/workspaces/ros2_ws/install/slam_toolbox_demo/share/slam_toolbox_demo/environment/ament_prefix_path.sh
[0.707s] -- Up-to-date: /root/workspaces/ros2_ws/install/slam_toolbox_demo/share/slam_toolbox_demo/environment/ament_prefix_path.dsv
[0.707s] -- Up-to-date: /root/workspaces/ros2_ws/install/slam_toolbox_demo/share/slam_toolbox_demo/environment/path.sh
[0.725s] -- Up-to-date: /root/workspaces/ros2_ws/install/slam_toolbox_demo/share/slam_toolbox_demo/environment/path.dsv
[0.731s] -- Up-to-date: /root/workspaces/ros2_ws/install/slam_toolbox_demo/share/slam_toolbox_demo/local_setup.bash
[0.750s] -- Up-to-date: /root/workspaces/ros2_ws/install/slam_toolbox_demo/share/slam_toolbox_demo/local_setup.sh
[0.769s] -- Up-to-date: /root/workspaces/ros2_ws/install/slam_toolbox_demo/share/slam_toolbox_demo/local_setup.zsh
[0.790s] -- Up-to-date: /root/workspaces/ros2_ws/install/slam_toolbox_demo/share/slam_toolbox_demo/local_setup.dsv
[0.790s] -- Installing: /root/workspaces/ros2_ws/install/slam_toolbox_demo/share/slam_toolbox_demo/package.dsv
[0.791s] -- Up-to-date: /root/workspaces/ros2_ws/install/slam_toolbox_demo/share/ament_index/resource_index/packages/slam_toolbox_demo
[0.799s] -- Up-to-date: /root/workspaces/ros2_ws/install/slam_toolbox_demo/share/slam_toolbox_demo/cmake/slam_toolbox_demoConfig.cmake
[0.803s] -- Up-to-date: /root/workspaces/ros2_ws/install/slam_toolbox_demo/share/slam_toolbox_demo/cmake/slam_toolbox_demoConfig-version.cmake
[0.813s] -- Up-to-date: /root/workspaces/ros2_ws/install/slam_toolbox_demo/share/slam_toolbox_demo/package.xml
[1.517s] Invoked command in '/root/workspaces/ros2_ws/build/slam_toolbox_demo' returned '0': CMAKE_PREFIX_PATH=${CMAKE_PREFIX_PATH}:/opt/ros/jazzy /usr/bin/cmake --install /root/workspaces/ros2_ws/build/slam_toolbox_demo
