[0.213s] DEBUG:colcon:Command line arguments: ['/usr/bin/colcon', 'build']
[0.213s] DEBUG:colcon:Parsed command line arguments: Namespace(log_base=None, log_level=None, verb_name='build', build_base='build', install_base='install', merge_install=False, symlink_install=False, test_result_base=None, continue_on_error=False, executor='parallel', parallel_workers=4, event_handlers=None, ignore_user_meta=False, metas=['./colcon.meta'], base_paths=['.'], packages_ignore=None, packages_ignore_regex=None, paths=None, packages_up_to=None, packages_up_to_regex=None, packages_above=None, packages_above_and_dependencies=None, packages_above_depth=None, packages_select_by_dep=None, packages_skip_by_dep=None, packages_skip_up_to=None, packages_select_build_failed=False, packages_skip_build_finished=False, packages_select_test_failures=False, packages_skip_test_passed=False, packages_select=None, packages_skip=None, packages_select_regex=None, packages_skip_regex=None, packages_start=None, packages_end=None, allow_overriding=[], cmake_args=None, cmake_target=None, cmake_target_skip_unavailable=False, cmake_clean_cache=False, cmake_clean_first=False, cmake_force_configure=False, ament_cmake_args=None, catkin_cmake_args=None, catkin_skip_building_tests=False, verb_parser=<colcon_defaults.argument_parser.defaults.DefaultArgumentsDecorator object at 0x7f16d30e4e60>, verb_extension=<colcon_core.verb.build.BuildVerb object at 0x7f16d30e4bf0>, main=<bound method BuildVerb.main of <colcon_core.verb.build.BuildVerb object at 0x7f16d30e4bf0>>)
[0.270s] Level 1:colcon.colcon_core.package_discovery:discover_packages(colcon_meta) check parameters
[0.271s] Level 1:colcon.colcon_core.package_discovery:discover_packages(recursive) check parameters
[0.276s] Level 1:colcon.colcon_core.package_discovery:discover_packages(ignore) check parameters
[0.281s] Level 1:colcon.colcon_core.package_discovery:discover_packages(path) check parameters
[0.281s] Level 1:colcon.colcon_core.package_discovery:discover_packages(colcon_meta) discover
[0.281s] Level 1:colcon.colcon_core.package_discovery:discover_packages(recursive) discover
[0.281s] INFO:colcon.colcon_core.package_discovery:Crawling recursively for packages in '/root/workspaces/ros2_ws'
[0.282s] Level 1:colcon.colcon_core.package_identification:_identify(.) by extensions ['ignore', 'ignore_ament_install']
[0.286s] Level 1:colcon.colcon_core.package_identification:_identify(.) by extension 'ignore'
[0.286s] Level 1:colcon.colcon_core.package_identification:_identify(.) by extension 'ignore_ament_install'
[0.287s] Level 1:colcon.colcon_core.package_identification:_identify(.) by extensions ['colcon_pkg']
[0.287s] Level 1:colcon.colcon_core.package_identification:_identify(.) by extension 'colcon_pkg'
[0.287s] Level 1:colcon.colcon_core.package_identification:_identify(.) by extensions ['colcon_meta']
[0.287s] Level 1:colcon.colcon_core.package_identification:_identify(.) by extension 'colcon_meta'
[0.287s] Level 1:colcon.colcon_core.package_identification:_identify(.) by extensions ['ros']
[0.287s] Level 1:colcon.colcon_core.package_identification:_identify(.) by extension 'ros'
[0.325s] Level 1:colcon.colcon_core.package_identification:_identify(.) by extensions ['cmake', 'python']
[0.325s] Level 1:colcon.colcon_core.package_identification:_identify(.) by extension 'cmake'
[0.331s] Level 1:colcon.colcon_core.package_identification:_identify(.) by extension 'python'
[0.336s] Level 1:colcon.colcon_core.package_identification:_identify(.) by extensions ['python_setup_py']
[0.342s] Level 1:colcon.colcon_core.package_identification:_identify(.) by extension 'python_setup_py'
[0.348s] Level 1:colcon.colcon_core.package_identification:_identify(build) by extensions ['ignore', 'ignore_ament_install']
[0.352s] Level 1:colcon.colcon_core.package_identification:_identify(build) by extension 'ignore'
[0.352s] Level 1:colcon.colcon_core.package_identification:_identify(build) ignored
[0.353s] Level 1:colcon.colcon_core.package_identification:_identify(install) by extensions ['ignore', 'ignore_ament_install']
[0.358s] Level 1:colcon.colcon_core.package_identification:_identify(install) by extension 'ignore'
[0.358s] Level 1:colcon.colcon_core.package_identification:_identify(install) ignored
[0.363s] Level 1:colcon.colcon_core.package_identification:_identify(log) by extensions ['ignore', 'ignore_ament_install']
[0.366s] Level 1:colcon.colcon_core.package_identification:_identify(log) by extension 'ignore'
[0.372s] Level 1:colcon.colcon_core.package_identification:_identify(log) ignored
[0.373s] Level 1:colcon.colcon_core.package_identification:_identify(src) by extensions ['ignore', 'ignore_ament_install']
[0.378s] Level 1:colcon.colcon_core.package_identification:_identify(src) by extension 'ignore'
[0.378s] Level 1:colcon.colcon_core.package_identification:_identify(src) by extension 'ignore_ament_install'
[0.384s] Level 1:colcon.colcon_core.package_identification:_identify(src) by extensions ['colcon_pkg']
[0.384s] Level 1:colcon.colcon_core.package_identification:_identify(src) by extension 'colcon_pkg'
[0.384s] Level 1:colcon.colcon_core.package_identification:_identify(src) by extensions ['colcon_meta']
[0.384s] Level 1:colcon.colcon_core.package_identification:_identify(src) by extension 'colcon_meta'
[0.384s] Level 1:colcon.colcon_core.package_identification:_identify(src) by extensions ['ros']
[0.384s] Level 1:colcon.colcon_core.package_identification:_identify(src) by extension 'ros'
[0.384s] Level 1:colcon.colcon_core.package_identification:_identify(src) by extensions ['cmake', 'python']
[0.384s] Level 1:colcon.colcon_core.package_identification:_identify(src) by extension 'cmake'
[0.384s] Level 1:colcon.colcon_core.package_identification:_identify(src) by extension 'python'
[0.384s] Level 1:colcon.colcon_core.package_identification:_identify(src) by extensions ['python_setup_py']
[0.384s] Level 1:colcon.colcon_core.package_identification:_identify(src) by extension 'python_setup_py'
[0.385s] Level 1:colcon.colcon_core.package_identification:_identify(src/task6-amcl-final) by extensions ['ignore', 'ignore_ament_install']
[0.390s] Level 1:colcon.colcon_core.package_identification:_identify(src/task6-amcl-final) by extension 'ignore'
[0.390s] Level 1:colcon.colcon_core.package_identification:_identify(src/task6-amcl-final) by extension 'ignore_ament_install'
[0.390s] Level 1:colcon.colcon_core.package_identification:_identify(src/task6-amcl-final) by extensions ['colcon_pkg']
[0.390s] Level 1:colcon.colcon_core.package_identification:_identify(src/task6-amcl-final) by extension 'colcon_pkg'
[0.390s] Level 1:colcon.colcon_core.package_identification:_identify(src/task6-amcl-final) by extensions ['colcon_meta']
[0.390s] Level 1:colcon.colcon_core.package_identification:_identify(src/task6-amcl-final) by extension 'colcon_meta'
[0.390s] Level 1:colcon.colcon_core.package_identification:_identify(src/task6-amcl-final) by extensions ['ros']
[0.390s] Level 1:colcon.colcon_core.package_identification:_identify(src/task6-amcl-final) by extension 'ros'
[0.390s] Level 1:colcon.colcon_core.package_identification:_identify(src/task6-amcl-final) by extensions ['cmake', 'python']
[0.390s] Level 1:colcon.colcon_core.package_identification:_identify(src/task6-amcl-final) by extension 'cmake'
[0.390s] Level 1:colcon.colcon_core.package_identification:_identify(src/task6-amcl-final) by extension 'python'
[0.390s] Level 1:colcon.colcon_core.package_identification:_identify(src/task6-amcl-final) by extensions ['python_setup_py']
[0.391s] Level 1:colcon.colcon_core.package_identification:_identify(src/task6-amcl-final) by extension 'python_setup_py'
[0.392s] Level 1:colcon.colcon_core.package_identification:_identify(src/task6-amcl-final/my_robot_description) by extensions ['ignore', 'ignore_ament_install']
[0.396s] Level 1:colcon.colcon_core.package_identification:_identify(src/task6-amcl-final/my_robot_description) by extension 'ignore'
[0.396s] Level 1:colcon.colcon_core.package_identification:_identify(src/task6-amcl-final/my_robot_description) by extension 'ignore_ament_install'
[0.397s] Level 1:colcon.colcon_core.package_identification:_identify(src/task6-amcl-final/my_robot_description) by extensions ['colcon_pkg']
[0.397s] Level 1:colcon.colcon_core.package_identification:_identify(src/task6-amcl-final/my_robot_description) by extension 'colcon_pkg'
[0.397s] Level 1:colcon.colcon_core.package_identification:_identify(src/task6-amcl-final/my_robot_description) by extensions ['colcon_meta']
[0.397s] Level 1:colcon.colcon_core.package_identification:_identify(src/task6-amcl-final/my_robot_description) by extension 'colcon_meta'
[0.397s] Level 1:colcon.colcon_core.package_identification:_identify(src/task6-amcl-final/my_robot_description) by extensions ['ros']
[0.397s] Level 1:colcon.colcon_core.package_identification:_identify(src/task6-amcl-final/my_robot_description) by extension 'ros'
[0.404s] DEBUG:colcon.colcon_core.package_identification:Package 'src/task6-amcl-final/my_robot_description' with type 'ros.ament_cmake' and name 'my_robot_description'
[0.405s] Level 1:colcon.colcon_core.package_identification:_identify(src/task6-amcl-final/robot_nav) by extensions ['ignore', 'ignore_ament_install']
[0.409s] Level 1:colcon.colcon_core.package_identification:_identify(src/task6-amcl-final/robot_nav) by extension 'ignore'
[0.409s] Level 1:colcon.colcon_core.package_identification:_identify(src/task6-amcl-final/robot_nav) by extension 'ignore_ament_install'
[0.409s] Level 1:colcon.colcon_core.package_identification:_identify(src/task6-amcl-final/robot_nav) by extensions ['colcon_pkg']
[0.409s] Level 1:colcon.colcon_core.package_identification:_identify(src/task6-amcl-final/robot_nav) by extension 'colcon_pkg'
[0.409s] Level 1:colcon.colcon_core.package_identification:_identify(src/task6-amcl-final/robot_nav) by extensions ['colcon_meta']
[0.409s] Level 1:colcon.colcon_core.package_identification:_identify(src/task6-amcl-final/robot_nav) by extension 'colcon_meta'
[0.409s] Level 1:colcon.colcon_core.package_identification:_identify(src/task6-amcl-final/robot_nav) by extensions ['ros']
[0.409s] Level 1:colcon.colcon_core.package_identification:_identify(src/task6-amcl-final/robot_nav) by extension 'ros'
[0.412s] DEBUG:colcon.colcon_core.package_identification:Package 'src/task6-amcl-final/robot_nav' with type 'ros.ament_cmake' and name 'robot_nav'
[0.419s] Level 1:colcon.colcon_core.package_identification:_identify(src/task6-amcl-final/slam_toolbox_demo) by extensions ['ignore', 'ignore_ament_install']
[0.424s] Level 1:colcon.colcon_core.package_identification:_identify(src/task6-amcl-final/slam_toolbox_demo) by extension 'ignore'
[0.424s] Level 1:colcon.colcon_core.package_identification:_identify(src/task6-amcl-final/slam_toolbox_demo) by extension 'ignore_ament_install'
[0.424s] Level 1:colcon.colcon_core.package_identification:_identify(src/task6-amcl-final/slam_toolbox_demo) by extensions ['colcon_pkg']
[0.424s] Level 1:colcon.colcon_core.package_identification:_identify(src/task6-amcl-final/slam_toolbox_demo) by extension 'colcon_pkg'
[0.424s] Level 1:colcon.colcon_core.package_identification:_identify(src/task6-amcl-final/slam_toolbox_demo) by extensions ['colcon_meta']
[0.424s] Level 1:colcon.colcon_core.package_identification:_identify(src/task6-amcl-final/slam_toolbox_demo) by extension 'colcon_meta'
[0.424s] Level 1:colcon.colcon_core.package_identification:_identify(src/task6-amcl-final/slam_toolbox_demo) by extensions ['ros']
[0.425s] Level 1:colcon.colcon_core.package_identification:_identify(src/task6-amcl-final/slam_toolbox_demo) by extension 'ros'
[0.427s] DEBUG:colcon.colcon_core.package_identification:Package 'src/task6-amcl-final/slam_toolbox_demo' with type 'ros.ament_cmake' and name 'slam_toolbox_demo'
[0.431s] Level 1:colcon.colcon_core.package_discovery:discover_packages(recursive) using defaults
[0.431s] Level 1:colcon.colcon_core.package_discovery:discover_packages(ignore) discover
[0.431s] Level 1:colcon.colcon_core.package_discovery:discover_packages(ignore) using defaults
[0.431s] Level 1:colcon.colcon_core.package_discovery:discover_packages(path) discover
[0.431s] Level 1:colcon.colcon_core.package_discovery:discover_packages(path) using defaults
[0.459s] Level 1:colcon.colcon_core.package_discovery:discover_packages(prefix_path) check parameters
[0.459s] Level 1:colcon.colcon_core.package_discovery:discover_packages(prefix_path) discover
[0.487s] DEBUG:colcon.colcon_installed_package_information.package_discovery:Found 3 installed packages in /root/workspaces/ros2_ws/install
[0.496s] DEBUG:colcon.colcon_installed_package_information.package_discovery:Found 3 installed packages in /root/workspaces/turtlebot_ws/install
[0.499s] DEBUG:colcon.colcon_installed_package_information.package_discovery:Found 453 installed packages in /opt/ros/jazzy
[0.506s] Level 1:colcon.colcon_core.package_discovery:discover_packages(prefix_path) using defaults
[0.644s] Level 5:colcon.colcon_core.verb:set package 'my_robot_description' build argument 'cmake_args' from command line to 'None'
[0.645s] Level 5:colcon.colcon_core.verb:set package 'my_robot_description' build argument 'cmake_target' from command line to 'None'
[0.654s] Level 5:colcon.colcon_core.verb:set package 'my_robot_description' build argument 'cmake_target_skip_unavailable' from command line to 'False'
[0.659s] Level 5:colcon.colcon_core.verb:set package 'my_robot_description' build argument 'cmake_clean_cache' from command line to 'False'
[0.659s] Level 5:colcon.colcon_core.verb:set package 'my_robot_description' build argument 'cmake_clean_first' from command line to 'False'
[0.659s] Level 5:colcon.colcon_core.verb:set package 'my_robot_description' build argument 'cmake_force_configure' from command line to 'False'
[0.659s] Level 5:colcon.colcon_core.verb:set package 'my_robot_description' build argument 'ament_cmake_args' from command line to 'None'
[0.659s] Level 5:colcon.colcon_core.verb:set package 'my_robot_description' build argument 'catkin_cmake_args' from command line to 'None'
[0.659s] Level 5:colcon.colcon_core.verb:set package 'my_robot_description' build argument 'catkin_skip_building_tests' from command line to 'False'
[0.659s] DEBUG:colcon.colcon_core.verb:Building package 'my_robot_description' with the following arguments: {'ament_cmake_args': None, 'build_base': '/root/workspaces/ros2_ws/build/my_robot_description', 'catkin_cmake_args': None, 'catkin_skip_building_tests': False, 'cmake_args': None, 'cmake_clean_cache': False, 'cmake_clean_first': False, 'cmake_force_configure': False, 'cmake_target': None, 'cmake_target_skip_unavailable': False, 'install_base': '/root/workspaces/ros2_ws/install/my_robot_description', 'merge_install': False, 'path': '/root/workspaces/ros2_ws/src/task6-amcl-final/my_robot_description', 'symlink_install': False, 'test_result_base': None}
[0.659s] Level 5:colcon.colcon_core.verb:set package 'robot_nav' build argument 'cmake_args' from command line to 'None'
[0.659s] Level 5:colcon.colcon_core.verb:set package 'robot_nav' build argument 'cmake_target' from command line to 'None'
[0.659s] Level 5:colcon.colcon_core.verb:set package 'robot_nav' build argument 'cmake_target_skip_unavailable' from command line to 'False'
[0.659s] Level 5:colcon.colcon_core.verb:set package 'robot_nav' build argument 'cmake_clean_cache' from command line to 'False'
[0.659s] Level 5:colcon.colcon_core.verb:set package 'robot_nav' build argument 'cmake_clean_first' from command line to 'False'
[0.659s] Level 5:colcon.colcon_core.verb:set package 'robot_nav' build argument 'cmake_force_configure' from command line to 'False'
[0.659s] Level 5:colcon.colcon_core.verb:set package 'robot_nav' build argument 'ament_cmake_args' from command line to 'None'
[0.659s] Level 5:colcon.colcon_core.verb:set package 'robot_nav' build argument 'catkin_cmake_args' from command line to 'None'
[0.660s] Level 5:colcon.colcon_core.verb:set package 'robot_nav' build argument 'catkin_skip_building_tests' from command line to 'False'
[0.660s] DEBUG:colcon.colcon_core.verb:Building package 'robot_nav' with the following arguments: {'ament_cmake_args': None, 'build_base': '/root/workspaces/ros2_ws/build/robot_nav', 'catkin_cmake_args': None, 'catkin_skip_building_tests': False, 'cmake_args': None, 'cmake_clean_cache': False, 'cmake_clean_first': False, 'cmake_force_configure': False, 'cmake_target': None, 'cmake_target_skip_unavailable': False, 'install_base': '/root/workspaces/ros2_ws/install/robot_nav', 'merge_install': False, 'path': '/root/workspaces/ros2_ws/src/task6-amcl-final/robot_nav', 'symlink_install': False, 'test_result_base': None}
[0.660s] Level 5:colcon.colcon_core.verb:set package 'slam_toolbox_demo' build argument 'cmake_args' from command line to 'None'
[0.660s] Level 5:colcon.colcon_core.verb:set package 'slam_toolbox_demo' build argument 'cmake_target' from command line to 'None'
[0.660s] Level 5:colcon.colcon_core.verb:set package 'slam_toolbox_demo' build argument 'cmake_target_skip_unavailable' from command line to 'False'
[0.660s] Level 5:colcon.colcon_core.verb:set package 'slam_toolbox_demo' build argument 'cmake_clean_cache' from command line to 'False'
[0.660s] Level 5:colcon.colcon_core.verb:set package 'slam_toolbox_demo' build argument 'cmake_clean_first' from command line to 'False'
[0.660s] Level 5:colcon.colcon_core.verb:set package 'slam_toolbox_demo' build argument 'cmake_force_configure' from command line to 'False'
[0.660s] Level 5:colcon.colcon_core.verb:set package 'slam_toolbox_demo' build argument 'ament_cmake_args' from command line to 'None'
[0.660s] Level 5:colcon.colcon_core.verb:set package 'slam_toolbox_demo' build argument 'catkin_cmake_args' from command line to 'None'
[0.660s] Level 5:colcon.colcon_core.verb:set package 'slam_toolbox_demo' build argument 'catkin_skip_building_tests' from command line to 'False'
[0.660s] DEBUG:colcon.colcon_core.verb:Building package 'slam_toolbox_demo' with the following arguments: {'ament_cmake_args': None, 'build_base': '/root/workspaces/ros2_ws/build/slam_toolbox_demo', 'catkin_cmake_args': None, 'catkin_skip_building_tests': False, 'cmake_args': None, 'cmake_clean_cache': False, 'cmake_clean_first': False, 'cmake_force_configure': False, 'cmake_target': None, 'cmake_target_skip_unavailable': False, 'install_base': '/root/workspaces/ros2_ws/install/slam_toolbox_demo', 'merge_install': False, 'path': '/root/workspaces/ros2_ws/src/task6-amcl-final/slam_toolbox_demo', 'symlink_install': False, 'test_result_base': None}
[0.661s] INFO:colcon.colcon_core.executor:Executing jobs using 'parallel' executor
[0.662s] DEBUG:colcon.colcon_parallel_executor.executor.parallel:run_until_complete
[0.669s] INFO:colcon.colcon_ros.task.ament_cmake.build:Building ROS package in '/root/workspaces/ros2_ws/src/task6-amcl-final/my_robot_description' with build type 'ament_cmake'
[0.673s] INFO:colcon.colcon_cmake.task.cmake.build:Building CMake package in '/root/workspaces/ros2_ws/src/task6-amcl-final/my_robot_description'
[0.676s] INFO:colcon.colcon_core.plugin_system:Skipping extension 'colcon_core.shell.bat': Not used on non-Windows systems
[0.676s] INFO:colcon.colcon_core.shell:Skip shell extension 'powershell' for command environment: Not usable outside of PowerShell
[0.676s] DEBUG:colcon.colcon_core.shell:Skip shell extension 'dsv' for command environment
[0.728s] INFO:colcon.colcon_ros.task.ament_cmake.build:Building ROS package in '/root/workspaces/ros2_ws/src/task6-amcl-final/robot_nav' with build type 'ament_cmake'
[0.728s] INFO:colcon.colcon_cmake.task.cmake.build:Building CMake package in '/root/workspaces/ros2_ws/src/task6-amcl-final/robot_nav'
[0.728s] INFO:colcon.colcon_core.shell:Skip shell extension 'powershell' for command environment: Not usable outside of PowerShell
[0.728s] DEBUG:colcon.colcon_core.shell:Skip shell extension 'dsv' for command environment
[0.785s] INFO:colcon.colcon_ros.task.ament_cmake.build:Building ROS package in '/root/workspaces/ros2_ws/src/task6-amcl-final/slam_toolbox_demo' with build type 'ament_cmake'
[0.786s] INFO:colcon.colcon_cmake.task.cmake.build:Building CMake package in '/root/workspaces/ros2_ws/src/task6-amcl-final/slam_toolbox_demo'
[0.786s] INFO:colcon.colcon_core.shell:Skip shell extension 'powershell' for command environment: Not usable outside of PowerShell
[0.786s] DEBUG:colcon.colcon_core.shell:Skip shell extension 'dsv' for command environment
[0.948s] DEBUG:colcon.colcon_core.event_handler.log_command:Invoking command in '/root/workspaces/ros2_ws/build/my_robot_description': CMAKE_PREFIX_PATH=${CMAKE_PREFIX_PATH}:/opt/ros/jazzy /usr/bin/cmake --build /root/workspaces/ros2_ws/build/my_robot_description -- -j4 -l4
[1.006s] DEBUG:colcon.colcon_core.event_handler.log_command:Invoking command in '/root/workspaces/ros2_ws/build/robot_nav': CMAKE_PREFIX_PATH=${CMAKE_PREFIX_PATH}:/opt/ros/jazzy /usr/bin/cmake --build /root/workspaces/ros2_ws/build/robot_nav -- -j4 -l4
[1.074s] DEBUG:colcon.colcon_core.event_handler.log_command:Invoking command in '/root/workspaces/ros2_ws/build/slam_toolbox_demo': CMAKE_PREFIX_PATH=${CMAKE_PREFIX_PATH}:/opt/ros/jazzy /usr/bin/cmake --build /root/workspaces/ros2_ws/build/slam_toolbox_demo -- -j4 -l4
[1.077s] DEBUG:colcon.colcon_core.event_handler.log_command:Invoked command in '/root/workspaces/ros2_ws/build/my_robot_description' returned '0': CMAKE_PREFIX_PATH=${CMAKE_PREFIX_PATH}:/opt/ros/jazzy /usr/bin/cmake --build /root/workspaces/ros2_ws/build/my_robot_description -- -j4 -l4
[1.126s] DEBUG:colcon.colcon_core.event_handler.log_command:Invoking command in '/root/workspaces/ros2_ws/build/my_robot_description': CMAKE_PREFIX_PATH=${CMAKE_PREFIX_PATH}:/opt/ros/jazzy /usr/bin/cmake --install /root/workspaces/ros2_ws/build/my_robot_description
[1.141s] DEBUG:colcon.colcon_core.event_handler.log_command:Invoked command in '/root/workspaces/ros2_ws/build/robot_nav' returned '0': CMAKE_PREFIX_PATH=${CMAKE_PREFIX_PATH}:/opt/ros/jazzy /usr/bin/cmake --build /root/workspaces/ros2_ws/build/robot_nav -- -j4 -l4
[1.158s] DEBUG:colcon.colcon_core.event_handler.log_command:Invoking command in '/root/workspaces/ros2_ws/build/robot_nav': CMAKE_PREFIX_PATH=${CMAKE_PREFIX_PATH}:/opt/ros/jazzy /usr/bin/cmake --install /root/workspaces/ros2_ws/build/robot_nav
[1.242s] DEBUG:colcon.colcon_core.event_handler.log_command:Invoked command in '/root/workspaces/ros2_ws/build/slam_toolbox_demo' returned '0': CMAKE_PREFIX_PATH=${CMAKE_PREFIX_PATH}:/opt/ros/jazzy /usr/bin/cmake --build /root/workspaces/ros2_ws/build/slam_toolbox_demo -- -j4 -l4
[1.263s] DEBUG:colcon.colcon_core.event_handler.log_command:Invoking command in '/root/workspaces/ros2_ws/build/slam_toolbox_demo': CMAKE_PREFIX_PATH=${CMAKE_PREFIX_PATH}:/opt/ros/jazzy /usr/bin/cmake --install /root/workspaces/ros2_ws/build/slam_toolbox_demo
[1.446s] Level 1:colcon.colcon_core.environment:create_environment_scripts_only(my_robot_description)
[1.449s] Level 1:colcon.colcon_core.environment:checking '/root/workspaces/ros2_ws/install/my_robot_description' for CMake module files
[1.453s] DEBUG:colcon.colcon_core.event_handler.log_command:Invoked command in '/root/workspaces/ros2_ws/build/my_robot_description' returned '0': CMAKE_PREFIX_PATH=${CMAKE_PREFIX_PATH}:/opt/ros/jazzy /usr/bin/cmake --install /root/workspaces/ros2_ws/build/my_robot_description
[1.456s] Level 1:colcon.colcon_core.environment:checking '/root/workspaces/ros2_ws/install/my_robot_description' for CMake config files
[1.469s] Level 1:colcon.colcon_core.shell:create_environment_hook('my_robot_description', 'cmake_prefix_path')
[1.470s] INFO:colcon.colcon_core.shell:Creating environment hook '/root/workspaces/ros2_ws/install/my_robot_description/share/my_robot_description/hook/cmake_prefix_path.ps1'
[1.488s] INFO:colcon.colcon_core.shell:Creating environment descriptor '/root/workspaces/ros2_ws/install/my_robot_description/share/my_robot_description/hook/cmake_prefix_path.dsv'
[1.507s] INFO:colcon.colcon_core.shell:Creating environment hook '/root/workspaces/ros2_ws/install/my_robot_description/share/my_robot_description/hook/cmake_prefix_path.sh'
[1.526s] Level 1:colcon.colcon_core.environment:checking '/root/workspaces/ros2_ws/install/my_robot_description/bin'
[1.527s] Level 1:colcon.colcon_core.environment:checking '/root/workspaces/ros2_ws/install/my_robot_description/lib/pkgconfig/my_robot_description.pc'
[1.527s] Level 1:colcon.colcon_core.environment:checking '/root/workspaces/ros2_ws/install/my_robot_description/lib/python3.12/site-packages'
[1.527s] Level 1:colcon.colcon_core.environment:checking '/root/workspaces/ros2_ws/install/my_robot_description/bin'
[1.529s] INFO:colcon.colcon_core.shell:Creating package script '/root/workspaces/ros2_ws/install/my_robot_description/share/my_robot_description/package.ps1'
[1.548s] INFO:colcon.colcon_core.shell:Creating package descriptor '/root/workspaces/ros2_ws/install/my_robot_description/share/my_robot_description/package.dsv'
[1.568s] INFO:colcon.colcon_core.shell:Creating package script '/root/workspaces/ros2_ws/install/my_robot_description/share/my_robot_description/package.sh'
[1.600s] INFO:colcon.colcon_core.shell:Creating package script '/root/workspaces/ros2_ws/install/my_robot_description/share/my_robot_description/package.bash'
[1.620s] INFO:colcon.colcon_core.shell:Creating package script '/root/workspaces/ros2_ws/install/my_robot_description/share/my_robot_description/package.zsh'
[1.637s] Level 1:colcon.colcon_core.environment:create_file_with_runtime_dependencies(/root/workspaces/ros2_ws/install/my_robot_description/share/colcon-core/packages/my_robot_description)
[1.661s] Level 1:colcon.colcon_core.environment:create_environment_scripts_only(my_robot_description)
[1.662s] Level 1:colcon.colcon_core.environment:checking '/root/workspaces/ros2_ws/install/my_robot_description' for CMake module files
[1.666s] Level 1:colcon.colcon_core.environment:checking '/root/workspaces/ros2_ws/install/my_robot_description' for CMake config files
[1.678s] Level 1:colcon.colcon_core.shell:create_environment_hook('my_robot_description', 'cmake_prefix_path')
[1.679s] INFO:colcon.colcon_core.shell:Creating environment hook '/root/workspaces/ros2_ws/install/my_robot_description/share/my_robot_description/hook/cmake_prefix_path.ps1'
[1.700s] INFO:colcon.colcon_core.shell:Creating environment descriptor '/root/workspaces/ros2_ws/install/my_robot_description/share/my_robot_description/hook/cmake_prefix_path.dsv'
[1.718s] INFO:colcon.colcon_core.shell:Creating environment hook '/root/workspaces/ros2_ws/install/my_robot_description/share/my_robot_description/hook/cmake_prefix_path.sh'
[1.740s] Level 1:colcon.colcon_core.environment:checking '/root/workspaces/ros2_ws/install/my_robot_description/bin'
[1.740s] Level 1:colcon.colcon_core.environment:checking '/root/workspaces/ros2_ws/install/my_robot_description/lib/pkgconfig/my_robot_description.pc'
[1.745s] Level 1:colcon.colcon_core.environment:checking '/root/workspaces/ros2_ws/install/my_robot_description/lib/python3.12/site-packages'
[1.745s] Level 1:colcon.colcon_core.environment:checking '/root/workspaces/ros2_ws/install/my_robot_description/bin'
[1.746s] INFO:colcon.colcon_core.shell:Creating package script '/root/workspaces/ros2_ws/install/my_robot_description/share/my_robot_description/package.ps1'
[1.763s] INFO:colcon.colcon_core.shell:Creating package descriptor '/root/workspaces/ros2_ws/install/my_robot_description/share/my_robot_description/package.dsv'
[1.780s] INFO:colcon.colcon_core.shell:Creating package script '/root/workspaces/ros2_ws/install/my_robot_description/share/my_robot_description/package.sh'
[1.798s] INFO:colcon.colcon_core.shell:Creating package script '/root/workspaces/ros2_ws/install/my_robot_description/share/my_robot_description/package.bash'
[1.816s] INFO:colcon.colcon_core.shell:Creating package script '/root/workspaces/ros2_ws/install/my_robot_description/share/my_robot_description/package.zsh'
[1.836s] Level 1:colcon.colcon_core.environment:create_file_with_runtime_dependencies(/root/workspaces/ros2_ws/install/my_robot_description/share/colcon-core/packages/my_robot_description)
[1.855s] Level 1:colcon.colcon_core.environment:create_environment_scripts_only(slam_toolbox_demo)
[1.856s] Level 1:colcon.colcon_core.environment:checking '/root/workspaces/ros2_ws/install/slam_toolbox_demo' for CMake module files
[1.862s] Level 1:colcon.colcon_core.environment:checking '/root/workspaces/ros2_ws/install/slam_toolbox_demo' for CMake config files
[1.877s] DEBUG:colcon.colcon_core.event_handler.log_command:Invoked command in '/root/workspaces/ros2_ws/build/slam_toolbox_demo' returned '0': CMAKE_PREFIX_PATH=${CMAKE_PREFIX_PATH}:/opt/ros/jazzy /usr/bin/cmake --install /root/workspaces/ros2_ws/build/slam_toolbox_demo
[1.887s] Level 1:colcon.colcon_core.shell:create_environment_hook('slam_toolbox_demo', 'cmake_prefix_path')
[1.887s] INFO:colcon.colcon_core.shell:Creating environment hook '/root/workspaces/ros2_ws/install/slam_toolbox_demo/share/slam_toolbox_demo/hook/cmake_prefix_path.ps1'
[1.904s] INFO:colcon.colcon_core.shell:Creating environment descriptor '/root/workspaces/ros2_ws/install/slam_toolbox_demo/share/slam_toolbox_demo/hook/cmake_prefix_path.dsv'
[1.921s] INFO:colcon.colcon_core.shell:Creating environment hook '/root/workspaces/ros2_ws/install/slam_toolbox_demo/share/slam_toolbox_demo/hook/cmake_prefix_path.sh'
[1.939s] Level 1:colcon.colcon_core.environment:checking '/root/workspaces/ros2_ws/install/slam_toolbox_demo/bin'
[1.939s] Level 1:colcon.colcon_core.environment:checking '/root/workspaces/ros2_ws/install/slam_toolbox_demo/lib/pkgconfig/slam_toolbox_demo.pc'
[1.939s] Level 1:colcon.colcon_core.environment:checking '/root/workspaces/ros2_ws/install/slam_toolbox_demo/lib/python3.12/site-packages'
[1.945s] Level 1:colcon.colcon_core.environment:checking '/root/workspaces/ros2_ws/install/slam_toolbox_demo/bin'
[1.946s] INFO:colcon.colcon_core.shell:Creating package script '/root/workspaces/ros2_ws/install/slam_toolbox_demo/share/slam_toolbox_demo/package.ps1'
[1.968s] INFO:colcon.colcon_core.shell:Creating package descriptor '/root/workspaces/ros2_ws/install/slam_toolbox_demo/share/slam_toolbox_demo/package.dsv'
[1.986s] INFO:colcon.colcon_core.shell:Creating package script '/root/workspaces/ros2_ws/install/slam_toolbox_demo/share/slam_toolbox_demo/package.sh'
[2.003s] INFO:colcon.colcon_core.shell:Creating package script '/root/workspaces/ros2_ws/install/slam_toolbox_demo/share/slam_toolbox_demo/package.bash'
[2.018s] INFO:colcon.colcon_core.shell:Creating package script '/root/workspaces/ros2_ws/install/slam_toolbox_demo/share/slam_toolbox_demo/package.zsh'
[2.036s] Level 1:colcon.colcon_core.environment:create_file_with_runtime_dependencies(/root/workspaces/ros2_ws/install/slam_toolbox_demo/share/colcon-core/packages/slam_toolbox_demo)
[2.045s] Level 1:colcon.colcon_core.environment:create_environment_scripts_only(slam_toolbox_demo)
[2.045s] Level 1:colcon.colcon_core.environment:checking '/root/workspaces/ros2_ws/install/slam_toolbox_demo' for CMake module files
[2.049s] Level 1:colcon.colcon_core.environment:checking '/root/workspaces/ros2_ws/install/slam_toolbox_demo' for CMake config files
[2.063s] Level 1:colcon.colcon_core.shell:create_environment_hook('slam_toolbox_demo', 'cmake_prefix_path')
[2.063s] INFO:colcon.colcon_core.shell:Creating environment hook '/root/workspaces/ros2_ws/install/slam_toolbox_demo/share/slam_toolbox_demo/hook/cmake_prefix_path.ps1'
[2.079s] INFO:colcon.colcon_core.shell:Creating environment descriptor '/root/workspaces/ros2_ws/install/slam_toolbox_demo/share/slam_toolbox_demo/hook/cmake_prefix_path.dsv'
[2.095s] INFO:colcon.colcon_core.shell:Creating environment hook '/root/workspaces/ros2_ws/install/slam_toolbox_demo/share/slam_toolbox_demo/hook/cmake_prefix_path.sh'
[2.116s] Level 1:colcon.colcon_core.environment:checking '/root/workspaces/ros2_ws/install/slam_toolbox_demo/bin'
[2.116s] Level 1:colcon.colcon_core.environment:checking '/root/workspaces/ros2_ws/install/slam_toolbox_demo/lib/pkgconfig/slam_toolbox_demo.pc'
[2.121s] Level 1:colcon.colcon_core.environment:checking '/root/workspaces/ros2_ws/install/slam_toolbox_demo/lib/python3.12/site-packages'
[2.122s] Level 1:colcon.colcon_core.environment:checking '/root/workspaces/ros2_ws/install/slam_toolbox_demo/bin'
[2.128s] INFO:colcon.colcon_core.shell:Creating package script '/root/workspaces/ros2_ws/install/slam_toolbox_demo/share/slam_toolbox_demo/package.ps1'
[2.149s] INFO:colcon.colcon_core.shell:Creating package descriptor '/root/workspaces/ros2_ws/install/slam_toolbox_demo/share/slam_toolbox_demo/package.dsv'
[2.169s] INFO:colcon.colcon_core.shell:Creating package script '/root/workspaces/ros2_ws/install/slam_toolbox_demo/share/slam_toolbox_demo/package.sh'
[2.189s] INFO:colcon.colcon_core.shell:Creating package script '/root/workspaces/ros2_ws/install/slam_toolbox_demo/share/slam_toolbox_demo/package.bash'
[2.208s] INFO:colcon.colcon_core.shell:Creating package script '/root/workspaces/ros2_ws/install/slam_toolbox_demo/share/slam_toolbox_demo/package.zsh'
[2.240s] Level 1:colcon.colcon_core.environment:create_file_with_runtime_dependencies(/root/workspaces/ros2_ws/install/slam_toolbox_demo/share/colcon-core/packages/slam_toolbox_demo)
[2.258s] Level 1:colcon.colcon_core.environment:create_environment_scripts_only(robot_nav)
[2.258s] Level 1:colcon.colcon_core.environment:checking '/root/workspaces/ros2_ws/install/robot_nav' for CMake module files
[2.266s] Level 1:colcon.colcon_core.environment:checking '/root/workspaces/ros2_ws/install/robot_nav' for CMake config files
[2.278s] DEBUG:colcon.colcon_core.event_handler.log_command:Invoked command in '/root/workspaces/ros2_ws/build/robot_nav' returned '0': CMAKE_PREFIX_PATH=${CMAKE_PREFIX_PATH}:/opt/ros/jazzy /usr/bin/cmake --install /root/workspaces/ros2_ws/build/robot_nav
[2.288s] Level 1:colcon.colcon_core.shell:create_environment_hook('robot_nav', 'cmake_prefix_path')
[2.289s] INFO:colcon.colcon_core.shell:Creating environment hook '/root/workspaces/ros2_ws/install/robot_nav/share/robot_nav/hook/cmake_prefix_path.ps1'
[2.305s] INFO:colcon.colcon_core.shell:Creating environment descriptor '/root/workspaces/ros2_ws/install/robot_nav/share/robot_nav/hook/cmake_prefix_path.dsv'
[2.321s] INFO:colcon.colcon_core.shell:Creating environment hook '/root/workspaces/ros2_ws/install/robot_nav/share/robot_nav/hook/cmake_prefix_path.sh'
[2.339s] Level 1:colcon.colcon_core.environment:checking '/root/workspaces/ros2_ws/install/robot_nav/bin'
[2.340s] Level 1:colcon.colcon_core.environment:checking '/root/workspaces/ros2_ws/install/robot_nav/lib/pkgconfig/robot_nav.pc'
[2.346s] Level 1:colcon.colcon_core.environment:checking '/root/workspaces/ros2_ws/install/robot_nav/lib/python3.12/site-packages'
[2.351s] Level 1:colcon.colcon_core.environment:checking '/root/workspaces/ros2_ws/install/robot_nav/bin'
[2.351s] INFO:colcon.colcon_core.shell:Creating package script '/root/workspaces/ros2_ws/install/robot_nav/share/robot_nav/package.ps1'
[2.369s] INFO:colcon.colcon_core.shell:Creating package descriptor '/root/workspaces/ros2_ws/install/robot_nav/share/robot_nav/package.dsv'
[2.387s] INFO:colcon.colcon_core.shell:Creating package script '/root/workspaces/ros2_ws/install/robot_nav/share/robot_nav/package.sh'
[2.403s] INFO:colcon.colcon_core.shell:Creating package script '/root/workspaces/ros2_ws/install/robot_nav/share/robot_nav/package.bash'
[2.421s] INFO:colcon.colcon_core.shell:Creating package script '/root/workspaces/ros2_ws/install/robot_nav/share/robot_nav/package.zsh'
[2.437s] Level 1:colcon.colcon_core.environment:create_file_with_runtime_dependencies(/root/workspaces/ros2_ws/install/robot_nav/share/colcon-core/packages/robot_nav)
[2.446s] Level 1:colcon.colcon_core.environment:create_environment_scripts_only(robot_nav)
[2.446s] Level 1:colcon.colcon_core.environment:checking '/root/workspaces/ros2_ws/install/robot_nav' for CMake module files
[2.456s] Level 1:colcon.colcon_core.environment:checking '/root/workspaces/ros2_ws/install/robot_nav' for CMake config files
[2.470s] Level 1:colcon.colcon_core.shell:create_environment_hook('robot_nav', 'cmake_prefix_path')
[2.470s] INFO:colcon.colcon_core.shell:Creating environment hook '/root/workspaces/ros2_ws/install/robot_nav/share/robot_nav/hook/cmake_prefix_path.ps1'
[2.488s] INFO:colcon.colcon_core.shell:Creating environment descriptor '/root/workspaces/ros2_ws/install/robot_nav/share/robot_nav/hook/cmake_prefix_path.dsv'
[2.507s] INFO:colcon.colcon_core.shell:Creating environment hook '/root/workspaces/ros2_ws/install/robot_nav/share/robot_nav/hook/cmake_prefix_path.sh'
[2.524s] Level 1:colcon.colcon_core.environment:checking '/root/workspaces/ros2_ws/install/robot_nav/bin'
[2.524s] Level 1:colcon.colcon_core.environment:checking '/root/workspaces/ros2_ws/install/robot_nav/lib/pkgconfig/robot_nav.pc'
[2.525s] Level 1:colcon.colcon_core.environment:checking '/root/workspaces/ros2_ws/install/robot_nav/lib/python3.12/site-packages'
[2.525s] Level 1:colcon.colcon_core.environment:checking '/root/workspaces/ros2_ws/install/robot_nav/bin'
[2.530s] INFO:colcon.colcon_core.shell:Creating package script '/root/workspaces/ros2_ws/install/robot_nav/share/robot_nav/package.ps1'
[2.555s] INFO:colcon.colcon_core.shell:Creating package descriptor '/root/workspaces/ros2_ws/install/robot_nav/share/robot_nav/package.dsv'
[2.578s] INFO:colcon.colcon_core.shell:Creating package script '/root/workspaces/ros2_ws/install/robot_nav/share/robot_nav/package.sh'
[2.596s] INFO:colcon.colcon_core.shell:Creating package script '/root/workspaces/ros2_ws/install/robot_nav/share/robot_nav/package.bash'
[2.613s] INFO:colcon.colcon_core.shell:Creating package script '/root/workspaces/ros2_ws/install/robot_nav/share/robot_nav/package.zsh'
[2.632s] Level 1:colcon.colcon_core.environment:create_file_with_runtime_dependencies(/root/workspaces/ros2_ws/install/robot_nav/share/colcon-core/packages/robot_nav)
[2.637s] DEBUG:colcon.colcon_parallel_executor.executor.parallel:closing loop
[2.638s] DEBUG:colcon.colcon_parallel_executor.executor.parallel:loop closed
[2.638s] DEBUG:colcon.colcon_parallel_executor.executor.parallel:run_until_complete finished with '0'
[2.638s] DEBUG:colcon.colcon_core.event_reactor:joining thread
[2.678s] INFO:colcon.colcon_core.plugin_system:Skipping extension 'colcon_notification.desktop_notification.notify_send': Could not find 'notify-send'
[2.679s] INFO:colcon.colcon_core.plugin_system:Skipping extension 'colcon_notification.desktop_notification.terminal_notifier': Not used on non-Darwin systems
[2.684s] INFO:colcon.colcon_core.plugin_system:Skipping extension 'colcon_notification.desktop_notification.win32': Not used on non-Windows systems
[2.684s] INFO:colcon.colcon_notification.desktop_notification:Sending desktop notification using 'notify2'
[2.693s] DEBUG:colcon.colcon_notification.desktop_notification.notify2:Failed to initialize notify2: org.freedesktop.DBus.Error.Spawn.ExecFailed: /usr/bin/dbus-launch terminated abnormally without any error message
[2.693s] DEBUG:colcon.colcon_core.event_reactor:joined thread
[2.699s] INFO:colcon.colcon_core.shell:Creating prefix script '/root/workspaces/ros2_ws/install/local_setup.ps1'
[2.717s] INFO:colcon.colcon_core.shell:Creating prefix util module '/root/workspaces/ros2_ws/install/_local_setup_util_ps1.py'
[2.740s] INFO:colcon.colcon_core.shell:Creating prefix chain script '/root/workspaces/ros2_ws/install/setup.ps1'
[2.774s] INFO:colcon.colcon_core.shell:Creating prefix script '/root/workspaces/ros2_ws/install/local_setup.sh'
[2.799s] INFO:colcon.colcon_core.shell:Creating prefix util module '/root/workspaces/ros2_ws/install/_local_setup_util_sh.py'
[2.823s] INFO:colcon.colcon_core.shell:Creating prefix chain script '/root/workspaces/ros2_ws/install/setup.sh'
[2.859s] INFO:colcon.colcon_core.shell:Creating prefix script '/root/workspaces/ros2_ws/install/local_setup.bash'
[2.875s] INFO:colcon.colcon_core.shell:Creating prefix chain script '/root/workspaces/ros2_ws/install/setup.bash'
[2.914s] INFO:colcon.colcon_core.shell:Creating prefix script '/root/workspaces/ros2_ws/install/local_setup.zsh'
[2.934s] INFO:colcon.colcon_core.shell:Creating prefix chain script '/root/workspaces/ros2_ws/install/setup.zsh'
